# JRE version: Java(TM) SE Runtime Environment (8.0_131-b11) (build 1.8.0_131-b11)
# Java VM: Java HotSpot(TM) 64-Bit Server VM (25.131-b11 mixed mode linux-amd64 compressed oops)
Heap:
 PSYoungGen      total 132096K, used 50372K [0x00000000d7100000, 0x00000000e2e80000, 0x0000000100000000)
  eden space 126976K, 39% used [0x00000000d7100000,0x00000000da231378,0x00000000ded00000)
  from space 5120K, 0% used [0x00000000ded00000,0x00000000ded00000,0x00000000df200000)
  to   space 11776K, 0% used [0x00000000e2300000,0x00000000e2300000,0x00000000e2e80000)
 ParOldGen       total 69632K, used 9211K [0x0000000085200000, 0x0000000089600000, 0x00000000d7100000)
  object space 69632K, 13% used [0x0000000085200000,0x0000000085afee30,0x0000000089600000)
 Metaspace       used 39104K, capacity 40480K, committed 40536K, reserved 1083392K
  class space    used 5402K, capacity 5669K, committed 5720K, reserved 1048576K
GC Heap History (10 events):
Event: 1,041 GC heap before
{Heap before GC invocations=3 (full 0):
 PSYoungGen      total 68608K, used 25298K [0x00000000d7100000, 0x00000000db900000, 0x0000000100000000)
  eden space 63488K, 31% used [0x00000000d7100000,0x00000000d84b67e0,0x00000000daf00000)
  from space 5120K, 99% used [0x00000000db400000,0x00000000db8fe0a0,0x00000000db900000)
  to   space 5120K, 0% used [0x00000000daf00000,0x00000000daf00000,0x00000000db400000)
 ParOldGen       total 84992K, used 1560K [0x0000000085200000, 0x000000008a500000, 0x00000000d7100000)
  object space 84992K, 1% used [0x0000000085200000,0x0000000085386260,0x000000008a500000)
 Metaspace       used 20661K, capacity 21068K, committed 21248K, reserved 1067008K
  class space    used 2616K, capacity 2743K, committed 2816K, reserved 1048576K
Event: 1,051 GC heap after
Heap after GC invocations=3 (full 0):
 PSYoungGen      total 68608K, used 5110K [0x00000000d7100000, 0x00000000df700000, 0x0000000100000000)
  eden space 63488K, 0% used [0x00000000d7100000,0x00000000d7100000,0x00000000daf00000)
  from space 5120K, 99% used [0x00000000daf00000,0x00000000db3fda30,0x00000000db400000)
  to   space 5120K, 0% used [0x00000000df200000,0x00000000df200000,0x00000000df700000)
 ParOldGen       total 84992K, used 4384K [0x0000000085200000, 0x000000008a500000, 0x00000000d7100000)
  object space 84992K, 5% used [0x0000000085200000,0x00000000856483c8,0x000000008a500000)
 Metaspace       used 20661K, capacity 21068K, committed 21248K, reserved 1067008K
  class space    used 2616K, capacity 2743K, committed 2816K, reserved 1048576K
}
Event: 1,051 GC heap before
{Heap before GC invocations=4 (full 1):
 PSYoungGen      total 68608K, used 5110K [0x00000000d7100000, 0x00000000df700000, 0x0000000100000000)
  eden space 63488K, 0% used [0x00000000d7100000,0x00000000d7100000,0x00000000daf00000)
  from space 5120K, 99% used [0x00000000daf00000,0x00000000db3fda30,0x00000000db400000)
  to   space 5120K, 0% used [0x00000000df200000,0x00000000df200000,0x00000000df700000)
 ParOldGen       total 84992K, used 4384K [0x0000000085200000, 0x000000008a500000, 0x00000000d7100000)
  object space 84992K, 5% used [0x0000000085200000,0x00000000856483c8,0x000000008a500000)
 Metaspace       used 20661K, capacity 21068K, committed 21248K, reserved 1067008K
  class space    used 2616K, capacity 2743K, committed 2816K, reserved 1048576K
Event: 1,074 GC heap after
Heap after GC invocations=4 (full 1):
 PSYoungGen      total 68608K, used 0K [0x00000000d7100000, 0x00000000df700000, 0x0000000100000000)
  eden space 63488K, 0% used [0x00000000d7100000,0x00000000d7100000,0x00000000daf00000)
  from space 5120K, 0% used [0x00000000daf00000,0x00000000daf00000,0x00000000db400000)
  to   space 5120K, 0% used [0x00000000df200000,0x00000000df200000,0x00000000df700000)
 ParOldGen       total 55808K, used 7695K [0x0000000085200000, 0x0000000088880000, 0x00000000d7100000)
  object space 55808K, 13% used [0x0000000085200000,0x0000000085983e38,0x0000000088880000)
 Metaspace       used 20661K, capacity 21068K, committed 21248K, reserved 1067008K
  class space    used 2616K, capacity 2743K, committed 2816K, reserved 1048576K
}
Event: 4,844 GC heap before
{Heap before GC invocations=5 (full 1):
 PSYoungGen      total 68608K, used 63488K [0x00000000d7100000, 0x00000000df700000, 0x0000000100000000)
  eden space 63488K, 100% used [0x00000000d7100000,0x00000000daf00000,0x00000000daf00000)
  from space 5120K, 0% used [0x00000000daf00000,0x00000000daf00000,0x00000000db400000)
  to   space 5120K, 0% used [0x00000000df200000,0x00000000df200000,0x00000000df700000)
 ParOldGen       total 55808K, used 7695K [0x0000000085200000, 0x0000000088880000, 0x00000000d7100000)
  object space 55808K, 13% used [0x0000000085200000,0x0000000085983e38,0x0000000088880000)
 Metaspace       used 34175K, capacity 34944K, committed 35072K, reserved 1079296K
  class space    used 4648K, capacity 4841K, committed 4864K, reserved 1048576K
Event: 4,852 GC heap after
Heap after GC invocations=5 (full 1):
 PSYoungGen      total 103424K, used 5089K [0x00000000d7100000, 0x00000000df700000, 0x0000000100000000)
  eden space 98304K, 0% used [0x00000000d7100000,0x00000000d7100000,0x00000000dd100000)
  from space 5120K, 99% used [0x00000000df200000,0x00000000df6f84a0,0x00000000df700000)
  to   space 5120K, 0% used [0x00000000ded00000,0x00000000ded00000,0x00000000df200000)
 ParOldGen       total 55808K, used 12823K [0x0000000085200000, 0x0000000088880000, 0x00000000d7100000)
  object space 55808K, 22% used [0x0000000085200000,0x0000000085e85dd0,0x0000000088880000)
 Metaspace       used 34175K, capacity 34944K, committed 35072K, reserved 1079296K
  class space    used 4648K, capacity 4841K, committed 4864K, reserved 1048576K
}
Event: 4,881 GC heap before
{Heap before GC invocations=6 (full 1):
 PSYoungGen      total 103424K, used 8778K [0x00000000d7100000, 0x00000000df700000, 0x0000000100000000)
  eden space 98304K, 3% used [0x00000000d7100000,0x00000000d749a5d0,0x00000000dd100000)
  from space 5120K, 99% used [0x00000000df200000,0x00000000df6f84a0,0x00000000df700000)
  to   space 5120K, 0% used [0x00000000ded00000,0x00000000ded00000,0x00000000df200000)
 ParOldGen       total 55808K, used 12823K [0x0000000085200000, 0x0000000088880000, 0x00000000d7100000)
  object space 55808K, 22% used [0x0000000085200000,0x0000000085e85dd0,0x0000000088880000)
 Metaspace       used 34541K, capacity 35264K, committed 35416K, reserved 1079296K
  class space    used 4704K, capacity 4905K, committed 4952K, reserved 1048576K
Event: 4,887 GC heap after
Heap after GC invocations=6 (full 1):
 PSYoungGen      total 132096K, used 4076K [0x00000000d7100000, 0x00000000e2e80000, 0x0000000100000000)
  eden space 126976K, 0% used [0x00000000d7100000,0x00000000d7100000,0x00000000ded00000)
  from space 5120K, 79% used [0x00000000ded00000,0x00000000df0fb108,0x00000000df200000)
  to   space 11776K, 0% used [0x00000000e2300000,0x00000000e2300000,0x00000000e2e80000)
 ParOldGen       total 55808K, used 12831K [0x0000000085200000, 0x0000000088880000, 0x00000000d7100000)
  object space 55808K, 22% used [0x0000000085200000,0x0000000085e87dd0,0x0000000088880000)
 Metaspace       used 34541K, capacity 35264K, committed 35416K, reserved 1079296K
  class space    used 4704K, capacity 4905K, committed 4952K, reserved 1048576K
}
Event: 4,887 GC heap before
{Heap before GC invocations=7 (full 2):
 PSYoungGen      total 132096K, used 4076K [0x00000000d7100000, 0x00000000e2e80000, 0x0000000100000000)
  eden space 126976K, 0% used [0x00000000d7100000,0x00000000d7100000,0x00000000ded00000)
  from space 5120K, 79% used [0x00000000ded00000,0x00000000df0fb108,0x00000000df200000)
  to   space 11776K, 0% used [0x00000000e2300000,0x00000000e2300000,0x00000000e2e80000)
 ParOldGen       total 55808K, used 12831K [0x0000000085200000, 0x0000000088880000, 0x00000000d7100000)
  object space 55808K, 22% used [0x0000000085200000,0x0000000085e87dd0,0x0000000088880000)
 Metaspace       used 34541K, capacity 35264K, committed 35416K, reserved 1079296K
  class space    used 4704K, capacity 4905K, committed 4952K, reserved 1048576K
Event: 4,926 GC heap after
Heap after GC invocations=7 (full 2):
 PSYoungGen      total 132096K, used 0K [0x00000000d7100000, 0x00000000e2e80000, 0x0000000100000000)
  eden space 126976K, 0% used [0x00000000d7100000,0x00000000d7100000,0x00000000ded00000)
  from space 5120K, 0% used [0x00000000ded00000,0x00000000ded00000,0x00000000df200000)
  to   space 11776K, 0% used [0x00000000e2300000,0x00000000e2300000,0x00000000e2e80000)
 ParOldGen       total 69632K, used 9211K [0x0000000085200000, 0x0000000089600000, 0x00000000d7100000)
  object space 69632K, 13% used [0x0000000085200000,0x0000000085afee30,0x0000000089600000)
 Metaspace       used 34541K, capacity 35264K, committed 35416K, reserved 1079296K
  class space    used 4704K, capacity 4905K, committed 4952K, reserved 1048576K
}

