# JRE version: Java(TM) SE Runtime Environment (8.0_131-b11) (build 1.8.0_131-b11)
# Java VM: Java HotSpot(TM) 64-Bit Server VM (25.131-b11 mixed mode linux-amd64 compressed oops)
Heap:
 PSYoungGen      total 132096K, used 64775K [0x00000000d7100000, 0x00000000e3e80000, 0x0000000100000000)
  eden space 126976K, 51% used [0x00000000d7100000,0x00000000db041f38,0x00000000ded00000)
  from space 5120K, 0% used [0x00000000ded00000,0x00000000ded00000,0x00000000df200000)
  to   space 11264K, 0% used [0x00000000e3380000,0x00000000e3380000,0x00000000e3e80000)
 ParOldGen       total 62464K, used 9020K [0x0000000085200000, 0x0000000088f00000, 0x00000000d7100000)
  object space 62464K, 14% used [0x0000000085200000,0x0000000085acf230,0x0000000088f00000)
 Metaspace       used 40353K, capacity 41936K, committed 42200K, reserved 1085440K
  class space    used 5574K, capacity 5857K, committed 5888K, reserved 1048576K
GC Heap History (10 events):
Event: 1,149 GC heap before
{Heap before GC invocations=3 (full 0):
 PSYoungGen      total 68608K, used 25293K [0x00000000d7100000, 0x00000000db900000, 0x0000000100000000)
  eden space 63488K, 31% used [0x00000000d7100000,0x00000000d84b9fb8,0x00000000daf00000)
  from space 5120K, 99% used [0x00000000db400000,0x00000000db8f9660,0x00000000db900000)
  to   space 5120K, 0% used [0x00000000daf00000,0x00000000daf00000,0x00000000db400000)
 ParOldGen       total 84992K, used 1483K [0x0000000085200000, 0x000000008a500000, 0x00000000d7100000)
  object space 84992K, 1% used [0x0000000085200000,0x0000000085372e18,0x000000008a500000)
 Metaspace       used 20683K, capacity 21068K, committed 21248K, reserved 1067008K
  class space    used 2616K, capacity 2743K, committed 2816K, reserved 1048576K
Event: 1,160 GC heap after
Heap after GC invocations=3 (full 0):
 PSYoungGen      total 68608K, used 5095K [0x00000000d7100000, 0x00000000df700000, 0x0000000100000000)
  eden space 63488K, 0% used [0x00000000d7100000,0x00000000d7100000,0x00000000daf00000)
  from space 5120K, 99% used [0x00000000daf00000,0x00000000db3f9f90,0x00000000db400000)
  to   space 5120K, 0% used [0x00000000df200000,0x00000000df200000,0x00000000df700000)
 ParOldGen       total 84992K, used 4171K [0x0000000085200000, 0x000000008a500000, 0x00000000d7100000)
  object space 84992K, 4% used [0x0000000085200000,0x0000000085612fb8,0x000000008a500000)
 Metaspace       used 20683K, capacity 21068K, committed 21248K, reserved 1067008K
  class space    used 2616K, capacity 2743K, committed 2816K, reserved 1048576K
}
Event: 1,160 GC heap before
{Heap before GC invocations=4 (full 1):
 PSYoungGen      total 68608K, used 5095K [0x00000000d7100000, 0x00000000df700000, 0x0000000100000000)
  eden space 63488K, 0% used [0x00000000d7100000,0x00000000d7100000,0x00000000daf00000)
  from space 5120K, 99% used [0x00000000daf00000,0x00000000db3f9f90,0x00000000db400000)
  to   space 5120K, 0% used [0x00000000df200000,0x00000000df200000,0x00000000df700000)
 ParOldGen       total 84992K, used 4171K [0x0000000085200000, 0x000000008a500000, 0x00000000d7100000)
  object space 84992K, 4% used [0x0000000085200000,0x0000000085612fb8,0x000000008a500000)
 Metaspace       used 20683K, capacity 21068K, committed 21248K, reserved 1067008K
  class space    used 2616K, capacity 2743K, committed 2816K, reserved 1048576K
Event: 1,194 GC heap after
Heap after GC invocations=4 (full 1):
 PSYoungGen      total 68608K, used 0K [0x00000000d7100000, 0x00000000df700000, 0x0000000100000000)
  eden space 63488K, 0% used [0x00000000d7100000,0x00000000d7100000,0x00000000daf00000)
  from space 5120K, 0% used [0x00000000daf00000,0x00000000daf00000,0x00000000db400000)
  to   space 5120K, 0% used [0x00000000df200000,0x00000000df200000,0x00000000df700000)
 ParOldGen       total 52224K, used 7686K [0x0000000085200000, 0x0000000088500000, 0x00000000d7100000)
  object space 52224K, 14% used [0x0000000085200000,0x00000000859818b0,0x0000000088500000)
 Metaspace       used 20683K, capacity 21068K, committed 21248K, reserved 1067008K
  class space    used 2616K, capacity 2743K, committed 2816K, reserved 1048576K
}
Event: 4,959 GC heap before
{Heap before GC invocations=5 (full 1):
 PSYoungGen      total 68608K, used 63488K [0x00000000d7100000, 0x00000000df700000, 0x0000000100000000)
  eden space 63488K, 100% used [0x00000000d7100000,0x00000000daf00000,0x00000000daf00000)
  from space 5120K, 0% used [0x00000000daf00000,0x00000000daf00000,0x00000000db400000)
  to   space 5120K, 0% used [0x00000000df200000,0x00000000df200000,0x00000000df700000)
 ParOldGen       total 52224K, used 7686K [0x0000000085200000, 0x0000000088500000, 0x00000000d7100000)
  object space 52224K, 14% used [0x0000000085200000,0x00000000859818b0,0x0000000088500000)
 Metaspace       used 34110K, capacity 34832K, committed 35200K, reserved 1079296K
  class space    used 4659K, capacity 4869K, committed 4992K, reserved 1048576K
Event: 4,971 GC heap after
Heap after GC invocations=5 (full 1):
 PSYoungGen      total 111104K, used 5107K [0x00000000d7100000, 0x00000000df700000, 0x0000000100000000)
  eden space 105984K, 0% used [0x00000000d7100000,0x00000000d7100000,0x00000000dd880000)
  from space 5120K, 99% used [0x00000000df200000,0x00000000df6fcc78,0x00000000df700000)
  to   space 5120K, 0% used [0x00000000ded00000,0x00000000ded00000,0x00000000df200000)
 ParOldGen       total 52224K, used 12677K [0x0000000085200000, 0x0000000088500000, 0x00000000d7100000)
  object space 52224K, 24% used [0x0000000085200000,0x0000000085e615f8,0x0000000088500000)
 Metaspace       used 34110K, capacity 34832K, committed 35200K, reserved 1079296K
  class space    used 4659K, capacity 4869K, committed 4992K, reserved 1048576K
}
Event: 4,999 GC heap before
{Heap before GC invocations=6 (full 1):
 PSYoungGen      total 111104K, used 7081K [0x00000000d7100000, 0x00000000df700000, 0x0000000100000000)
  eden space 105984K, 1% used [0x00000000d7100000,0x00000000d72eda48,0x00000000dd880000)
  from space 5120K, 99% used [0x00000000df200000,0x00000000df6fcc78,0x00000000df700000)
  to   space 5120K, 0% used [0x00000000ded00000,0x00000000ded00000,0x00000000df200000)
 ParOldGen       total 52224K, used 12677K [0x0000000085200000, 0x0000000088500000, 0x00000000d7100000)
  object space 52224K, 24% used [0x0000000085200000,0x0000000085e615f8,0x0000000088500000)
 Metaspace       used 34493K, capacity 35248K, committed 35416K, reserved 1079296K
  class space    used 4700K, capacity 4901K, committed 4992K, reserved 1048576K
Event: 5,007 GC heap after
Heap after GC invocations=6 (full 1):
 PSYoungGen      total 132096K, used 3941K [0x00000000d7100000, 0x00000000e3e80000, 0x0000000100000000)
  eden space 126976K, 0% used [0x00000000d7100000,0x00000000d7100000,0x00000000ded00000)
  from space 5120K, 76% used [0x00000000ded00000,0x00000000df0d9620,0x00000000df200000)
  to   space 11264K, 0% used [0x00000000e3380000,0x00000000e3380000,0x00000000e3e80000)
 ParOldGen       total 52224K, used 12677K [0x0000000085200000, 0x0000000088500000, 0x00000000d7100000)
  object space 52224K, 24% used [0x0000000085200000,0x0000000085e615f8,0x0000000088500000)
 Metaspace       used 34493K, capacity 35248K, committed 35416K, reserved 1079296K
  class space    used 4700K, capacity 4901K, committed 4992K, reserved 1048576K
}
Event: 5,007 GC heap before
{Heap before GC invocations=7 (full 2):
 PSYoungGen      total 132096K, used 3941K [0x00000000d7100000, 0x00000000e3e80000, 0x0000000100000000)
  eden space 126976K, 0% used [0x00000000d7100000,0x00000000d7100000,0x00000000ded00000)
  from space 5120K, 76% used [0x00000000ded00000,0x00000000df0d9620,0x00000000df200000)
  to   space 11264K, 0% used [0x00000000e3380000,0x00000000e3380000,0x00000000e3e80000)
 ParOldGen       total 52224K, used 12677K [0x0000000085200000, 0x0000000088500000, 0x00000000d7100000)
  object space 52224K, 24% used [0x0000000085200000,0x0000000085e615f8,0x0000000088500000)
 Metaspace       used 34493K, capacity 35248K, committed 35416K, reserved 1079296K
  class space    used 4700K, capacity 4901K, committed 4992K, reserved 1048576K
Event: 5,049 GC heap after
Heap after GC invocations=7 (full 2):
 PSYoungGen      total 132096K, used 0K [0x00000000d7100000, 0x00000000e3e80000, 0x0000000100000000)
  eden space 126976K, 0% used [0x00000000d7100000,0x00000000d7100000,0x00000000ded00000)
  from space 5120K, 0% used [0x00000000ded00000,0x00000000ded00000,0x00000000df200000)
  to   space 11264K, 0% used [0x00000000e3380000,0x00000000e3380000,0x00000000e3e80000)
 ParOldGen       total 62464K, used 9020K [0x0000000085200000, 0x0000000088f00000, 0x00000000d7100000)
  object space 62464K, 14% used [0x0000000085200000,0x0000000085acf230,0x0000000088f00000)
 Metaspace       used 34493K, capacity 35248K, committed 35416K, reserved 1079296K
  class space    used 4700K, capacity 4901K, committed 4992K, reserved 1048576K
}

