# JRE version: Java(TM) SE Runtime Environment (8.0_131-b11) (build 1.8.0_131-b11)
# Java VM: Java HotSpot(TM) 64-Bit Server VM (25.131-b11 mixed mode linux-amd64 compressed oops)
Heap:
 PSYoungGen      total 132096K, used 64642K [0x00000000d7100000, 0x00000000e3100000, 0x0000000100000000)
  eden space 126976K, 50% used [0x00000000d7100000,0x00000000db0209f0,0x00000000ded00000)
  from space 5120K, 0% used [0x00000000ded00000,0x00000000ded00000,0x00000000df200000)
  to   space 11264K, 0% used [0x00000000e2600000,0x00000000e2600000,0x00000000e3100000)
 ParOldGen       total 68096K, used 9131K [0x0000000085200000, 0x0000000089480000, 0x00000000d7100000)
  object space 68096K, 13% used [0x0000000085200000,0x0000000085aeac30,0x0000000089480000)
 Metaspace       used 39851K, capacity 41264K, committed 41432K, reserved 1085440K
  class space    used 5487K, capacity 5761K, committed 5848K, reserved 1048576K
GC Heap History (10 events):
Event: 1,042 GC heap before
{Heap before GC invocations=3 (full 0):
 PSYoungGen      total 68608K, used 25311K [0x00000000d7100000, 0x00000000db900000, 0x0000000100000000)
  eden space 63488K, 31% used [0x00000000d7100000,0x00000000d84b91f8,0x00000000daf00000)
  from space 5120K, 99% used [0x00000000db400000,0x00000000db8fea48,0x00000000db900000)
  to   space 5120K, 0% used [0x00000000daf00000,0x00000000daf00000,0x00000000db400000)
 ParOldGen       total 84992K, used 1544K [0x0000000085200000, 0x000000008a500000, 0x00000000d7100000)
  object space 84992K, 1% used [0x0000000085200000,0x0000000085382250,0x000000008a500000)
 Metaspace       used 20666K, capacity 21068K, committed 21248K, reserved 1067008K
  class space    used 2616K, capacity 2743K, committed 2816K, reserved 1048576K
Event: 1,052 GC heap after
Heap after GC invocations=3 (full 0):
 PSYoungGen      total 68608K, used 5094K [0x00000000d7100000, 0x00000000df700000, 0x0000000100000000)
  eden space 63488K, 0% used [0x00000000d7100000,0x00000000d7100000,0x00000000daf00000)
  from space 5120K, 99% used [0x00000000daf00000,0x00000000db3f9a20,0x00000000db400000)
  to   space 5120K, 0% used [0x00000000df200000,0x00000000df200000,0x00000000df700000)
 ParOldGen       total 84992K, used 4389K [0x0000000085200000, 0x000000008a500000, 0x00000000d7100000)
  object space 84992K, 5% used [0x0000000085200000,0x0000000085649770,0x000000008a500000)
 Metaspace       used 20666K, capacity 21068K, committed 21248K, reserved 1067008K
  class space    used 2616K, capacity 2743K, committed 2816K, reserved 1048576K
}
Event: 1,052 GC heap before
{Heap before GC invocations=4 (full 1):
 PSYoungGen      total 68608K, used 5094K [0x00000000d7100000, 0x00000000df700000, 0x0000000100000000)
  eden space 63488K, 0% used [0x00000000d7100000,0x00000000d7100000,0x00000000daf00000)
  from space 5120K, 99% used [0x00000000daf00000,0x00000000db3f9a20,0x00000000db400000)
  to   space 5120K, 0% used [0x00000000df200000,0x00000000df200000,0x00000000df700000)
 ParOldGen       total 84992K, used 4389K [0x0000000085200000, 0x000000008a500000, 0x00000000d7100000)
  object space 84992K, 5% used [0x0000000085200000,0x0000000085649770,0x000000008a500000)
 Metaspace       used 20666K, capacity 21068K, committed 21248K, reserved 1067008K
  class space    used 2616K, capacity 2743K, committed 2816K, reserved 1048576K
Event: 1,079 GC heap after
Heap after GC invocations=4 (full 1):
 PSYoungGen      total 68608K, used 0K [0x00000000d7100000, 0x00000000df700000, 0x0000000100000000)
  eden space 63488K, 0% used [0x00000000d7100000,0x00000000d7100000,0x00000000daf00000)
  from space 5120K, 0% used [0x00000000daf00000,0x00000000daf00000,0x00000000db400000)
  to   space 5120K, 0% used [0x00000000df200000,0x00000000df200000,0x00000000df700000)
 ParOldGen       total 54784K, used 7687K [0x0000000085200000, 0x0000000088780000, 0x00000000d7100000)
  object space 54784K, 14% used [0x0000000085200000,0x0000000085981ee8,0x0000000088780000)
 Metaspace       used 20666K, capacity 21068K, committed 21248K, reserved 1067008K
  class space    used 2616K, capacity 2743K, committed 2816K, reserved 1048576K
}
Event: 4,818 GC heap before
{Heap before GC invocations=5 (full 1):
 PSYoungGen      total 68608K, used 63488K [0x00000000d7100000, 0x00000000df700000, 0x0000000100000000)
  eden space 63488K, 100% used [0x00000000d7100000,0x00000000daf00000,0x00000000daf00000)
  from space 5120K, 0% used [0x00000000daf00000,0x00000000daf00000,0x00000000db400000)
  to   space 5120K, 0% used [0x00000000df200000,0x00000000df200000,0x00000000df700000)
 ParOldGen       total 54784K, used 7687K [0x0000000085200000, 0x0000000088780000, 0x00000000d7100000)
  object space 54784K, 14% used [0x0000000085200000,0x0000000085981ee8,0x0000000088780000)
 Metaspace       used 34062K, capacity 34824K, committed 35072K, reserved 1079296K
  class space    used 4649K, capacity 4843K, committed 4864K, reserved 1048576K
Event: 4,827 GC heap after
Heap after GC invocations=5 (full 1):
 PSYoungGen      total 104960K, used 5115K [0x00000000d7100000, 0x00000000df700000, 0x0000000100000000)
  eden space 99840K, 0% used [0x00000000d7100000,0x00000000d7100000,0x00000000dd280000)
  from space 5120K, 99% used [0x00000000df200000,0x00000000df6fefe0,0x00000000df700000)
  to   space 5120K, 0% used [0x00000000ded00000,0x00000000ded00000,0x00000000df200000)
 ParOldGen       total 54784K, used 12656K [0x0000000085200000, 0x0000000088780000, 0x00000000d7100000)
  object space 54784K, 23% used [0x0000000085200000,0x0000000085e5c188,0x0000000088780000)
 Metaspace       used 34062K, capacity 34824K, committed 35072K, reserved 1079296K
  class space    used 4649K, capacity 4843K, committed 4864K, reserved 1048576K
}
Event: 4,859 GC heap before
{Heap before GC invocations=6 (full 1):
 PSYoungGen      total 104960K, used 8859K [0x00000000d7100000, 0x00000000df700000, 0x0000000100000000)
  eden space 99840K, 3% used [0x00000000d7100000,0x00000000d74a7cf0,0x00000000dd280000)
  from space 5120K, 99% used [0x00000000df200000,0x00000000df6fefe0,0x00000000df700000)
  to   space 5120K, 0% used [0x00000000ded00000,0x00000000ded00000,0x00000000df200000)
 ParOldGen       total 54784K, used 12656K [0x0000000085200000, 0x0000000088780000, 0x00000000d7100000)
  object space 54784K, 23% used [0x0000000085200000,0x0000000085e5c188,0x0000000088780000)
 Metaspace       used 34537K, capacity 35272K, committed 35416K, reserved 1079296K
  class space    used 4704K, capacity 4907K, committed 4952K, reserved 1048576K
Event: 4,867 GC heap after
Heap after GC invocations=6 (full 1):
 PSYoungGen      total 132096K, used 3993K [0x00000000d7100000, 0x00000000e3100000, 0x0000000100000000)
  eden space 126976K, 0% used [0x00000000d7100000,0x00000000d7100000,0x00000000ded00000)
  from space 5120K, 78% used [0x00000000ded00000,0x00000000df0e6798,0x00000000df200000)
  to   space 11264K, 0% used [0x00000000e2600000,0x00000000e2600000,0x00000000e3100000)
 ParOldGen       total 54784K, used 12664K [0x0000000085200000, 0x0000000088780000, 0x00000000d7100000)
  object space 54784K, 23% used [0x0000000085200000,0x0000000085e5e188,0x0000000088780000)
 Metaspace       used 34537K, capacity 35272K, committed 35416K, reserved 1079296K
  class space    used 4704K, capacity 4907K, committed 4952K, reserved 1048576K
}
Event: 4,867 GC heap before
{Heap before GC invocations=7 (full 2):
 PSYoungGen      total 132096K, used 3993K [0x00000000d7100000, 0x00000000e3100000, 0x0000000100000000)
  eden space 126976K, 0% used [0x00000000d7100000,0x00000000d7100000,0x00000000ded00000)
  from space 5120K, 78% used [0x00000000ded00000,0x00000000df0e6798,0x00000000df200000)
  to   space 11264K, 0% used [0x00000000e2600000,0x00000000e2600000,0x00000000e3100000)
 ParOldGen       total 54784K, used 12664K [0x0000000085200000, 0x0000000088780000, 0x00000000d7100000)
  object space 54784K, 23% used [0x0000000085200000,0x0000000085e5e188,0x0000000088780000)
 Metaspace       used 34537K, capacity 35272K, committed 35416K, reserved 1079296K
  class space    used 4704K, capacity 4907K, committed 4952K, reserved 1048576K
Event: 4,911 GC heap after
Heap after GC invocations=7 (full 2):
 PSYoungGen      total 132096K, used 0K [0x00000000d7100000, 0x00000000e3100000, 0x0000000100000000)
  eden space 126976K, 0% used [0x00000000d7100000,0x00000000d7100000,0x00000000ded00000)
  from space 5120K, 0% used [0x00000000ded00000,0x00000000ded00000,0x00000000df200000)
  to   space 11264K, 0% used [0x00000000e2600000,0x00000000e2600000,0x00000000e3100000)
 ParOldGen       total 68096K, used 9131K [0x0000000085200000, 0x0000000089480000, 0x00000000d7100000)
  object space 68096K, 13% used [0x0000000085200000,0x0000000085aeac30,0x0000000089480000)
 Metaspace       used 34537K, capacity 35272K, committed 35416K, reserved 1079296K
  class space    used 4704K, capacity 4907K, committed 4952K, reserved 1048576K
}

