# JRE version: Java(TM) SE Runtime Environment (8.0_131-b11) (build 1.8.0_131-b11)
# Java VM: Java HotSpot(TM) 64-Bit Server VM (25.131-b11 mixed mode linux-amd64 compressed oops)
Heap:
 PSYoungGen      total 132096K, used 39548K [0x00000000d7100000, 0x00000000e3800000, 0x0000000100000000)
  eden space 126976K, 31% used [0x00000000d7100000,0x00000000d979f3b0,0x00000000ded00000)
  from space 5120K, 0% used [0x00000000ded00000,0x00000000ded00000,0x00000000df200000)
  to   space 11264K, 0% used [0x00000000e2d00000,0x00000000e2d00000,0x00000000e3800000)
 ParOldGen       total 66560K, used 9113K [0x0000000085200000, 0x0000000089300000, 0x00000000d7100000)
  object space 66560K, 13% used [0x0000000085200000,0x0000000085ae6480,0x0000000089300000)
 Metaspace       used 37052K, capacity 38024K, committed 38104K, reserved 1081344K
  class space    used 5093K, capacity 5331K, committed 5376K, reserved 1048576K
GC Heap History (10 events):
Event: 1,139 GC heap before
{Heap before GC invocations=3 (full 0):
 PSYoungGen      total 68608K, used 25368K [0x00000000d7100000, 0x00000000db900000, 0x0000000100000000)
  eden space 63488K, 31% used [0x00000000d7100000,0x00000000d84c8a10,0x00000000daf00000)
  from space 5120K, 99% used [0x00000000db400000,0x00000000db8fd690,0x00000000db900000)
  to   space 5120K, 0% used [0x00000000daf00000,0x00000000daf00000,0x00000000db400000)
 ParOldGen       total 84992K, used 1453K [0x0000000085200000, 0x000000008a500000, 0x00000000d7100000)
  object space 84992K, 1% used [0x0000000085200000,0x000000008536b600,0x000000008a500000)
 Metaspace       used 20695K, capacity 21068K, committed 21248K, reserved 1067008K
  class space    used 2616K, capacity 2743K, committed 2816K, reserved 1048576K
Event: 1,148 GC heap after
Heap after GC invocations=3 (full 0):
 PSYoungGen      total 68608K, used 5110K [0x00000000d7100000, 0x00000000df700000, 0x0000000100000000)
  eden space 63488K, 0% used [0x00000000d7100000,0x00000000d7100000,0x00000000daf00000)
  from space 5120K, 99% used [0x00000000daf00000,0x00000000db3fda10,0x00000000db400000)
  to   space 5120K, 0% used [0x00000000df200000,0x00000000df200000,0x00000000df700000)
 ParOldGen       total 84992K, used 4186K [0x0000000085200000, 0x000000008a500000, 0x00000000d7100000)
  object space 84992K, 4% used [0x0000000085200000,0x0000000085616a38,0x000000008a500000)
 Metaspace       used 20695K, capacity 21068K, committed 21248K, reserved 1067008K
  class space    used 2616K, capacity 2743K, committed 2816K, reserved 1048576K
}
Event: 1,148 GC heap before
{Heap before GC invocations=4 (full 1):
 PSYoungGen      total 68608K, used 5110K [0x00000000d7100000, 0x00000000df700000, 0x0000000100000000)
  eden space 63488K, 0% used [0x00000000d7100000,0x00000000d7100000,0x00000000daf00000)
  from space 5120K, 99% used [0x00000000daf00000,0x00000000db3fda10,0x00000000db400000)
  to   space 5120K, 0% used [0x00000000df200000,0x00000000df200000,0x00000000df700000)
 ParOldGen       total 84992K, used 4186K [0x0000000085200000, 0x000000008a500000, 0x00000000d7100000)
  object space 84992K, 4% used [0x0000000085200000,0x0000000085616a38,0x000000008a500000)
 Metaspace       used 20695K, capacity 21068K, committed 21248K, reserved 1067008K
  class space    used 2616K, capacity 2743K, committed 2816K, reserved 1048576K
Event: 1,170 GC heap after
Heap after GC invocations=4 (full 1):
 PSYoungGen      total 68608K, used 0K [0x00000000d7100000, 0x00000000df700000, 0x0000000100000000)
  eden space 63488K, 0% used [0x00000000d7100000,0x00000000d7100000,0x00000000daf00000)
  from space 5120K, 0% used [0x00000000daf00000,0x00000000daf00000,0x00000000db400000)
  to   space 5120K, 0% used [0x00000000df200000,0x00000000df200000,0x00000000df700000)
 ParOldGen       total 53760K, used 7685K [0x0000000085200000, 0x0000000088680000, 0x00000000d7100000)
  object space 53760K, 14% used [0x0000000085200000,0x00000000859815b8,0x0000000088680000)
 Metaspace       used 20695K, capacity 21068K, committed 21248K, reserved 1067008K
  class space    used 2616K, capacity 2743K, committed 2816K, reserved 1048576K
}
Event: 4,912 GC heap before
{Heap before GC invocations=5 (full 1):
 PSYoungGen      total 68608K, used 63488K [0x00000000d7100000, 0x00000000df700000, 0x0000000100000000)
  eden space 63488K, 100% used [0x00000000d7100000,0x00000000daf00000,0x00000000daf00000)
  from space 5120K, 0% used [0x00000000daf00000,0x00000000daf00000,0x00000000db400000)
  to   space 5120K, 0% used [0x00000000df200000,0x00000000df200000,0x00000000df700000)
 ParOldGen       total 53760K, used 7685K [0x0000000085200000, 0x0000000088680000, 0x00000000d7100000)
  object space 53760K, 14% used [0x0000000085200000,0x00000000859815b8,0x0000000088680000)
 Metaspace       used 34105K, capacity 34808K, committed 35072K, reserved 1079296K
  class space    used 4649K, capacity 4841K, committed 4864K, reserved 1048576K
Event: 4,921 GC heap after
Heap after GC invocations=5 (full 1):
 PSYoungGen      total 108032K, used 5106K [0x00000000d7100000, 0x00000000df700000, 0x0000000100000000)
  eden space 102912K, 0% used [0x00000000d7100000,0x00000000d7100000,0x00000000dd580000)
  from space 5120K, 99% used [0x00000000df200000,0x00000000df6fc918,0x00000000df700000)
  to   space 5120K, 0% used [0x00000000ded00000,0x00000000ded00000,0x00000000df200000)
 ParOldGen       total 53760K, used 12766K [0x0000000085200000, 0x0000000088680000, 0x00000000d7100000)
  object space 53760K, 23% used [0x0000000085200000,0x0000000085e778c8,0x0000000088680000)
 Metaspace       used 34105K, capacity 34808K, committed 35072K, reserved 1079296K
  class space    used 4649K, capacity 4841K, committed 4864K, reserved 1048576K
}
Event: 4,953 GC heap before
{Heap before GC invocations=6 (full 1):
 PSYoungGen      total 108032K, used 8978K [0x00000000d7100000, 0x00000000df700000, 0x0000000100000000)
  eden space 102912K, 3% used [0x00000000d7100000,0x00000000d74c7fa0,0x00000000dd580000)
  from space 5120K, 99% used [0x00000000df200000,0x00000000df6fc918,0x00000000df700000)
  to   space 5120K, 0% used [0x00000000ded00000,0x00000000ded00000,0x00000000df200000)
 ParOldGen       total 53760K, used 12766K [0x0000000085200000, 0x0000000088680000, 0x00000000d7100000)
  object space 53760K, 23% used [0x0000000085200000,0x0000000085e778c8,0x0000000088680000)
 Metaspace       used 34572K, capacity 35256K, committed 35416K, reserved 1079296K
  class space    used 4709K, capacity 4905K, committed 4992K, reserved 1048576K
Event: 4,958 GC heap after
Heap after GC invocations=6 (full 1):
 PSYoungGen      total 132096K, used 4053K [0x00000000d7100000, 0x00000000e3800000, 0x0000000100000000)
  eden space 126976K, 0% used [0x00000000d7100000,0x00000000d7100000,0x00000000ded00000)
  from space 5120K, 79% used [0x00000000ded00000,0x00000000df0f5578,0x00000000df200000)
  to   space 11264K, 0% used [0x00000000e2d00000,0x00000000e2d00000,0x00000000e3800000)
 ParOldGen       total 53760K, used 12774K [0x0000000085200000, 0x0000000088680000, 0x00000000d7100000)
  object space 53760K, 23% used [0x0000000085200000,0x0000000085e798c8,0x0000000088680000)
 Metaspace       used 34572K, capacity 35256K, committed 35416K, reserved 1079296K
  class space    used 4709K, capacity 4905K, committed 4992K, reserved 1048576K
}
Event: 4,958 GC heap before
{Heap before GC invocations=7 (full 2):
 PSYoungGen      total 132096K, used 4053K [0x00000000d7100000, 0x00000000e3800000, 0x0000000100000000)
  eden space 126976K, 0% used [0x00000000d7100000,0x00000000d7100000,0x00000000ded00000)
  from space 5120K, 79% used [0x00000000ded00000,0x00000000df0f5578,0x00000000df200000)
  to   space 11264K, 0% used [0x00000000e2d00000,0x00000000e2d00000,0x00000000e3800000)
 ParOldGen       total 53760K, used 12774K [0x0000000085200000, 0x0000000088680000, 0x00000000d7100000)
  object space 53760K, 23% used [0x0000000085200000,0x0000000085e798c8,0x0000000088680000)
 Metaspace       used 34572K, capacity 35256K, committed 35416K, reserved 1079296K
  class space    used 4709K, capacity 4905K, committed 4992K, reserved 1048576K
Event: 4,994 GC heap after
Heap after GC invocations=7 (full 2):
 PSYoungGen      total 132096K, used 0K [0x00000000d7100000, 0x00000000e3800000, 0x0000000100000000)
  eden space 126976K, 0% used [0x00000000d7100000,0x00000000d7100000,0x00000000ded00000)
  from space 5120K, 0% used [0x00000000ded00000,0x00000000ded00000,0x00000000df200000)
  to   space 11264K, 0% used [0x00000000e2d00000,0x00000000e2d00000,0x00000000e3800000)
 ParOldGen       total 66560K, used 9113K [0x0000000085200000, 0x0000000089300000, 0x00000000d7100000)
  object space 66560K, 13% used [0x0000000085200000,0x0000000085ae6480,0x0000000089300000)
 Metaspace       used 34572K, capacity 35256K, committed 35416K, reserved 1079296K
  class space    used 4709K, capacity 4905K, committed 4992K, reserved 1048576K
}

