# JRE version: Java(TM) SE Runtime Environment (8.0_131-b11) (build 1.8.0_131-b11)
# Java VM: Java HotSpot(TM) 64-Bit Server VM (25.131-b11 mixed mode linux-amd64 compressed oops)
Heap:
 PSYoungGen      total 132096K, used 53158K [0x00000000d7100000, 0x00000000e3a80000, 0x0000000100000000)
  eden space 126976K, 41% used [0x00000000d7100000,0x00000000da4e9850,0x00000000ded00000)
  from space 5120K, 0% used [0x00000000ded00000,0x00000000ded00000,0x00000000df200000)
  to   space 11776K, 0% used [0x00000000e2f00000,0x00000000e2f00000,0x00000000e3a80000)
 ParOldGen       total 65536K, used 9251K [0x0000000085200000, 0x0000000089200000, 0x00000000d7100000)
  object space 65536K, 14% used [0x0000000085200000,0x0000000085b08e40,0x0000000089200000)
 Metaspace       used 39471K, capacity 40942K, committed 41176K, reserved 1085440K
  class space    used 5480K, capacity 5742K, committed 5848K, reserved 1048576K
GC Heap History (10 events):
Event: 1,051 GC heap before
{Heap before GC invocations=3 (full 0):
 PSYoungGen      total 68608K, used 25370K [0x00000000d7100000, 0x00000000db900000, 0x0000000100000000)
  eden space 63488K, 31% used [0x00000000d7100000,0x00000000d84c8868,0x00000000daf00000)
  from space 5120K, 99% used [0x00000000db400000,0x00000000db8fe338,0x00000000db900000)
  to   space 5120K, 0% used [0x00000000daf00000,0x00000000daf00000,0x00000000db400000)
 ParOldGen       total 84992K, used 1532K [0x0000000085200000, 0x000000008a500000, 0x00000000d7100000)
  object space 84992K, 1% used [0x0000000085200000,0x000000008537f210,0x000000008a500000)
 Metaspace       used 20629K, capacity 21068K, committed 21248K, reserved 1067008K
  class space    used 2612K, capacity 2743K, committed 2816K, reserved 1048576K
Event: 1,062 GC heap after
Heap after GC invocations=3 (full 0):
 PSYoungGen      total 68608K, used 5109K [0x00000000d7100000, 0x00000000df700000, 0x0000000100000000)
  eden space 63488K, 0% used [0x00000000d7100000,0x00000000d7100000,0x00000000daf00000)
  from space 5120K, 99% used [0x00000000daf00000,0x00000000db3fd428,0x00000000db400000)
  to   space 5120K, 0% used [0x00000000df200000,0x00000000df200000,0x00000000df700000)
 ParOldGen       total 84992K, used 4334K [0x0000000085200000, 0x000000008a500000, 0x00000000d7100000)
  object space 84992K, 5% used [0x0000000085200000,0x000000008563b920,0x000000008a500000)
 Metaspace       used 20629K, capacity 21068K, committed 21248K, reserved 1067008K
  class space    used 2612K, capacity 2743K, committed 2816K, reserved 1048576K
}
Event: 1,062 GC heap before
{Heap before GC invocations=4 (full 1):
 PSYoungGen      total 68608K, used 5109K [0x00000000d7100000, 0x00000000df700000, 0x0000000100000000)
  eden space 63488K, 0% used [0x00000000d7100000,0x00000000d7100000,0x00000000daf00000)
  from space 5120K, 99% used [0x00000000daf00000,0x00000000db3fd428,0x00000000db400000)
  to   space 5120K, 0% used [0x00000000df200000,0x00000000df200000,0x00000000df700000)
 ParOldGen       total 84992K, used 4334K [0x0000000085200000, 0x000000008a500000, 0x00000000d7100000)
  object space 84992K, 5% used [0x0000000085200000,0x000000008563b920,0x000000008a500000)
 Metaspace       used 20629K, capacity 21068K, committed 21248K, reserved 1067008K
  class space    used 2612K, capacity 2743K, committed 2816K, reserved 1048576K
Event: 1,084 GC heap after
Heap after GC invocations=4 (full 1):
 PSYoungGen      total 68608K, used 0K [0x00000000d7100000, 0x00000000df700000, 0x0000000100000000)
  eden space 63488K, 0% used [0x00000000d7100000,0x00000000d7100000,0x00000000daf00000)
  from space 5120K, 0% used [0x00000000daf00000,0x00000000daf00000,0x00000000db400000)
  to   space 5120K, 0% used [0x00000000df200000,0x00000000df200000,0x00000000df700000)
 ParOldGen       total 53248K, used 7664K [0x0000000085200000, 0x0000000088600000, 0x00000000d7100000)
  object space 53248K, 14% used [0x0000000085200000,0x000000008597c2a8,0x0000000088600000)
 Metaspace       used 20629K, capacity 21068K, committed 21248K, reserved 1067008K
  class space    used 2612K, capacity 2743K, committed 2816K, reserved 1048576K
}
Event: 4,835 GC heap before
{Heap before GC invocations=5 (full 1):
 PSYoungGen      total 68608K, used 63488K [0x00000000d7100000, 0x00000000df700000, 0x0000000100000000)
  eden space 63488K, 100% used [0x00000000d7100000,0x00000000daf00000,0x00000000daf00000)
  from space 5120K, 0% used [0x00000000daf00000,0x00000000daf00000,0x00000000db400000)
  to   space 5120K, 0% used [0x00000000df200000,0x00000000df200000,0x00000000df700000)
 ParOldGen       total 53248K, used 7664K [0x0000000085200000, 0x0000000088600000, 0x00000000d7100000)
  object space 53248K, 14% used [0x0000000085200000,0x000000008597c2a8,0x0000000088600000)
 Metaspace       used 34031K, capacity 34824K, committed 35072K, reserved 1079296K
  class space    used 4648K, capacity 4843K, committed 4864K, reserved 1048576K
Event: 4,846 GC heap after
Heap after GC invocations=5 (full 1):
 PSYoungGen      total 108544K, used 5105K [0x00000000d7100000, 0x00000000df700000, 0x0000000100000000)
  eden space 103424K, 0% used [0x00000000d7100000,0x00000000d7100000,0x00000000dd600000)
  from space 5120K, 99% used [0x00000000df200000,0x00000000df6fc578,0x00000000df700000)
  to   space 5120K, 0% used [0x00000000ded00000,0x00000000ded00000,0x00000000df200000)
 ParOldGen       total 53248K, used 12878K [0x0000000085200000, 0x0000000088600000, 0x00000000d7100000)
  object space 53248K, 24% used [0x0000000085200000,0x0000000085e93bc8,0x0000000088600000)
 Metaspace       used 34031K, capacity 34824K, committed 35072K, reserved 1079296K
  class space    used 4648K, capacity 4843K, committed 4864K, reserved 1048576K
}
Event: 4,879 GC heap before
{Heap before GC invocations=6 (full 1):
 PSYoungGen      total 108544K, used 9075K [0x00000000d7100000, 0x00000000df700000, 0x0000000100000000)
  eden space 103424K, 3% used [0x00000000d7100000,0x00000000d74e09e8,0x00000000dd600000)
  from space 5120K, 99% used [0x00000000df200000,0x00000000df6fc578,0x00000000df700000)
  to   space 5120K, 0% used [0x00000000ded00000,0x00000000ded00000,0x00000000df200000)
 ParOldGen       total 53248K, used 12878K [0x0000000085200000, 0x0000000088600000, 0x00000000d7100000)
  object space 53248K, 24% used [0x0000000085200000,0x0000000085e93bc8,0x0000000088600000)
 Metaspace       used 34534K, capacity 35272K, committed 35416K, reserved 1079296K
  class space    used 4708K, capacity 4907K, committed 4952K, reserved 1048576K
Event: 4,885 GC heap after
Heap after GC invocations=6 (full 1):
 PSYoungGen      total 132096K, used 4137K [0x00000000d7100000, 0x00000000e3a80000, 0x0000000100000000)
  eden space 126976K, 0% used [0x00000000d7100000,0x00000000d7100000,0x00000000ded00000)
  from space 5120K, 80% used [0x00000000ded00000,0x00000000df10a4a8,0x00000000df200000)
  to   space 11776K, 0% used [0x00000000e2f00000,0x00000000e2f00000,0x00000000e3a80000)
 ParOldGen       total 53248K, used 12886K [0x0000000085200000, 0x0000000088600000, 0x00000000d7100000)
  object space 53248K, 24% used [0x0000000085200000,0x0000000085e95bc8,0x0000000088600000)
 Metaspace       used 34534K, capacity 35272K, committed 35416K, reserved 1079296K
  class space    used 4708K, capacity 4907K, committed 4952K, reserved 1048576K
}
Event: 4,885 GC heap before
{Heap before GC invocations=7 (full 2):
 PSYoungGen      total 132096K, used 4137K [0x00000000d7100000, 0x00000000e3a80000, 0x0000000100000000)
  eden space 126976K, 0% used [0x00000000d7100000,0x00000000d7100000,0x00000000ded00000)
  from space 5120K, 80% used [0x00000000ded00000,0x00000000df10a4a8,0x00000000df200000)
  to   space 11776K, 0% used [0x00000000e2f00000,0x00000000e2f00000,0x00000000e3a80000)
 ParOldGen       total 53248K, used 12886K [0x0000000085200000, 0x0000000088600000, 0x00000000d7100000)
  object space 53248K, 24% used [0x0000000085200000,0x0000000085e95bc8,0x0000000088600000)
 Metaspace       used 34534K, capacity 35272K, committed 35416K, reserved 1079296K
  class space    used 4708K, capacity 4907K, committed 4952K, reserved 1048576K
Event: 4,921 GC heap after
Heap after GC invocations=7 (full 2):
 PSYoungGen      total 132096K, used 0K [0x00000000d7100000, 0x00000000e3a80000, 0x0000000100000000)
  eden space 126976K, 0% used [0x00000000d7100000,0x00000000d7100000,0x00000000ded00000)
  from space 5120K, 0% used [0x00000000ded00000,0x00000000ded00000,0x00000000df200000)
  to   space 11776K, 0% used [0x00000000e2f00000,0x00000000e2f00000,0x00000000e3a80000)
 ParOldGen       total 65536K, used 9251K [0x0000000085200000, 0x0000000089200000, 0x00000000d7100000)
  object space 65536K, 14% used [0x0000000085200000,0x0000000085b08e40,0x0000000089200000)
 Metaspace       used 34534K, capacity 35272K, committed 35416K, reserved 1079296K
  class space    used 4708K, capacity 4907K, committed 4952K, reserved 1048576K
}

