# JRE version: Java(TM) SE Runtime Environment (8.0_131-b11) (build 1.8.0_131-b11)
# Java VM: Java HotSpot(TM) 64-Bit Server VM (25.131-b11 mixed mode linux-amd64 compressed oops)
Heap:
 PSYoungGen      total 132096K, used 41900K [0x00000000d7100000, 0x00000000e0a80000, 0x0000000100000000)
  eden space 126976K, 32% used [0x00000000d7100000,0x00000000d99eb1d0,0x00000000ded00000)
  from space 5120K, 0% used [0x00000000ded00000,0x00000000ded00000,0x00000000df200000)
  to   space 12800K, 0% used [0x00000000dfe00000,0x00000000dfe00000,0x00000000e0a80000)
 ParOldGen       total 85504K, used 9424K [0x0000000085200000, 0x000000008a580000, 0x00000000d7100000)
  object space 85504K, 11% used [0x0000000085200000,0x0000000085b34118,0x000000008a580000)
 Metaspace       used 37705K, capacity 38772K, committed 38872K, reserved 1083392K
  class space    used 5137K, capacity 5371K, committed 5376K, reserved 1048576K
GC Heap History (10 events):
Event: 1,164 GC heap before
{Heap before GC invocations=3 (full 0):
 PSYoungGen      total 68608K, used 35853K [0x00000000d7100000, 0x00000000db900000, 0x0000000100000000)
  eden space 63488K, 48% used [0x00000000d7100000,0x00000000d8f0a260,0x00000000daf00000)
  from space 5120K, 99% used [0x00000000db400000,0x00000000db8f9570,0x00000000db900000)
  to   space 5120K, 0% used [0x00000000daf00000,0x00000000daf00000,0x00000000db400000)
 ParOldGen       total 84992K, used 9488K [0x0000000085200000, 0x000000008a500000, 0x00000000d7100000)
  object space 84992K, 11% used [0x0000000085200000,0x0000000085b44248,0x000000008a500000)
 Metaspace       used 20772K, capacity 21138K, committed 21248K, reserved 1067008K
  class space    used 2710K, capacity 2808K, committed 2816K, reserved 1048576K
Event: 1,183 GC heap after
Heap after GC invocations=3 (full 0):
 PSYoungGen      total 68608K, used 5109K [0x00000000d7100000, 0x00000000df700000, 0x0000000100000000)
  eden space 63488K, 0% used [0x00000000d7100000,0x00000000d7100000,0x00000000daf00000)
  from space 5120K, 99% used [0x00000000daf00000,0x00000000db3fd580,0x00000000db400000)
  to   space 5120K, 0% used [0x00000000df200000,0x00000000df200000,0x00000000df700000)
 ParOldGen       total 84992K, used 13071K [0x0000000085200000, 0x000000008a500000, 0x00000000d7100000)
  object space 84992K, 15% used [0x0000000085200000,0x0000000085ec3f68,0x000000008a500000)
 Metaspace       used 20772K, capacity 21138K, committed 21248K, reserved 1067008K
  class space    used 2710K, capacity 2808K, committed 2816K, reserved 1048576K
}
Event: 1,183 GC heap before
{Heap before GC invocations=4 (full 1):
 PSYoungGen      total 68608K, used 5109K [0x00000000d7100000, 0x00000000df700000, 0x0000000100000000)
  eden space 63488K, 0% used [0x00000000d7100000,0x00000000d7100000,0x00000000daf00000)
  from space 5120K, 99% used [0x00000000daf00000,0x00000000db3fd580,0x00000000db400000)
  to   space 5120K, 0% used [0x00000000df200000,0x00000000df200000,0x00000000df700000)
 ParOldGen       total 84992K, used 13071K [0x0000000085200000, 0x000000008a500000, 0x00000000d7100000)
  object space 84992K, 15% used [0x0000000085200000,0x0000000085ec3f68,0x000000008a500000)
 Metaspace       used 20772K, capacity 21138K, committed 21248K, reserved 1067008K
  class space    used 2710K, capacity 2808K, committed 2816K, reserved 1048576K
Event: 1,250 GC heap after
Heap after GC invocations=4 (full 1):
 PSYoungGen      total 68608K, used 0K [0x00000000d7100000, 0x00000000df700000, 0x0000000100000000)
  eden space 63488K, 0% used [0x00000000d7100000,0x00000000d7100000,0x00000000daf00000)
  from space 5120K, 0% used [0x00000000daf00000,0x00000000daf00000,0x00000000db400000)
  to   space 5120K, 0% used [0x00000000df200000,0x00000000df200000,0x00000000df700000)
 ParOldGen       total 75264K, used 17468K [0x0000000085200000, 0x0000000089b80000, 0x00000000d7100000)
  object space 75264K, 23% used [0x0000000085200000,0x000000008630f208,0x0000000089b80000)
 Metaspace       used 20772K, capacity 21138K, committed 21248K, reserved 1067008K
  class space    used 2710K, capacity 2808K, committed 2816K, reserved 1048576K
}
Event: 4,983 GC heap before
{Heap before GC invocations=5 (full 1):
 PSYoungGen      total 68608K, used 63488K [0x00000000d7100000, 0x00000000df700000, 0x0000000100000000)
  eden space 63488K, 100% used [0x00000000d7100000,0x00000000daf00000,0x00000000daf00000)
  from space 5120K, 0% used [0x00000000daf00000,0x00000000daf00000,0x00000000db400000)
  to   space 5120K, 0% used [0x00000000df200000,0x00000000df200000,0x00000000df700000)
 ParOldGen       total 75264K, used 17468K [0x0000000085200000, 0x0000000089b80000, 0x00000000d7100000)
  object space 75264K, 23% used [0x0000000085200000,0x000000008630f208,0x0000000089b80000)
 Metaspace       used 33790K, capacity 34594K, committed 34944K, reserved 1079296K
  class space    used 4653K, capacity 4890K, committed 4992K, reserved 1048576K
Event: 5,001 GC heap after
Heap after GC invocations=5 (full 1):
 PSYoungGen      total 91648K, used 5098K [0x00000000d7100000, 0x00000000df700000, 0x0000000100000000)
  eden space 86528K, 0% used [0x00000000d7100000,0x00000000d7100000,0x00000000dc580000)
  from space 5120K, 99% used [0x00000000df200000,0x00000000df6fabd0,0x00000000df700000)
  to   space 5120K, 0% used [0x00000000ded00000,0x00000000ded00000,0x00000000df200000)
 ParOldGen       total 75264K, used 22035K [0x0000000085200000, 0x0000000089b80000, 0x00000000d7100000)
  object space 75264K, 29% used [0x0000000085200000,0x0000000086784d48,0x0000000089b80000)
 Metaspace       used 33790K, capacity 34594K, committed 34944K, reserved 1079296K
  class space    used 4653K, capacity 4890K, committed 4992K, reserved 1048576K
}
Event: 5,070 GC heap before
{Heap before GC invocations=6 (full 1):
 PSYoungGen      total 91648K, used 10294K [0x00000000d7100000, 0x00000000df700000, 0x0000000100000000)
  eden space 86528K, 6% used [0x00000000d7100000,0x00000000d7612eb8,0x00000000dc580000)
  from space 5120K, 99% used [0x00000000df200000,0x00000000df6fabd0,0x00000000df700000)
  to   space 5120K, 0% used [0x00000000ded00000,0x00000000ded00000,0x00000000df200000)
 ParOldGen       total 75264K, used 22035K [0x0000000085200000, 0x0000000089b80000, 0x00000000d7100000)
  object space 75264K, 29% used [0x0000000085200000,0x0000000086784d48,0x0000000089b80000)
 Metaspace       used 34655K, capacity 35400K, committed 35416K, reserved 1079296K
  class space    used 4750K, capacity 4987K, committed 4992K, reserved 1048576K
Event: 5,081 GC heap after
Heap after GC invocations=6 (full 1):
 PSYoungGen      total 132096K, used 4097K [0x00000000d7100000, 0x00000000e0a80000, 0x0000000100000000)
  eden space 126976K, 0% used [0x00000000d7100000,0x00000000d7100000,0x00000000ded00000)
  from space 5120K, 80% used [0x00000000ded00000,0x00000000df100750,0x00000000df200000)
  to   space 12800K, 0% used [0x00000000dfe00000,0x00000000dfe00000,0x00000000e0a80000)
 ParOldGen       total 75264K, used 22035K [0x0000000085200000, 0x0000000089b80000, 0x00000000d7100000)
  object space 75264K, 29% used [0x0000000085200000,0x0000000086784d48,0x0000000089b80000)
 Metaspace       used 34655K, capacity 35400K, committed 35416K, reserved 1079296K
  class space    used 4750K, capacity 4987K, committed 4992K, reserved 1048576K
}
Event: 5,081 GC heap before
{Heap before GC invocations=7 (full 2):
 PSYoungGen      total 132096K, used 4097K [0x00000000d7100000, 0x00000000e0a80000, 0x0000000100000000)
  eden space 126976K, 0% used [0x00000000d7100000,0x00000000d7100000,0x00000000ded00000)
  from space 5120K, 80% used [0x00000000ded00000,0x00000000df100750,0x00000000df200000)
  to   space 12800K, 0% used [0x00000000dfe00000,0x00000000dfe00000,0x00000000e0a80000)
 ParOldGen       total 75264K, used 22035K [0x0000000085200000, 0x0000000089b80000, 0x00000000d7100000)
  object space 75264K, 29% used [0x0000000085200000,0x0000000086784d48,0x0000000089b80000)
 Metaspace       used 34655K, capacity 35400K, committed 35416K, reserved 1079296K
  class space    used 4750K, capacity 4987K, committed 4992K, reserved 1048576K
Event: 5,138 GC heap after
Heap after GC invocations=7 (full 2):
 PSYoungGen      total 132096K, used 0K [0x00000000d7100000, 0x00000000e0a80000, 0x0000000100000000)
  eden space 126976K, 0% used [0x00000000d7100000,0x00000000d7100000,0x00000000ded00000)
  from space 5120K, 0% used [0x00000000ded00000,0x00000000ded00000,0x00000000df200000)
  to   space 12800K, 0% used [0x00000000dfe00000,0x00000000dfe00000,0x00000000e0a80000)
 ParOldGen       total 85504K, used 9424K [0x0000000085200000, 0x000000008a580000, 0x00000000d7100000)
  object space 85504K, 11% used [0x0000000085200000,0x0000000085b34118,0x000000008a580000)
 Metaspace       used 34655K, capacity 35400K, committed 35416K, reserved 1079296K
  class space    used 4750K, capacity 4987K, committed 4992K, reserved 1048576K
}

