# JRE version: Java(TM) SE Runtime Environment (8.0_131-b11) (build 1.8.0_131-b11)
# Java VM: Java HotSpot(TM) 64-Bit Server VM (25.131-b11 mixed mode linux-amd64 compressed oops)
Heap:
 PSYoungGen      total 132096K, used 67348K [0x00000000d7100000, 0x00000000e2e80000, 0x0000000100000000)
  eden space 126976K, 53% used [0x00000000d7100000,0x00000000db2c52e8,0x00000000ded00000)
  from space 5120K, 0% used [0x00000000ded00000,0x00000000ded00000,0x00000000df200000)
  to   space 11776K, 0% used [0x00000000e2300000,0x00000000e2300000,0x00000000e2e80000)
 ParOldGen       total 69632K, used 9283K [0x0000000085200000, 0x0000000089600000, 0x00000000d7100000)
  object space 69632K, 13% used [0x0000000085200000,0x0000000085b10e70,0x0000000089600000)
 Metaspace       used 40625K, capacity 42238K, committed 42584K, reserved 1085440K
  class space    used 5603K, capacity 5914K, committed 6016K, reserved 1048576K
GC Heap History (10 events):
Event: 1,078 GC heap before
{Heap before GC invocations=3 (full 0):
 PSYoungGen      total 68608K, used 25332K [0x00000000d7100000, 0x00000000db900000, 0x0000000100000000)
  eden space 63488K, 31% used [0x00000000d7100000,0x00000000d84be7c0,0x00000000daf00000)
  from space 5120K, 99% used [0x00000000db400000,0x00000000db8fea48,0x00000000db900000)
  to   space 5120K, 0% used [0x00000000daf00000,0x00000000daf00000,0x00000000db400000)
 ParOldGen       total 84992K, used 1578K [0x0000000085200000, 0x000000008a500000, 0x00000000d7100000)
  object space 84992K, 1% used [0x0000000085200000,0x000000008538aac0,0x000000008a500000)
 Metaspace       used 20652K, capacity 21068K, committed 21248K, reserved 1067008K
  class space    used 2616K, capacity 2743K, committed 2816K, reserved 1048576K
Event: 1,087 GC heap after
Heap after GC invocations=3 (full 0):
 PSYoungGen      total 68608K, used 5094K [0x00000000d7100000, 0x00000000df700000, 0x0000000100000000)
  eden space 63488K, 0% used [0x00000000d7100000,0x00000000d7100000,0x00000000daf00000)
  from space 5120K, 99% used [0x00000000daf00000,0x00000000db3f9a20,0x00000000db400000)
  to   space 5120K, 0% used [0x00000000df200000,0x00000000df200000,0x00000000df700000)
 ParOldGen       total 84992K, used 4387K [0x0000000085200000, 0x000000008a500000, 0x00000000d7100000)
  object space 84992K, 5% used [0x0000000085200000,0x0000000085648c60,0x000000008a500000)
 Metaspace       used 20652K, capacity 21068K, committed 21248K, reserved 1067008K
  class space    used 2616K, capacity 2743K, committed 2816K, reserved 1048576K
}
Event: 1,087 GC heap before
{Heap before GC invocations=4 (full 1):
 PSYoungGen      total 68608K, used 5094K [0x00000000d7100000, 0x00000000df700000, 0x0000000100000000)
  eden space 63488K, 0% used [0x00000000d7100000,0x00000000d7100000,0x00000000daf00000)
  from space 5120K, 99% used [0x00000000daf00000,0x00000000db3f9a20,0x00000000db400000)
  to   space 5120K, 0% used [0x00000000df200000,0x00000000df200000,0x00000000df700000)
 ParOldGen       total 84992K, used 4387K [0x0000000085200000, 0x000000008a500000, 0x00000000d7100000)
  object space 84992K, 5% used [0x0000000085200000,0x0000000085648c60,0x000000008a500000)
 Metaspace       used 20652K, capacity 21068K, committed 21248K, reserved 1067008K
  class space    used 2616K, capacity 2743K, committed 2816K, reserved 1048576K
Event: 1,112 GC heap after
Heap after GC invocations=4 (full 1):
 PSYoungGen      total 68608K, used 0K [0x00000000d7100000, 0x00000000df700000, 0x0000000100000000)
  eden space 63488K, 0% used [0x00000000d7100000,0x00000000d7100000,0x00000000daf00000)
  from space 5120K, 0% used [0x00000000daf00000,0x00000000daf00000,0x00000000db400000)
  to   space 5120K, 0% used [0x00000000df200000,0x00000000df200000,0x00000000df700000)
 ParOldGen       total 54784K, used 7685K [0x0000000085200000, 0x0000000088780000, 0x00000000d7100000)
  object space 54784K, 14% used [0x0000000085200000,0x0000000085981658,0x0000000088780000)
 Metaspace       used 20652K, capacity 21068K, committed 21248K, reserved 1067008K
  class space    used 2616K, capacity 2743K, committed 2816K, reserved 1048576K
}
Event: 4,874 GC heap before
{Heap before GC invocations=5 (full 1):
 PSYoungGen      total 68608K, used 63488K [0x00000000d7100000, 0x00000000df700000, 0x0000000100000000)
  eden space 63488K, 100% used [0x00000000d7100000,0x00000000daf00000,0x00000000daf00000)
  from space 5120K, 0% used [0x00000000daf00000,0x00000000daf00000,0x00000000db400000)
  to   space 5120K, 0% used [0x00000000df200000,0x00000000df200000,0x00000000df700000)
 ParOldGen       total 54784K, used 7685K [0x0000000085200000, 0x0000000088780000, 0x00000000d7100000)
  object space 54784K, 14% used [0x0000000085200000,0x0000000085981658,0x0000000088780000)
 Metaspace       used 33994K, capacity 34748K, committed 35072K, reserved 1079296K
  class space    used 4643K, capacity 4841K, committed 4864K, reserved 1048576K
Event: 4,882 GC heap after
Heap after GC invocations=5 (full 1):
 PSYoungGen      total 105472K, used 5101K [0x00000000d7100000, 0x00000000df700000, 0x0000000100000000)
  eden space 100352K, 0% used [0x00000000d7100000,0x00000000d7100000,0x00000000dd300000)
  from space 5120K, 99% used [0x00000000df200000,0x00000000df6fb4b8,0x00000000df700000)
  to   space 5120K, 0% used [0x00000000ded00000,0x00000000ded00000,0x00000000df200000)
 ParOldGen       total 54784K, used 12877K [0x0000000085200000, 0x0000000088780000, 0x00000000d7100000)
  object space 54784K, 23% used [0x0000000085200000,0x0000000085e935a8,0x0000000088780000)
 Metaspace       used 33994K, capacity 34748K, committed 35072K, reserved 1079296K
  class space    used 4643K, capacity 4841K, committed 4864K, reserved 1048576K
}
Event: 4,922 GC heap before
{Heap before GC invocations=6 (full 1):
 PSYoungGen      total 105472K, used 8955K [0x00000000d7100000, 0x00000000df700000, 0x0000000100000000)
  eden space 100352K, 3% used [0x00000000d7100000,0x00000000d74c3b30,0x00000000dd300000)
  from space 5120K, 99% used [0x00000000df200000,0x00000000df6fb4b8,0x00000000df700000)
  to   space 5120K, 0% used [0x00000000ded00000,0x00000000ded00000,0x00000000df200000)
 ParOldGen       total 54784K, used 12877K [0x0000000085200000, 0x0000000088780000, 0x00000000d7100000)
  object space 54784K, 23% used [0x0000000085200000,0x0000000085e935a8,0x0000000088780000)
 Metaspace       used 34568K, capacity 35260K, committed 35416K, reserved 1079296K
  class space    used 4708K, capacity 4905K, committed 4992K, reserved 1048576K
Event: 4,928 GC heap after
Heap after GC invocations=6 (full 1):
 PSYoungGen      total 132096K, used 4133K [0x00000000d7100000, 0x00000000e2e80000, 0x0000000100000000)
  eden space 126976K, 0% used [0x00000000d7100000,0x00000000d7100000,0x00000000ded00000)
  from space 5120K, 80% used [0x00000000ded00000,0x00000000df109510,0x00000000df200000)
  to   space 11776K, 0% used [0x00000000e2300000,0x00000000e2300000,0x00000000e2e80000)
 ParOldGen       total 54784K, used 12885K [0x0000000085200000, 0x0000000088780000, 0x00000000d7100000)
  object space 54784K, 23% used [0x0000000085200000,0x0000000085e955a8,0x0000000088780000)
 Metaspace       used 34568K, capacity 35260K, committed 35416K, reserved 1079296K
  class space    used 4708K, capacity 4905K, committed 4992K, reserved 1048576K
}
Event: 4,928 GC heap before
{Heap before GC invocations=7 (full 2):
 PSYoungGen      total 132096K, used 4133K [0x00000000d7100000, 0x00000000e2e80000, 0x0000000100000000)
  eden space 126976K, 0% used [0x00000000d7100000,0x00000000d7100000,0x00000000ded00000)
  from space 5120K, 80% used [0x00000000ded00000,0x00000000df109510,0x00000000df200000)
  to   space 11776K, 0% used [0x00000000e2300000,0x00000000e2300000,0x00000000e2e80000)
 ParOldGen       total 54784K, used 12885K [0x0000000085200000, 0x0000000088780000, 0x00000000d7100000)
  object space 54784K, 23% used [0x0000000085200000,0x0000000085e955a8,0x0000000088780000)
 Metaspace       used 34568K, capacity 35260K, committed 35416K, reserved 1079296K
  class space    used 4708K, capacity 4905K, committed 4992K, reserved 1048576K
Event: 4,967 GC heap after
Heap after GC invocations=7 (full 2):
 PSYoungGen      total 132096K, used 0K [0x00000000d7100000, 0x00000000e2e80000, 0x0000000100000000)
  eden space 126976K, 0% used [0x00000000d7100000,0x00000000d7100000,0x00000000ded00000)
  from space 5120K, 0% used [0x00000000ded00000,0x00000000ded00000,0x00000000df200000)
  to   space 11776K, 0% used [0x00000000e2300000,0x00000000e2300000,0x00000000e2e80000)
 ParOldGen       total 69632K, used 9283K [0x0000000085200000, 0x0000000089600000, 0x00000000d7100000)
  object space 69632K, 13% used [0x0000000085200000,0x0000000085b10e70,0x0000000089600000)
 Metaspace       used 34568K, capacity 35260K, committed 35416K, reserved 1079296K
  class space    used 4708K, capacity 4905K, committed 4992K, reserved 1048576K
}

