# JRE version: Java(TM) SE Runtime Environment (8.0_131-b11) (build 1.8.0_131-b11)
# Java VM: Java HotSpot(TM) 64-Bit Server VM (25.131-b11 mixed mode linux-amd64 compressed oops)
Heap:
 PSYoungGen      total 68608K, used 37106K [0x00000000d7100000, 0x00000000dcd80000, 0x0000000100000000)
  eden space 63488K, 58% used [0x00000000d7100000,0x00000000d953cb68,0x00000000daf00000)
  from space 5120K, 0% used [0x00000000daf00000,0x00000000daf00000,0x00000000db400000)
  to   space 8704K, 0% used [0x00000000dc500000,0x00000000dc500000,0x00000000dcd80000)
 ParOldGen       total 75264K, used 11522K [0x0000000085200000, 0x0000000089b80000, 0x00000000d7100000)
  object space 75264K, 15% used [0x0000000085200000,0x0000000085d40b98,0x0000000089b80000)
 Metaspace       used 38024K, capacity 39012K, committed 39256K, reserved 1083392K
  class space    used 5206K, capacity 5451K, committed 5504K, reserved 1048576K
GC Heap History (10 events):
Event: 2,748 GC heap before
{Heap before GC invocations=3 (full 0):
 PSYoungGen      total 36864K, used 23862K [0x00000000d7100000, 0x00000000db900000, 0x0000000100000000)
  eden space 31744K, 59% used [0x00000000d7100000,0x00000000d8357958,0x00000000d9000000)
  from space 5120K, 99% used [0x00000000d9500000,0x00000000d99f6008,0x00000000d9a00000)
  to   space 5120K, 0% used [0x00000000d9000000,0x00000000d9000000,0x00000000d9500000)
 ParOldGen       total 84992K, used 1002K [0x0000000085200000, 0x000000008a500000, 0x00000000d7100000)
  object space 84992K, 1% used [0x0000000085200000,0x00000000852fa8a0,0x000000008a500000)
 Metaspace       used 20742K, capacity 21042K, committed 21248K, reserved 1067008K
  class space    used 2589K, capacity 2704K, committed 2816K, reserved 1048576K
Event: 2,760 GC heap after
Heap after GC invocations=3 (full 0):
 PSYoungGen      total 36864K, used 5097K [0x00000000d7100000, 0x00000000db900000, 0x0000000100000000)
  eden space 31744K, 0% used [0x00000000d7100000,0x00000000d7100000,0x00000000d9000000)
  from space 5120K, 99% used [0x00000000d9000000,0x00000000d94fa790,0x00000000d9500000)
  to   space 5120K, 0% used [0x00000000db400000,0x00000000db400000,0x00000000db900000)
 ParOldGen       total 84992K, used 3341K [0x0000000085200000, 0x000000008a500000, 0x00000000d7100000)
  object space 84992K, 3% used [0x0000000085200000,0x0000000085543548,0x000000008a500000)
 Metaspace       used 20742K, capacity 21042K, committed 21248K, reserved 1067008K
  class space    used 2589K, capacity 2704K, committed 2816K, reserved 1048576K
}
Event: 2,760 GC heap before
{Heap before GC invocations=4 (full 1):
 PSYoungGen      total 36864K, used 5097K [0x00000000d7100000, 0x00000000db900000, 0x0000000100000000)
  eden space 31744K, 0% used [0x00000000d7100000,0x00000000d7100000,0x00000000d9000000)
  from space 5120K, 99% used [0x00000000d9000000,0x00000000d94fa790,0x00000000d9500000)
  to   space 5120K, 0% used [0x00000000db400000,0x00000000db400000,0x00000000db900000)
 ParOldGen       total 84992K, used 3341K [0x0000000085200000, 0x000000008a500000, 0x00000000d7100000)
  object space 84992K, 3% used [0x0000000085200000,0x0000000085543548,0x000000008a500000)
 Metaspace       used 20742K, capacity 21042K, committed 21248K, reserved 1067008K
  class space    used 2589K, capacity 2704K, committed 2816K, reserved 1048576K
Event: 2,811 GC heap after
Heap after GC invocations=4 (full 1):
 PSYoungGen      total 36864K, used 0K [0x00000000d7100000, 0x00000000db900000, 0x0000000100000000)
  eden space 31744K, 0% used [0x00000000d7100000,0x00000000d7100000,0x00000000d9000000)
  from space 5120K, 0% used [0x00000000d9000000,0x00000000d9000000,0x00000000d9500000)
  to   space 5120K, 0% used [0x00000000db400000,0x00000000db400000,0x00000000db900000)
 ParOldGen       total 53248K, used 7227K [0x0000000085200000, 0x0000000088600000, 0x00000000d7100000)
  object space 53248K, 13% used [0x0000000085200000,0x000000008590ed38,0x0000000088600000)
 Metaspace       used 20742K, capacity 21042K, committed 21248K, reserved 1067008K
  class space    used 2589K, capacity 2704K, committed 2816K, reserved 1048576K
}
Event: 3,423 GC heap before
{Heap before GC invocations=5 (full 1):
 PSYoungGen      total 36864K, used 31744K [0x00000000d7100000, 0x00000000db900000, 0x0000000100000000)
  eden space 31744K, 100% used [0x00000000d7100000,0x00000000d9000000,0x00000000d9000000)
  from space 5120K, 0% used [0x00000000d9000000,0x00000000d9000000,0x00000000d9500000)
  to   space 5120K, 0% used [0x00000000db400000,0x00000000db400000,0x00000000db900000)
 ParOldGen       total 53248K, used 7227K [0x0000000085200000, 0x0000000088600000, 0x00000000d7100000)
  object space 53248K, 13% used [0x0000000085200000,0x000000008590ed38,0x0000000088600000)
 Metaspace       used 26366K, capacity 26768K, committed 27136K, reserved 1073152K
  class space    used 3354K, capacity 3481K, committed 3584K, reserved 1048576K
Event: 3,429 GC heap after
Heap after GC invocations=5 (full 1):
 PSYoungGen      total 55808K, used 5111K [0x00000000d7100000, 0x00000000db900000, 0x0000000100000000)
  eden space 50688K, 0% used [0x00000000d7100000,0x00000000d7100000,0x00000000da280000)
  from space 5120K, 99% used [0x00000000db400000,0x00000000db8fdd98,0x00000000db900000)
  to   space 5120K, 0% used [0x00000000daf00000,0x00000000daf00000,0x00000000db400000)
 ParOldGen       total 53248K, used 7403K [0x0000000085200000, 0x0000000088600000, 0x00000000d7100000)
  object space 53248K, 13% used [0x0000000085200000,0x000000008593afe8,0x0000000088600000)
 Metaspace       used 26366K, capacity 26768K, committed 27136K, reserved 1073152K
  class space    used 3354K, capacity 3481K, committed 3584K, reserved 1048576K
}
Event: 10,218 GC heap before
{Heap before GC invocations=6 (full 1):
 PSYoungGen      total 55808K, used 41490K [0x00000000d7100000, 0x00000000db900000, 0x0000000100000000)
  eden space 50688K, 71% used [0x00000000d7100000,0x00000000d9486cd8,0x00000000da280000)
  from space 5120K, 99% used [0x00000000db400000,0x00000000db8fdd98,0x00000000db900000)
  to   space 5120K, 0% used [0x00000000daf00000,0x00000000daf00000,0x00000000db400000)
 ParOldGen       total 53248K, used 7403K [0x0000000085200000, 0x0000000088600000, 0x00000000d7100000)
  object space 53248K, 13% used [0x0000000085200000,0x000000008593afe8,0x0000000088600000)
 Metaspace       used 34547K, capacity 35322K, committed 35416K, reserved 1079296K
  class space    used 4705K, capacity 4924K, committed 4992K, reserved 1048576K
Event: 10,229 GC heap after
Heap after GC invocations=6 (full 1):
 PSYoungGen      total 68608K, used 5108K [0x00000000d7100000, 0x00000000dcd80000, 0x0000000100000000)
  eden space 63488K, 0% used [0x00000000d7100000,0x00000000d7100000,0x00000000daf00000)
  from space 5120K, 99% used [0x00000000daf00000,0x00000000db3fd380,0x00000000db400000)
  to   space 8704K, 0% used [0x00000000dc500000,0x00000000dc500000,0x00000000dcd80000)
 ParOldGen       total 53248K, used 9595K [0x0000000085200000, 0x0000000088600000, 0x00000000d7100000)
  object space 53248K, 18% used [0x0000000085200000,0x0000000085b5ef60,0x0000000088600000)
 Metaspace       used 34547K, capacity 35322K, committed 35416K, reserved 1079296K
  class space    used 4705K, capacity 4924K, committed 4992K, reserved 1048576K
}
Event: 10,229 GC heap before
{Heap before GC invocations=7 (full 2):
 PSYoungGen      total 68608K, used 5108K [0x00000000d7100000, 0x00000000dcd80000, 0x0000000100000000)
  eden space 63488K, 0% used [0x00000000d7100000,0x00000000d7100000,0x00000000daf00000)
  from space 5120K, 99% used [0x00000000daf00000,0x00000000db3fd380,0x00000000db400000)
  to   space 8704K, 0% used [0x00000000dc500000,0x00000000dc500000,0x00000000dcd80000)
 ParOldGen       total 53248K, used 9595K [0x0000000085200000, 0x0000000088600000, 0x00000000d7100000)
  object space 53248K, 18% used [0x0000000085200000,0x0000000085b5ef60,0x0000000088600000)
 Metaspace       used 34547K, capacity 35322K, committed 35416K, reserved 1079296K
  class space    used 4705K, capacity 4924K, committed 4992K, reserved 1048576K
Event: 10,274 GC heap after
Heap after GC invocations=7 (full 2):
 PSYoungGen      total 68608K, used 0K [0x00000000d7100000, 0x00000000dcd80000, 0x0000000100000000)
  eden space 63488K, 0% used [0x00000000d7100000,0x00000000d7100000,0x00000000daf00000)
  from space 5120K, 0% used [0x00000000daf00000,0x00000000daf00000,0x00000000db400000)
  to   space 8704K, 0% used [0x00000000dc500000,0x00000000dc500000,0x00000000dcd80000)
 ParOldGen       total 75264K, used 11522K [0x0000000085200000, 0x0000000089b80000, 0x00000000d7100000)
  object space 75264K, 15% used [0x0000000085200000,0x0000000085d40b98,0x0000000089b80000)
 Metaspace       used 34547K, capacity 35322K, committed 35416K, reserved 1079296K
  class space    used 4705K, capacity 4924K, committed 4992K, reserved 1048576K
}

