# JRE version: Java(TM) SE Runtime Environment (8.0_131-b11) (build 1.8.0_131-b11)
# Java VM: Java HotSpot(TM) 64-Bit Server VM (25.131-b11 mixed mode linux-amd64 compressed oops)
Heap:
 PSYoungGen      total 132096K, used 42681K [0x00000000d7100000, 0x00000000e1b00000, 0x0000000100000000)
  eden space 126976K, 33% used [0x00000000d7100000,0x00000000d9aae4e0,0x00000000ded00000)
  from space 5120K, 0% used [0x00000000ded00000,0x00000000ded00000,0x00000000df200000)
  to   space 11264K, 0% used [0x00000000e1000000,0x00000000e1000000,0x00000000e1b00000)
 ParOldGen       total 76288K, used 9237K [0x0000000085200000, 0x0000000089c80000, 0x00000000d7100000)
  object space 76288K, 12% used [0x0000000085200000,0x0000000085b05570,0x0000000089c80000)
 Metaspace       used 37610K, capacity 38684K, committed 38744K, reserved 1083392K
  class space    used 5203K, capacity 5449K, committed 5464K, reserved 1048576K
GC Heap History (10 events):
Event: 1,150 GC heap before
{Heap before GC invocations=3 (full 0):
 PSYoungGen      total 68608K, used 25247K [0x00000000d7100000, 0x00000000db900000, 0x0000000100000000)
  eden space 63488K, 31% used [0x00000000d7100000,0x00000000d84a8f90,0x00000000daf00000)
  from space 5120K, 99% used [0x00000000db400000,0x00000000db8fecc0,0x00000000db900000)
  to   space 5120K, 0% used [0x00000000daf00000,0x00000000daf00000,0x00000000db400000)
 ParOldGen       total 84992K, used 1412K [0x0000000085200000, 0x000000008a500000, 0x00000000d7100000)
  object space 84992K, 1% used [0x0000000085200000,0x00000000853611e0,0x000000008a500000)
 Metaspace       used 20675K, capacity 21068K, committed 21248K, reserved 1067008K
  class space    used 2616K, capacity 2743K, committed 2816K, reserved 1048576K
Event: 1,159 GC heap after
Heap after GC invocations=3 (full 0):
 PSYoungGen      total 68608K, used 5110K [0x00000000d7100000, 0x00000000df700000, 0x0000000100000000)
  eden space 63488K, 0% used [0x00000000d7100000,0x00000000d7100000,0x00000000daf00000)
  from space 5120K, 99% used [0x00000000daf00000,0x00000000db3fda10,0x00000000db400000)
  to   space 5120K, 0% used [0x00000000df200000,0x00000000df200000,0x00000000df700000)
 ParOldGen       total 84992K, used 4111K [0x0000000085200000, 0x000000008a500000, 0x00000000d7100000)
  object space 84992K, 4% used [0x0000000085200000,0x0000000085603ea8,0x000000008a500000)
 Metaspace       used 20675K, capacity 21068K, committed 21248K, reserved 1067008K
  class space    used 2616K, capacity 2743K, committed 2816K, reserved 1048576K
}
Event: 1,159 GC heap before
{Heap before GC invocations=4 (full 1):
 PSYoungGen      total 68608K, used 5110K [0x00000000d7100000, 0x00000000df700000, 0x0000000100000000)
  eden space 63488K, 0% used [0x00000000d7100000,0x00000000d7100000,0x00000000daf00000)
  from space 5120K, 99% used [0x00000000daf00000,0x00000000db3fda10,0x00000000db400000)
  to   space 5120K, 0% used [0x00000000df200000,0x00000000df200000,0x00000000df700000)
 ParOldGen       total 84992K, used 4111K [0x0000000085200000, 0x000000008a500000, 0x00000000d7100000)
  object space 84992K, 4% used [0x0000000085200000,0x0000000085603ea8,0x000000008a500000)
 Metaspace       used 20675K, capacity 21068K, committed 21248K, reserved 1067008K
  class space    used 2616K, capacity 2743K, committed 2816K, reserved 1048576K
Event: 1,196 GC heap after
Heap after GC invocations=4 (full 1):
 PSYoungGen      total 68608K, used 0K [0x00000000d7100000, 0x00000000df700000, 0x0000000100000000)
  eden space 63488K, 0% used [0x00000000d7100000,0x00000000d7100000,0x00000000daf00000)
  from space 5120K, 0% used [0x00000000daf00000,0x00000000daf00000,0x00000000db400000)
  to   space 5120K, 0% used [0x00000000df200000,0x00000000df200000,0x00000000df700000)
 ParOldGen       total 58880K, used 7684K [0x0000000085200000, 0x0000000088b80000, 0x00000000d7100000)
  object space 58880K, 13% used [0x0000000085200000,0x00000000859812a0,0x0000000088b80000)
 Metaspace       used 20675K, capacity 21068K, committed 21248K, reserved 1067008K
  class space    used 2616K, capacity 2743K, committed 2816K, reserved 1048576K
}
Event: 4,943 GC heap before
{Heap before GC invocations=5 (full 1):
 PSYoungGen      total 68608K, used 63488K [0x00000000d7100000, 0x00000000df700000, 0x0000000100000000)
  eden space 63488K, 100% used [0x00000000d7100000,0x00000000daf00000,0x00000000daf00000)
  from space 5120K, 0% used [0x00000000daf00000,0x00000000daf00000,0x00000000db400000)
  to   space 5120K, 0% used [0x00000000df200000,0x00000000df200000,0x00000000df700000)
 ParOldGen       total 58880K, used 7684K [0x0000000085200000, 0x0000000088b80000, 0x00000000d7100000)
  object space 58880K, 13% used [0x0000000085200000,0x00000000859812a0,0x0000000088b80000)
 Metaspace       used 34020K, capacity 34756K, committed 35072K, reserved 1079296K
  class space    used 4647K, capacity 4843K, committed 4864K, reserved 1048576K
Event: 4,952 GC heap after
Heap after GC invocations=5 (full 1):
 PSYoungGen      total 97280K, used 5098K [0x00000000d7100000, 0x00000000df700000, 0x0000000100000000)
  eden space 92160K, 0% used [0x00000000d7100000,0x00000000d7100000,0x00000000dcb00000)
  from space 5120K, 99% used [0x00000000df200000,0x00000000df6fa918,0x00000000df700000)
  to   space 5120K, 0% used [0x00000000ded00000,0x00000000ded00000,0x00000000df200000)
 ParOldGen       total 58880K, used 12786K [0x0000000085200000, 0x0000000088b80000, 0x00000000d7100000)
  object space 58880K, 21% used [0x0000000085200000,0x0000000085e7c998,0x0000000088b80000)
 Metaspace       used 34020K, capacity 34756K, committed 35072K, reserved 1079296K
  class space    used 4647K, capacity 4843K, committed 4864K, reserved 1048576K
}
Event: 4,990 GC heap before
{Heap before GC invocations=6 (full 1):
 PSYoungGen      total 97280K, used 8569K [0x00000000d7100000, 0x00000000df700000, 0x0000000100000000)
  eden space 92160K, 3% used [0x00000000d7100000,0x00000000d7463e30,0x00000000dcb00000)
  from space 5120K, 99% used [0x00000000df200000,0x00000000df6fa918,0x00000000df700000)
  to   space 5120K, 0% used [0x00000000ded00000,0x00000000ded00000,0x00000000df200000)
 ParOldGen       total 58880K, used 12786K [0x0000000085200000, 0x0000000088b80000, 0x00000000d7100000)
  object space 58880K, 21% used [0x0000000085200000,0x0000000085e7c998,0x0000000088b80000)
 Metaspace       used 34563K, capacity 35268K, committed 35416K, reserved 1079296K
  class space    used 4708K, capacity 4907K, committed 4952K, reserved 1048576K
Event: 4,997 GC heap after
Heap after GC invocations=6 (full 1):
 PSYoungGen      total 132096K, used 4228K [0x00000000d7100000, 0x00000000e1b00000, 0x0000000100000000)
  eden space 126976K, 0% used [0x00000000d7100000,0x00000000d7100000,0x00000000ded00000)
  from space 5120K, 82% used [0x00000000ded00000,0x00000000df1211d0,0x00000000df200000)
  to   space 11264K, 0% used [0x00000000e1000000,0x00000000e1000000,0x00000000e1b00000)
 ParOldGen       total 58880K, used 12794K [0x0000000085200000, 0x0000000088b80000, 0x00000000d7100000)
  object space 58880K, 21% used [0x0000000085200000,0x0000000085e7e998,0x0000000088b80000)
 Metaspace       used 34563K, capacity 35268K, committed 35416K, reserved 1079296K
  class space    used 4708K, capacity 4907K, committed 4952K, reserved 1048576K
}
Event: 4,997 GC heap before
{Heap before GC invocations=7 (full 2):
 PSYoungGen      total 132096K, used 4228K [0x00000000d7100000, 0x00000000e1b00000, 0x0000000100000000)
  eden space 126976K, 0% used [0x00000000d7100000,0x00000000d7100000,0x00000000ded00000)
  from space 5120K, 82% used [0x00000000ded00000,0x00000000df1211d0,0x00000000df200000)
  to   space 11264K, 0% used [0x00000000e1000000,0x00000000e1000000,0x00000000e1b00000)
 ParOldGen       total 58880K, used 12794K [0x0000000085200000, 0x0000000088b80000, 0x00000000d7100000)
  object space 58880K, 21% used [0x0000000085200000,0x0000000085e7e998,0x0000000088b80000)
 Metaspace       used 34563K, capacity 35268K, committed 35416K, reserved 1079296K
  class space    used 4708K, capacity 4907K, committed 4952K, reserved 1048576K
Event: 5,035 GC heap after
Heap after GC invocations=7 (full 2):
 PSYoungGen      total 132096K, used 0K [0x00000000d7100000, 0x00000000e1b00000, 0x0000000100000000)
  eden space 126976K, 0% used [0x00000000d7100000,0x00000000d7100000,0x00000000ded00000)
  from space 5120K, 0% used [0x00000000ded00000,0x00000000ded00000,0x00000000df200000)
  to   space 11264K, 0% used [0x00000000e1000000,0x00000000e1000000,0x00000000e1b00000)
 ParOldGen       total 76288K, used 9237K [0x0000000085200000, 0x0000000089c80000, 0x00000000d7100000)
  object space 76288K, 12% used [0x0000000085200000,0x0000000085b05570,0x0000000089c80000)
 Metaspace       used 34563K, capacity 35268K, committed 35416K, reserved 1079296K
  class space    used 4708K, capacity 4907K, committed 4952K, reserved 1048576K
}

