# JRE version: Java(TM) SE Runtime Environment (8.0_131-b11) (build 1.8.0_131-b11)
# Java VM: Java HotSpot(TM) 64-Bit Server VM (25.131-b11 mixed mode linux-amd64 compressed oops)
Heap:
 PSYoungGen      total 132096K, used 33279K [0x00000000d7100000, 0x00000000e2b00000, 0x0000000100000000)
  eden space 126976K, 26% used [0x00000000d7100000,0x00000000d917fc48,0x00000000ded00000)
  from space 5120K, 0% used [0x00000000ded00000,0x00000000ded00000,0x00000000df200000)
  to   space 10752K, 0% used [0x00000000e2080000,0x00000000e2080000,0x00000000e2b00000)
 ParOldGen       total 69120K, used 9982K [0x0000000085200000, 0x0000000089580000, 0x00000000d7100000)
  object space 69120K, 14% used [0x0000000085200000,0x0000000085bbf980,0x0000000089580000)
 Metaspace       used 37165K, capacity 38130K, committed 38360K, reserved 1083392K
  class space    used 5076K, capacity 5326K, committed 5376K, reserved 1048576K
GC Heap History (10 events):
Event: 1,006 GC heap before
{Heap before GC invocations=3 (full 0):
 PSYoungGen      total 68608K, used 29520K [0x00000000d7100000, 0x00000000db900000, 0x0000000100000000)
  eden space 63488K, 38% used [0x00000000d7100000,0x00000000d89185a8,0x00000000daf00000)
  from space 5120K, 94% used [0x00000000db400000,0x00000000db8bbbe0,0x00000000db900000)
  to   space 5120K, 0% used [0x00000000daf00000,0x00000000daf00000,0x00000000db400000)
 ParOldGen       total 84992K, used 88K [0x0000000085200000, 0x000000008a500000, 0x00000000d7100000)
  object space 84992K, 0% used [0x0000000085200000,0x0000000085216010,0x000000008a500000)
 Metaspace       used 20701K, capacity 21012K, committed 21248K, reserved 1067008K
  class space    used 2597K, capacity 2694K, committed 2816K, reserved 1048576K
Event: 1,021 GC heap after
Heap after GC invocations=3 (full 0):
 PSYoungGen      total 68608K, used 5101K [0x00000000d7100000, 0x00000000df700000, 0x0000000100000000)
  eden space 63488K, 0% used [0x00000000d7100000,0x00000000d7100000,0x00000000daf00000)
  from space 5120K, 99% used [0x00000000daf00000,0x00000000db3fb6d8,0x00000000db400000)
  to   space 5120K, 0% used [0x00000000df200000,0x00000000df200000,0x00000000df700000)
 ParOldGen       total 84992K, used 2410K [0x0000000085200000, 0x000000008a500000, 0x00000000d7100000)
  object space 84992K, 2% used [0x0000000085200000,0x000000008545a948,0x000000008a500000)
 Metaspace       used 20701K, capacity 21012K, committed 21248K, reserved 1067008K
  class space    used 2597K, capacity 2694K, committed 2816K, reserved 1048576K
}
Event: 1,021 GC heap before
{Heap before GC invocations=4 (full 1):
 PSYoungGen      total 68608K, used 5101K [0x00000000d7100000, 0x00000000df700000, 0x0000000100000000)
  eden space 63488K, 0% used [0x00000000d7100000,0x00000000d7100000,0x00000000daf00000)
  from space 5120K, 99% used [0x00000000daf00000,0x00000000db3fb6d8,0x00000000db400000)
  to   space 5120K, 0% used [0x00000000df200000,0x00000000df200000,0x00000000df700000)
 ParOldGen       total 84992K, used 2410K [0x0000000085200000, 0x000000008a500000, 0x00000000d7100000)
  object space 84992K, 2% used [0x0000000085200000,0x000000008545a948,0x000000008a500000)
 Metaspace       used 20701K, capacity 21012K, committed 21248K, reserved 1067008K
  class space    used 2597K, capacity 2694K, committed 2816K, reserved 1048576K
Event: 1,045 GC heap after
Heap after GC invocations=4 (full 1):
 PSYoungGen      total 68608K, used 0K [0x00000000d7100000, 0x00000000df700000, 0x0000000100000000)
  eden space 63488K, 0% used [0x00000000d7100000,0x00000000d7100000,0x00000000daf00000)
  from space 5120K, 0% used [0x00000000daf00000,0x00000000daf00000,0x00000000db400000)
  to   space 5120K, 0% used [0x00000000df200000,0x00000000df200000,0x00000000df700000)
 ParOldGen       total 54784K, used 7253K [0x0000000085200000, 0x0000000088780000, 0x00000000d7100000)
  object space 54784K, 13% used [0x0000000085200000,0x0000000085915690,0x0000000088780000)
 Metaspace       used 20701K, capacity 21012K, committed 21248K, reserved 1067008K
  class space    used 2597K, capacity 2694K, committed 2816K, reserved 1048576K
}
Event: 7,059 GC heap before
{Heap before GC invocations=5 (full 1):
 PSYoungGen      total 68608K, used 63488K [0x00000000d7100000, 0x00000000df700000, 0x0000000100000000)
  eden space 63488K, 100% used [0x00000000d7100000,0x00000000daf00000,0x00000000daf00000)
  from space 5120K, 0% used [0x00000000daf00000,0x00000000daf00000,0x00000000db400000)
  to   space 5120K, 0% used [0x00000000df200000,0x00000000df200000,0x00000000df700000)
 ParOldGen       total 54784K, used 7253K [0x0000000085200000, 0x0000000088780000, 0x00000000d7100000)
  object space 54784K, 13% used [0x0000000085200000,0x0000000085915690,0x0000000088780000)
 Metaspace       used 34223K, capacity 34990K, committed 35200K, reserved 1079296K
  class space    used 4684K, capacity 4886K, committed 4992K, reserved 1048576K
Event: 7,070 GC heap after
Heap after GC invocations=5 (full 1):
 PSYoungGen      total 101888K, used 5114K [0x00000000d7100000, 0x00000000df700000, 0x0000000100000000)
  eden space 96768K, 0% used [0x00000000d7100000,0x00000000d7100000,0x00000000dcf80000)
  from space 5120K, 99% used [0x00000000df200000,0x00000000df6fe958,0x00000000df700000)
  to   space 5120K, 0% used [0x00000000ded00000,0x00000000ded00000,0x00000000df200000)
 ParOldGen       total 54784K, used 12672K [0x0000000085200000, 0x0000000088780000, 0x00000000d7100000)
  object space 54784K, 23% used [0x0000000085200000,0x0000000085e60090,0x0000000088780000)
 Metaspace       used 34223K, capacity 34990K, committed 35200K, reserved 1079296K
  class space    used 4684K, capacity 4886K, committed 4992K, reserved 1048576K
}
Event: 7,095 GC heap before
{Heap before GC invocations=6 (full 1):
 PSYoungGen      total 101888K, used 7287K [0x00000000d7100000, 0x00000000df700000, 0x0000000100000000)
  eden space 96768K, 2% used [0x00000000d7100000,0x00000000d731f698,0x00000000dcf80000)
  from space 5120K, 99% used [0x00000000df200000,0x00000000df6fe958,0x00000000df700000)
  to   space 5120K, 0% used [0x00000000ded00000,0x00000000ded00000,0x00000000df200000)
 ParOldGen       total 54784K, used 12672K [0x0000000085200000, 0x0000000088780000, 0x00000000d7100000)
  object space 54784K, 23% used [0x0000000085200000,0x0000000085e60090,0x0000000088780000)
 Metaspace       used 34541K, capacity 35278K, committed 35416K, reserved 1079296K
  class space    used 4715K, capacity 4918K, committed 4992K, reserved 1048576K
Event: 7,101 GC heap after
Heap after GC invocations=6 (full 1):
 PSYoungGen      total 132096K, used 4860K [0x00000000d7100000, 0x00000000e2b00000, 0x0000000100000000)
  eden space 126976K, 0% used [0x00000000d7100000,0x00000000d7100000,0x00000000ded00000)
  from space 5120K, 94% used [0x00000000ded00000,0x00000000df1bf390,0x00000000df200000)
  to   space 10752K, 0% used [0x00000000e2080000,0x00000000e2080000,0x00000000e2b00000)
 ParOldGen       total 54784K, used 12680K [0x0000000085200000, 0x0000000088780000, 0x00000000d7100000)
  object space 54784K, 23% used [0x0000000085200000,0x0000000085e62090,0x0000000088780000)
 Metaspace       used 34541K, capacity 35278K, committed 35416K, reserved 1079296K
  class space    used 4715K, capacity 4918K, committed 4992K, reserved 1048576K
}
Event: 7,101 GC heap before
{Heap before GC invocations=7 (full 2):
 PSYoungGen      total 132096K, used 4860K [0x00000000d7100000, 0x00000000e2b00000, 0x0000000100000000)
  eden space 126976K, 0% used [0x00000000d7100000,0x00000000d7100000,0x00000000ded00000)
  from space 5120K, 94% used [0x00000000ded00000,0x00000000df1bf390,0x00000000df200000)
  to   space 10752K, 0% used [0x00000000e2080000,0x00000000e2080000,0x00000000e2b00000)
 ParOldGen       total 54784K, used 12680K [0x0000000085200000, 0x0000000088780000, 0x00000000d7100000)
  object space 54784K, 23% used [0x0000000085200000,0x0000000085e62090,0x0000000088780000)
 Metaspace       used 34541K, capacity 35278K, committed 35416K, reserved 1079296K
  class space    used 4715K, capacity 4918K, committed 4992K, reserved 1048576K
Event: 7,137 GC heap after
Heap after GC invocations=7 (full 2):
 PSYoungGen      total 132096K, used 0K [0x00000000d7100000, 0x00000000e2b00000, 0x0000000100000000)
  eden space 126976K, 0% used [0x00000000d7100000,0x00000000d7100000,0x00000000ded00000)
  from space 5120K, 0% used [0x00000000ded00000,0x00000000ded00000,0x00000000df200000)
  to   space 10752K, 0% used [0x00000000e2080000,0x00000000e2080000,0x00000000e2b00000)
 ParOldGen       total 69120K, used 9982K [0x0000000085200000, 0x0000000089580000, 0x00000000d7100000)
  object space 69120K, 14% used [0x0000000085200000,0x0000000085bbf980,0x0000000089580000)
 Metaspace       used 34541K, capacity 35278K, committed 35416K, reserved 1079296K
  class space    used 4715K, capacity 4918K, committed 4992K, reserved 1048576K
}

