# JRE version: Java(TM) SE Runtime Environment (8.0_131-b11) (build 1.8.0_131-b11)
# Java VM: Java HotSpot(TM) 64-Bit Server VM (25.131-b11 mixed mode linux-amd64 compressed oops)
Heap:
 PSYoungGen      total 132096K, used 47646K [0x00000000d7100000, 0x00000000e2d80000, 0x0000000100000000)
  eden space 126976K, 37% used [0x00000000d7100000,0x00000000d9f87940,0x00000000ded00000)
  from space 5120K, 0% used [0x00000000ded00000,0x00000000ded00000,0x00000000df200000)
  to   space 11264K, 0% used [0x00000000e2280000,0x00000000e2280000,0x00000000e2d80000)
 ParOldGen       total 69120K, used 9247K [0x0000000085200000, 0x0000000089580000, 0x00000000d7100000)
  object space 69120K, 13% used [0x0000000085200000,0x0000000085b07c88,0x0000000089580000)
 Metaspace       used 37764K, capacity 38784K, committed 39000K, reserved 1083392K
  class space    used 5212K, capacity 5461K, committed 5504K, reserved 1048576K
GC Heap History (10 events):
Event: 1,189 GC heap before
{Heap before GC invocations=3 (full 0):
 PSYoungGen      total 68608K, used 25293K [0x00000000d7100000, 0x00000000db900000, 0x0000000100000000)
  eden space 63488K, 31% used [0x00000000d7100000,0x00000000d84b5210,0x00000000daf00000)
  from space 5120K, 99% used [0x00000000db400000,0x00000000db8fe338,0x00000000db900000)
  to   space 5120K, 0% used [0x00000000daf00000,0x00000000daf00000,0x00000000db400000)
 ParOldGen       total 84992K, used 1609K [0x0000000085200000, 0x000000008a500000, 0x00000000d7100000)
  object space 84992K, 1% used [0x0000000085200000,0x00000000853927e8,0x000000008a500000)
 Metaspace       used 20652K, capacity 21068K, committed 21248K, reserved 1067008K
  class space    used 2616K, capacity 2743K, committed 2816K, reserved 1048576K
Event: 1,198 GC heap after
Heap after GC invocations=3 (full 0):
 PSYoungGen      total 68608K, used 5110K [0x00000000d7100000, 0x00000000df700000, 0x0000000100000000)
  eden space 63488K, 0% used [0x00000000d7100000,0x00000000d7100000,0x00000000daf00000)
  from space 5120K, 99% used [0x00000000daf00000,0x00000000db3fda50,0x00000000db400000)
  to   space 5120K, 0% used [0x00000000df200000,0x00000000df200000,0x00000000df700000)
 ParOldGen       total 84992K, used 4405K [0x0000000085200000, 0x000000008a500000, 0x00000000d7100000)
  object space 84992K, 5% used [0x0000000085200000,0x000000008564d4b0,0x000000008a500000)
 Metaspace       used 20652K, capacity 21068K, committed 21248K, reserved 1067008K
  class space    used 2616K, capacity 2743K, committed 2816K, reserved 1048576K
}
Event: 1,198 GC heap before
{Heap before GC invocations=4 (full 1):
 PSYoungGen      total 68608K, used 5110K [0x00000000d7100000, 0x00000000df700000, 0x0000000100000000)
  eden space 63488K, 0% used [0x00000000d7100000,0x00000000d7100000,0x00000000daf00000)
  from space 5120K, 99% used [0x00000000daf00000,0x00000000db3fda50,0x00000000db400000)
  to   space 5120K, 0% used [0x00000000df200000,0x00000000df200000,0x00000000df700000)
 ParOldGen       total 84992K, used 4405K [0x0000000085200000, 0x000000008a500000, 0x00000000d7100000)
  object space 84992K, 5% used [0x0000000085200000,0x000000008564d4b0,0x000000008a500000)
 Metaspace       used 20652K, capacity 21068K, committed 21248K, reserved 1067008K
  class space    used 2616K, capacity 2743K, committed 2816K, reserved 1048576K
Event: 1,225 GC heap after
Heap after GC invocations=4 (full 1):
 PSYoungGen      total 68608K, used 0K [0x00000000d7100000, 0x00000000df700000, 0x0000000100000000)
  eden space 63488K, 0% used [0x00000000d7100000,0x00000000d7100000,0x00000000daf00000)
  from space 5120K, 0% used [0x00000000daf00000,0x00000000daf00000,0x00000000db400000)
  to   space 5120K, 0% used [0x00000000df200000,0x00000000df200000,0x00000000df700000)
 ParOldGen       total 55808K, used 7684K [0x0000000085200000, 0x0000000088880000, 0x00000000d7100000)
  object space 55808K, 13% used [0x0000000085200000,0x0000000085981318,0x0000000088880000)
 Metaspace       used 20652K, capacity 21068K, committed 21248K, reserved 1067008K
  class space    used 2616K, capacity 2743K, committed 2816K, reserved 1048576K
}
Event: 5,022 GC heap before
{Heap before GC invocations=5 (full 1):
 PSYoungGen      total 68608K, used 63488K [0x00000000d7100000, 0x00000000df700000, 0x0000000100000000)
  eden space 63488K, 100% used [0x00000000d7100000,0x00000000daf00000,0x00000000daf00000)
  from space 5120K, 0% used [0x00000000daf00000,0x00000000daf00000,0x00000000db400000)
  to   space 5120K, 0% used [0x00000000df200000,0x00000000df200000,0x00000000df700000)
 ParOldGen       total 55808K, used 7684K [0x0000000085200000, 0x0000000088880000, 0x00000000d7100000)
  object space 55808K, 13% used [0x0000000085200000,0x0000000085981318,0x0000000088880000)
 Metaspace       used 34032K, capacity 34760K, committed 35072K, reserved 1079296K
  class space    used 4649K, capacity 4843K, committed 4864K, reserved 1048576K
Event: 5,031 GC heap after
Heap after GC invocations=5 (full 1):
 PSYoungGen      total 102912K, used 5116K [0x00000000d7100000, 0x00000000df700000, 0x0000000100000000)
  eden space 97792K, 0% used [0x00000000d7100000,0x00000000d7100000,0x00000000dd080000)
  from space 5120K, 99% used [0x00000000df200000,0x00000000df6ff3f8,0x00000000df700000)
  to   space 5120K, 0% used [0x00000000ded00000,0x00000000ded00000,0x00000000df200000)
 ParOldGen       total 55808K, used 12829K [0x0000000085200000, 0x0000000088880000, 0x00000000d7100000)
  object space 55808K, 22% used [0x0000000085200000,0x0000000085e87630,0x0000000088880000)
 Metaspace       used 34032K, capacity 34760K, committed 35072K, reserved 1079296K
  class space    used 4649K, capacity 4843K, committed 4864K, reserved 1048576K
}
Event: 5,073 GC heap before
{Heap before GC invocations=6 (full 1):
 PSYoungGen      total 102912K, used 8865K [0x00000000d7100000, 0x00000000df700000, 0x0000000100000000)
  eden space 97792K, 3% used [0x00000000d7100000,0x00000000d74a92a0,0x00000000dd080000)
  from space 5120K, 99% used [0x00000000df200000,0x00000000df6ff3f8,0x00000000df700000)
  to   space 5120K, 0% used [0x00000000ded00000,0x00000000ded00000,0x00000000df200000)
 ParOldGen       total 55808K, used 12829K [0x0000000085200000, 0x0000000088880000, 0x00000000d7100000)
  object space 55808K, 22% used [0x0000000085200000,0x0000000085e87630,0x0000000088880000)
 Metaspace       used 34593K, capacity 35272K, committed 35416K, reserved 1079296K
  class space    used 4713K, capacity 4907K, committed 4992K, reserved 1048576K
Event: 5,082 GC heap after
Heap after GC invocations=6 (full 1):
 PSYoungGen      total 132096K, used 4163K [0x00000000d7100000, 0x00000000e2d80000, 0x0000000100000000)
  eden space 126976K, 0% used [0x00000000d7100000,0x00000000d7100000,0x00000000ded00000)
  from space 5120K, 81% used [0x00000000ded00000,0x00000000df110c38,0x00000000df200000)
  to   space 11264K, 0% used [0x00000000e2280000,0x00000000e2280000,0x00000000e2d80000)
 ParOldGen       total 55808K, used 12829K [0x0000000085200000, 0x0000000088880000, 0x00000000d7100000)
  object space 55808K, 22% used [0x0000000085200000,0x0000000085e87630,0x0000000088880000)
 Metaspace       used 34593K, capacity 35272K, committed 35416K, reserved 1079296K
  class space    used 4713K, capacity 4907K, committed 4992K, reserved 1048576K
}
Event: 5,082 GC heap before
{Heap before GC invocations=7 (full 2):
 PSYoungGen      total 132096K, used 4163K [0x00000000d7100000, 0x00000000e2d80000, 0x0000000100000000)
  eden space 126976K, 0% used [0x00000000d7100000,0x00000000d7100000,0x00000000ded00000)
  from space 5120K, 81% used [0x00000000ded00000,0x00000000df110c38,0x00000000df200000)
  to   space 11264K, 0% used [0x00000000e2280000,0x00000000e2280000,0x00000000e2d80000)
 ParOldGen       total 55808K, used 12829K [0x0000000085200000, 0x0000000088880000, 0x00000000d7100000)
  object space 55808K, 22% used [0x0000000085200000,0x0000000085e87630,0x0000000088880000)
 Metaspace       used 34593K, capacity 35272K, committed 35416K, reserved 1079296K
  class space    used 4713K, capacity 4907K, committed 4992K, reserved 1048576K
Event: 5,127 GC heap after
Heap after GC invocations=7 (full 2):
 PSYoungGen      total 132096K, used 0K [0x00000000d7100000, 0x00000000e2d80000, 0x0000000100000000)
  eden space 126976K, 0% used [0x00000000d7100000,0x00000000d7100000,0x00000000ded00000)
  from space 5120K, 0% used [0x00000000ded00000,0x00000000ded00000,0x00000000df200000)
  to   space 11264K, 0% used [0x00000000e2280000,0x00000000e2280000,0x00000000e2d80000)
 ParOldGen       total 69120K, used 9247K [0x0000000085200000, 0x0000000089580000, 0x00000000d7100000)
  object space 69120K, 13% used [0x0000000085200000,0x0000000085b07c88,0x0000000089580000)
 Metaspace       used 34593K, capacity 35272K, committed 35416K, reserved 1079296K
  class space    used 4713K, capacity 4907K, committed 4992K, reserved 1048576K
}

