# JRE version: Java(TM) SE Runtime Environment (8.0_131-b11) (build 1.8.0_131-b11)
# Java VM: Java HotSpot(TM) 64-Bit Server VM (25.131-b11 mixed mode linux-amd64 compressed oops)
Heap:
 PSYoungGen      total 132096K, used 65269K [0x00000000d7100000, 0x00000000e2e00000, 0x0000000100000000)
  eden space 126976K, 51% used [0x00000000d7100000,0x00000000db0bd438,0x00000000ded00000)
  from space 5120K, 0% used [0x00000000ded00000,0x00000000ded00000,0x00000000df200000)
  to   space 11776K, 0% used [0x00000000e2280000,0x00000000e2280000,0x00000000e2e00000)
 ParOldGen       total 68608K, used 9178K [0x0000000085200000, 0x0000000089500000, 0x00000000d7100000)
  object space 68608K, 13% used [0x0000000085200000,0x0000000085af69b0,0x0000000089500000)
 Metaspace       used 40393K, capacity 41906K, committed 41944K, reserved 1085440K
  class space    used 5573K, capacity 5848K, committed 5848K, reserved 1048576K
GC Heap History (10 events):
Event: 1,121 GC heap before
{Heap before GC invocations=3 (full 0):
 PSYoungGen      total 68608K, used 25237K [0x00000000d7100000, 0x00000000db900000, 0x0000000100000000)
  eden space 63488K, 31% used [0x00000000d7100000,0x00000000d84a6e70,0x00000000daf00000)
  from space 5120K, 99% used [0x00000000db400000,0x00000000db8fe938,0x00000000db900000)
  to   space 5120K, 0% used [0x00000000daf00000,0x00000000daf00000,0x00000000db400000)
 ParOldGen       total 84992K, used 1438K [0x0000000085200000, 0x000000008a500000, 0x00000000d7100000)
  object space 84992K, 1% used [0x0000000085200000,0x0000000085367860,0x000000008a500000)
 Metaspace       used 20664K, capacity 21068K, committed 21248K, reserved 1067008K
  class space    used 2616K, capacity 2743K, committed 2816K, reserved 1048576K
Event: 1,128 GC heap after
Heap after GC invocations=3 (full 0):
 PSYoungGen      total 68608K, used 5094K [0x00000000d7100000, 0x00000000df700000, 0x0000000100000000)
  eden space 63488K, 0% used [0x00000000d7100000,0x00000000d7100000,0x00000000daf00000)
  from space 5120K, 99% used [0x00000000daf00000,0x00000000db3f9a40,0x00000000db400000)
  to   space 5120K, 0% used [0x00000000df200000,0x00000000df200000,0x00000000df700000)
 ParOldGen       total 84992K, used 4147K [0x0000000085200000, 0x000000008a500000, 0x00000000d7100000)
  object space 84992K, 4% used [0x0000000085200000,0x000000008560cc98,0x000000008a500000)
 Metaspace       used 20664K, capacity 21068K, committed 21248K, reserved 1067008K
  class space    used 2616K, capacity 2743K, committed 2816K, reserved 1048576K
}
Event: 1,128 GC heap before
{Heap before GC invocations=4 (full 1):
 PSYoungGen      total 68608K, used 5094K [0x00000000d7100000, 0x00000000df700000, 0x0000000100000000)
  eden space 63488K, 0% used [0x00000000d7100000,0x00000000d7100000,0x00000000daf00000)
  from space 5120K, 99% used [0x00000000daf00000,0x00000000db3f9a40,0x00000000db400000)
  to   space 5120K, 0% used [0x00000000df200000,0x00000000df200000,0x00000000df700000)
 ParOldGen       total 84992K, used 4147K [0x0000000085200000, 0x000000008a500000, 0x00000000d7100000)
  object space 84992K, 4% used [0x0000000085200000,0x000000008560cc98,0x000000008a500000)
 Metaspace       used 20664K, capacity 21068K, committed 21248K, reserved 1067008K
  class space    used 2616K, capacity 2743K, committed 2816K, reserved 1048576K
Event: 1,155 GC heap after
Heap after GC invocations=4 (full 1):
 PSYoungGen      total 68608K, used 0K [0x00000000d7100000, 0x00000000df700000, 0x0000000100000000)
  eden space 63488K, 0% used [0x00000000d7100000,0x00000000d7100000,0x00000000daf00000)
  from space 5120K, 0% used [0x00000000daf00000,0x00000000daf00000,0x00000000db400000)
  to   space 5120K, 0% used [0x00000000df200000,0x00000000df200000,0x00000000df700000)
 ParOldGen       total 55296K, used 7686K [0x0000000085200000, 0x0000000088800000, 0x00000000d7100000)
  object space 55296K, 13% used [0x0000000085200000,0x00000000859818a0,0x0000000088800000)
 Metaspace       used 20664K, capacity 21068K, committed 21248K, reserved 1067008K
  class space    used 2616K, capacity 2743K, committed 2816K, reserved 1048576K
}
Event: 4,902 GC heap before
{Heap before GC invocations=5 (full 1):
 PSYoungGen      total 68608K, used 63488K [0x00000000d7100000, 0x00000000df700000, 0x0000000100000000)
  eden space 63488K, 100% used [0x00000000d7100000,0x00000000daf00000,0x00000000daf00000)
  from space 5120K, 0% used [0x00000000daf00000,0x00000000daf00000,0x00000000db400000)
  to   space 5120K, 0% used [0x00000000df200000,0x00000000df200000,0x00000000df700000)
 ParOldGen       total 55296K, used 7686K [0x0000000085200000, 0x0000000088800000, 0x00000000d7100000)
  object space 55296K, 13% used [0x0000000085200000,0x00000000859818a0,0x0000000088800000)
 Metaspace       used 34027K, capacity 34816K, committed 35072K, reserved 1079296K
  class space    used 4643K, capacity 4841K, committed 4864K, reserved 1048576K
Event: 4,911 GC heap after
Heap after GC invocations=5 (full 1):
 PSYoungGen      total 104448K, used 5118K [0x00000000d7100000, 0x00000000df700000, 0x0000000100000000)
  eden space 99328K, 0% used [0x00000000d7100000,0x00000000d7100000,0x00000000dd200000)
  from space 5120K, 99% used [0x00000000df200000,0x00000000df6ffbb8,0x00000000df700000)
  to   space 5120K, 0% used [0x00000000ded00000,0x00000000ded00000,0x00000000df200000)
 ParOldGen       total 55296K, used 12910K [0x0000000085200000, 0x0000000088800000, 0x00000000d7100000)
  object space 55296K, 23% used [0x0000000085200000,0x0000000085e9b928,0x0000000088800000)
 Metaspace       used 34027K, capacity 34816K, committed 35072K, reserved 1079296K
  class space    used 4643K, capacity 4841K, committed 4864K, reserved 1048576K
}
Event: 4,948 GC heap before
{Heap before GC invocations=6 (full 1):
 PSYoungGen      total 104448K, used 8858K [0x00000000d7100000, 0x00000000df700000, 0x0000000100000000)
  eden space 99328K, 3% used [0x00000000d7100000,0x00000000d74a6d18,0x00000000dd200000)
  from space 5120K, 99% used [0x00000000df200000,0x00000000df6ffbb8,0x00000000df700000)
  to   space 5120K, 0% used [0x00000000ded00000,0x00000000ded00000,0x00000000df200000)
 ParOldGen       total 55296K, used 12910K [0x0000000085200000, 0x0000000088800000, 0x00000000d7100000)
  object space 55296K, 23% used [0x0000000085200000,0x0000000085e9b928,0x0000000088800000)
 Metaspace       used 34504K, capacity 35264K, committed 35416K, reserved 1079296K
  class space    used 4704K, capacity 4905K, committed 4952K, reserved 1048576K
Event: 4,954 GC heap after
Heap after GC invocations=6 (full 1):
 PSYoungGen      total 132096K, used 4119K [0x00000000d7100000, 0x00000000e2e00000, 0x0000000100000000)
  eden space 126976K, 0% used [0x00000000d7100000,0x00000000d7100000,0x00000000ded00000)
  from space 5120K, 80% used [0x00000000ded00000,0x00000000df105f90,0x00000000df200000)
  to   space 11776K, 0% used [0x00000000e2280000,0x00000000e2280000,0x00000000e2e00000)
 ParOldGen       total 55296K, used 12910K [0x0000000085200000, 0x0000000088800000, 0x00000000d7100000)
  object space 55296K, 23% used [0x0000000085200000,0x0000000085e9b928,0x0000000088800000)
 Metaspace       used 34504K, capacity 35264K, committed 35416K, reserved 1079296K
  class space    used 4704K, capacity 4905K, committed 4952K, reserved 1048576K
}
Event: 4,954 GC heap before
{Heap before GC invocations=7 (full 2):
 PSYoungGen      total 132096K, used 4119K [0x00000000d7100000, 0x00000000e2e00000, 0x0000000100000000)
  eden space 126976K, 0% used [0x00000000d7100000,0x00000000d7100000,0x00000000ded00000)
  from space 5120K, 80% used [0x00000000ded00000,0x00000000df105f90,0x00000000df200000)
  to   space 11776K, 0% used [0x00000000e2280000,0x00000000e2280000,0x00000000e2e00000)
 ParOldGen       total 55296K, used 12910K [0x0000000085200000, 0x0000000088800000, 0x00000000d7100000)
  object space 55296K, 23% used [0x0000000085200000,0x0000000085e9b928,0x0000000088800000)
 Metaspace       used 34504K, capacity 35264K, committed 35416K, reserved 1079296K
  class space    used 4704K, capacity 4905K, committed 4952K, reserved 1048576K
Event: 4,987 GC heap after
Heap after GC invocations=7 (full 2):
 PSYoungGen      total 132096K, used 0K [0x00000000d7100000, 0x00000000e2e00000, 0x0000000100000000)
  eden space 126976K, 0% used [0x00000000d7100000,0x00000000d7100000,0x00000000ded00000)
  from space 5120K, 0% used [0x00000000ded00000,0x00000000ded00000,0x00000000df200000)
  to   space 11776K, 0% used [0x00000000e2280000,0x00000000e2280000,0x00000000e2e00000)
 ParOldGen       total 68608K, used 9178K [0x0000000085200000, 0x0000000089500000, 0x00000000d7100000)
  object space 68608K, 13% used [0x0000000085200000,0x0000000085af69b0,0x0000000089500000)
 Metaspace       used 34504K, capacity 35264K, committed 35416K, reserved 1079296K
  class space    used 4704K, capacity 4905K, committed 4952K, reserved 1048576K
}

