# JRE version: Java(TM) SE Runtime Environment (8.0_131-b11) (build 1.8.0_131-b11)
# Java VM: Java HotSpot(TM) 64-Bit Server VM (25.131-b11 mixed mode linux-amd64 compressed oops)
Heap:
 PSYoungGen      total 68608K, used 34275K [0x00000000d7100000, 0x00000000dcf00000, 0x0000000100000000)
  eden space 63488K, 53% used [0x00000000d7100000,0x00000000d9278e68,0x00000000daf00000)
  from space 5120K, 0% used [0x00000000daf00000,0x00000000daf00000,0x00000000db400000)
  to   space 8704K, 0% used [0x00000000dc680000,0x00000000dc680000,0x00000000dcf00000)
 ParOldGen       total 74240K, used 11881K [0x0000000085200000, 0x0000000089a80000, 0x00000000d7100000)
  object space 74240K, 16% used [0x0000000085200000,0x0000000085d9a5f8,0x0000000089a80000)
 Metaspace       used 37725K, capacity 38756K, committed 39000K, reserved 1083392K
  class space    used 5222K, capacity 5461K, committed 5504K, reserved 1048576K
GC Heap History (10 events):
Event: 1,138 GC heap before
{Heap before GC invocations=3 (full 0):
 PSYoungGen      total 36864K, used 24609K [0x00000000d7100000, 0x00000000db900000, 0x0000000100000000)
  eden space 31744K, 61% used [0x00000000d7100000,0x00000000d8424768,0x00000000d9000000)
  from space 5120K, 97% used [0x00000000d9500000,0x00000000d99e3fd0,0x00000000d9a00000)
  to   space 5120K, 0% used [0x00000000d9000000,0x00000000d9000000,0x00000000d9500000)
 ParOldGen       total 84992K, used 1074K [0x0000000085200000, 0x000000008a500000, 0x00000000d7100000)
  object space 84992K, 1% used [0x0000000085200000,0x000000008530c8b0,0x000000008a500000)
 Metaspace       used 20724K, capacity 21086K, committed 21248K, reserved 1067008K
  class space    used 2613K, capacity 2736K, committed 2816K, reserved 1048576K
Event: 1,146 GC heap after
Heap after GC invocations=3 (full 0):
 PSYoungGen      total 36864K, used 5113K [0x00000000d7100000, 0x00000000db900000, 0x0000000100000000)
  eden space 31744K, 0% used [0x00000000d7100000,0x00000000d7100000,0x00000000d9000000)
  from space 5120K, 99% used [0x00000000d9000000,0x00000000d94fe790,0x00000000d9500000)
  to   space 5120K, 0% used [0x00000000db400000,0x00000000db400000,0x00000000db900000)
 ParOldGen       total 84992K, used 3460K [0x0000000085200000, 0x000000008a500000, 0x00000000d7100000)
  object space 84992K, 4% used [0x0000000085200000,0x00000000855611c0,0x000000008a500000)
 Metaspace       used 20724K, capacity 21086K, committed 21248K, reserved 1067008K
  class space    used 2613K, capacity 2736K, committed 2816K, reserved 1048576K
}
Event: 1,146 GC heap before
{Heap before GC invocations=4 (full 1):
 PSYoungGen      total 36864K, used 5113K [0x00000000d7100000, 0x00000000db900000, 0x0000000100000000)
  eden space 31744K, 0% used [0x00000000d7100000,0x00000000d7100000,0x00000000d9000000)
  from space 5120K, 99% used [0x00000000d9000000,0x00000000d94fe790,0x00000000d9500000)
  to   space 5120K, 0% used [0x00000000db400000,0x00000000db400000,0x00000000db900000)
 ParOldGen       total 84992K, used 3460K [0x0000000085200000, 0x000000008a500000, 0x00000000d7100000)
  object space 84992K, 4% used [0x0000000085200000,0x00000000855611c0,0x000000008a500000)
 Metaspace       used 20724K, capacity 21086K, committed 21248K, reserved 1067008K
  class space    used 2613K, capacity 2736K, committed 2816K, reserved 1048576K
Event: 1,175 GC heap after
Heap after GC invocations=4 (full 1):
 PSYoungGen      total 36864K, used 0K [0x00000000d7100000, 0x00000000db900000, 0x0000000100000000)
  eden space 31744K, 0% used [0x00000000d7100000,0x00000000d7100000,0x00000000d9000000)
  from space 5120K, 0% used [0x00000000d9000000,0x00000000d9000000,0x00000000d9500000)
  to   space 5120K, 0% used [0x00000000db400000,0x00000000db400000,0x00000000db900000)
 ParOldGen       total 53248K, used 7348K [0x0000000085200000, 0x0000000088600000, 0x00000000d7100000)
  object space 53248K, 13% used [0x0000000085200000,0x000000008592d290,0x0000000088600000)
 Metaspace       used 20724K, capacity 21086K, committed 21248K, reserved 1067008K
  class space    used 2613K, capacity 2736K, committed 2816K, reserved 1048576K
}
Event: 1,521 GC heap before
{Heap before GC invocations=5 (full 1):
 PSYoungGen      total 36864K, used 31744K [0x00000000d7100000, 0x00000000db900000, 0x0000000100000000)
  eden space 31744K, 100% used [0x00000000d7100000,0x00000000d9000000,0x00000000d9000000)
  from space 5120K, 0% used [0x00000000d9000000,0x00000000d9000000,0x00000000d9500000)
  to   space 5120K, 0% used [0x00000000db400000,0x00000000db400000,0x00000000db900000)
 ParOldGen       total 53248K, used 7348K [0x0000000085200000, 0x0000000088600000, 0x00000000d7100000)
  object space 53248K, 13% used [0x0000000085200000,0x000000008592d290,0x0000000088600000)
 Metaspace       used 26157K, capacity 26588K, committed 26880K, reserved 1073152K
  class space    used 3364K, capacity 3481K, committed 3584K, reserved 1048576K
Event: 1,526 GC heap after
Heap after GC invocations=5 (full 1):
 PSYoungGen      total 56320K, used 5092K [0x00000000d7100000, 0x00000000db900000, 0x0000000100000000)
  eden space 51200K, 0% used [0x00000000d7100000,0x00000000d7100000,0x00000000da300000)
  from space 5120K, 99% used [0x00000000db400000,0x00000000db8f91c8,0x00000000db900000)
  to   space 5120K, 0% used [0x00000000daf00000,0x00000000daf00000,0x00000000db400000)
 ParOldGen       total 53248K, used 7448K [0x0000000085200000, 0x0000000088600000, 0x00000000d7100000)
  object space 53248K, 13% used [0x0000000085200000,0x0000000085946118,0x0000000088600000)
 Metaspace       used 26157K, capacity 26588K, committed 26880K, reserved 1073152K
  class space    used 3364K, capacity 3481K, committed 3584K, reserved 1048576K
}
Event: 8,130 GC heap before
{Heap before GC invocations=6 (full 1):
 PSYoungGen      total 56320K, used 43318K [0x00000000d7100000, 0x00000000db900000, 0x0000000100000000)
  eden space 51200K, 74% used [0x00000000d7100000,0x00000000d96547c8,0x00000000da300000)
  from space 5120K, 99% used [0x00000000db400000,0x00000000db8f91c8,0x00000000db900000)
  to   space 5120K, 0% used [0x00000000daf00000,0x00000000daf00000,0x00000000db400000)
 ParOldGen       total 53248K, used 7448K [0x0000000085200000, 0x0000000088600000, 0x00000000d7100000)
  object space 53248K, 13% used [0x0000000085200000,0x0000000085946118,0x0000000088600000)
 Metaspace       used 34691K, capacity 35372K, committed 35416K, reserved 1079296K
  class space    used 4770K, capacity 4987K, committed 4992K, reserved 1048576K
Event: 8,140 GC heap after
Heap after GC invocations=6 (full 1):
 PSYoungGen      total 68608K, used 5090K [0x00000000d7100000, 0x00000000dcf00000, 0x0000000100000000)
  eden space 63488K, 0% used [0x00000000d7100000,0x00000000d7100000,0x00000000daf00000)
  from space 5120K, 99% used [0x00000000daf00000,0x00000000db3f8900,0x00000000db400000)
  to   space 8704K, 0% used [0x00000000dc680000,0x00000000dc680000,0x00000000dcf00000)
 ParOldGen       total 53248K, used 10025K [0x0000000085200000, 0x0000000088600000, 0x00000000d7100000)
  object space 53248K, 18% used [0x0000000085200000,0x0000000085bca678,0x0000000088600000)
 Metaspace       used 34691K, capacity 35372K, committed 35416K, reserved 1079296K
  class space    used 4770K, capacity 4987K, committed 4992K, reserved 1048576K
}
Event: 8,140 GC heap before
{Heap before GC invocations=7 (full 2):
 PSYoungGen      total 68608K, used 5090K [0x00000000d7100000, 0x00000000dcf00000, 0x0000000100000000)
  eden space 63488K, 0% used [0x00000000d7100000,0x00000000d7100000,0x00000000daf00000)
  from space 5120K, 99% used [0x00000000daf00000,0x00000000db3f8900,0x00000000db400000)
  to   space 8704K, 0% used [0x00000000dc680000,0x00000000dc680000,0x00000000dcf00000)
 ParOldGen       total 53248K, used 10025K [0x0000000085200000, 0x0000000088600000, 0x00000000d7100000)
  object space 53248K, 18% used [0x0000000085200000,0x0000000085bca678,0x0000000088600000)
 Metaspace       used 34691K, capacity 35372K, committed 35416K, reserved 1079296K
  class space    used 4770K, capacity 4987K, committed 4992K, reserved 1048576K
Event: 8,184 GC heap after
Heap after GC invocations=7 (full 2):
 PSYoungGen      total 68608K, used 0K [0x00000000d7100000, 0x00000000dcf00000, 0x0000000100000000)
  eden space 63488K, 0% used [0x00000000d7100000,0x00000000d7100000,0x00000000daf00000)
  from space 5120K, 0% used [0x00000000daf00000,0x00000000daf00000,0x00000000db400000)
  to   space 8704K, 0% used [0x00000000dc680000,0x00000000dc680000,0x00000000dcf00000)
 ParOldGen       total 74240K, used 11881K [0x0000000085200000, 0x0000000089a80000, 0x00000000d7100000)
  object space 74240K, 16% used [0x0000000085200000,0x0000000085d9a5f8,0x0000000089a80000)
 Metaspace       used 34691K, capacity 35372K, committed 35416K, reserved 1079296K
  class space    used 4770K, capacity 4987K, committed 4992K, reserved 1048576K
}

