# JRE version: Java(TM) SE Runtime Environment (8.0_131-b11) (build 1.8.0_131-b11)
# Java VM: Java HotSpot(TM) 64-Bit Server VM (25.131-b11 mixed mode linux-amd64 compressed oops)
Heap:
 PSYoungGen      total 132096K, used 37184K [0x00000000d7100000, 0x00000000e1e00000, 0x0000000100000000)
  eden space 126976K, 29% used [0x00000000d7100000,0x00000000d95501d8,0x00000000ded00000)
  from space 5120K, 0% used [0x00000000ded00000,0x00000000ded00000,0x00000000df200000)
  to   space 10752K, 0% used [0x00000000e1380000,0x00000000e1380000,0x00000000e1e00000)
 ParOldGen       total 74752K, used 10648K [0x0000000085200000, 0x0000000089b00000, 0x00000000d7100000)
  object space 74752K, 14% used [0x0000000085200000,0x0000000085c66060,0x0000000089b00000)
 Metaspace       used 37711K, capacity 38764K, committed 39000K, reserved 1083392K
  class space    used 5202K, capacity 5451K, committed 5504K, reserved 1048576K
GC Heap History (10 events):
Event: 1,070 GC heap before
{Heap before GC invocations=3 (full 0):
 PSYoungGen      total 68608K, used 25274K [0x00000000d7100000, 0x00000000db900000, 0x0000000100000000)
  eden space 63488K, 31% used [0x00000000d7100000,0x00000000d84af3f0,0x00000000daf00000)
  from space 5120K, 99% used [0x00000000db400000,0x00000000db8ff5b0,0x00000000db900000)
  to   space 5120K, 0% used [0x00000000daf00000,0x00000000daf00000,0x00000000db400000)
 ParOldGen       total 84992K, used 1083K [0x0000000085200000, 0x000000008a500000, 0x00000000d7100000)
  object space 84992K, 1% used [0x0000000085200000,0x000000008530ee90,0x000000008a500000)
 Metaspace       used 20702K, capacity 21086K, committed 21248K, reserved 1067008K
  class space    used 2613K, capacity 2736K, committed 2816K, reserved 1048576K
Event: 1,077 GC heap after
Heap after GC invocations=3 (full 0):
 PSYoungGen      total 68608K, used 5097K [0x00000000d7100000, 0x00000000df700000, 0x0000000100000000)
  eden space 63488K, 0% used [0x00000000d7100000,0x00000000d7100000,0x00000000daf00000)
  from space 5120K, 99% used [0x00000000daf00000,0x00000000db3fa780,0x00000000db400000)
  to   space 5120K, 0% used [0x00000000df200000,0x00000000df200000,0x00000000df700000)
 ParOldGen       total 84992K, used 3618K [0x0000000085200000, 0x000000008a500000, 0x00000000d7100000)
  object space 84992K, 4% used [0x0000000085200000,0x00000000855889a8,0x000000008a500000)
 Metaspace       used 20702K, capacity 21086K, committed 21248K, reserved 1067008K
  class space    used 2613K, capacity 2736K, committed 2816K, reserved 1048576K
}
Event: 1,077 GC heap before
{Heap before GC invocations=4 (full 1):
 PSYoungGen      total 68608K, used 5097K [0x00000000d7100000, 0x00000000df700000, 0x0000000100000000)
  eden space 63488K, 0% used [0x00000000d7100000,0x00000000d7100000,0x00000000daf00000)
  from space 5120K, 99% used [0x00000000daf00000,0x00000000db3fa780,0x00000000db400000)
  to   space 5120K, 0% used [0x00000000df200000,0x00000000df200000,0x00000000df700000)
 ParOldGen       total 84992K, used 3618K [0x0000000085200000, 0x000000008a500000, 0x00000000d7100000)
  object space 84992K, 4% used [0x0000000085200000,0x00000000855889a8,0x000000008a500000)
 Metaspace       used 20702K, capacity 21086K, committed 21248K, reserved 1067008K
  class space    used 2613K, capacity 2736K, committed 2816K, reserved 1048576K
Event: 1,099 GC heap after
Heap after GC invocations=4 (full 1):
 PSYoungGen      total 68608K, used 0K [0x00000000d7100000, 0x00000000df700000, 0x0000000100000000)
  eden space 63488K, 0% used [0x00000000d7100000,0x00000000d7100000,0x00000000daf00000)
  from space 5120K, 0% used [0x00000000daf00000,0x00000000daf00000,0x00000000db400000)
  to   space 5120K, 0% used [0x00000000df200000,0x00000000df200000,0x00000000df700000)
 ParOldGen       total 56832K, used 7349K [0x0000000085200000, 0x0000000088980000, 0x00000000d7100000)
  object space 56832K, 12% used [0x0000000085200000,0x000000008592d6d8,0x0000000088980000)
 Metaspace       used 20702K, capacity 21086K, committed 21248K, reserved 1067008K
  class space    used 2613K, capacity 2736K, committed 2816K, reserved 1048576K
}
Event: 9,079 GC heap before
{Heap before GC invocations=5 (full 1):
 PSYoungGen      total 68608K, used 63488K [0x00000000d7100000, 0x00000000df700000, 0x0000000100000000)
  eden space 63488K, 100% used [0x00000000d7100000,0x00000000daf00000,0x00000000daf00000)
  from space 5120K, 0% used [0x00000000daf00000,0x00000000daf00000,0x00000000db400000)
  to   space 5120K, 0% used [0x00000000df200000,0x00000000df200000,0x00000000df700000)
 ParOldGen       total 56832K, used 7349K [0x0000000085200000, 0x0000000088980000, 0x00000000d7100000)
  object space 56832K, 12% used [0x0000000085200000,0x000000008592d6d8,0x0000000088980000)
 Metaspace       used 33385K, capacity 34118K, committed 34304K, reserved 1079296K
  class space    used 4607K, capacity 4822K, committed 4864K, reserved 1048576K
Event: 9,091 GC heap after
Heap after GC invocations=5 (full 1):
 PSYoungGen      total 99840K, used 5092K [0x00000000d7100000, 0x00000000df700000, 0x0000000100000000)
  eden space 94720K, 0% used [0x00000000d7100000,0x00000000d7100000,0x00000000dcd80000)
  from space 5120K, 99% used [0x00000000df200000,0x00000000df6f9390,0x00000000df700000)
  to   space 5120K, 0% used [0x00000000ded00000,0x00000000ded00000,0x00000000df200000)
 ParOldGen       total 56832K, used 12857K [0x0000000085200000, 0x0000000088980000, 0x00000000d7100000)
  object space 56832K, 22% used [0x0000000085200000,0x0000000085e8e510,0x0000000088980000)
 Metaspace       used 33385K, capacity 34118K, committed 34304K, reserved 1079296K
  class space    used 4607K, capacity 4822K, committed 4864K, reserved 1048576K
}
Event: 9,187 GC heap before
{Heap before GC invocations=6 (full 1):
 PSYoungGen      total 99840K, used 12481K [0x00000000d7100000, 0x00000000df700000, 0x0000000100000000)
  eden space 94720K, 7% used [0x00000000d7100000,0x00000000d7837198,0x00000000dcd80000)
  from space 5120K, 99% used [0x00000000df200000,0x00000000df6f9390,0x00000000df700000)
  to   space 5120K, 0% used [0x00000000ded00000,0x00000000ded00000,0x00000000df200000)
 ParOldGen       total 56832K, used 12857K [0x0000000085200000, 0x0000000088980000, 0x00000000d7100000)
  object space 56832K, 22% used [0x0000000085200000,0x0000000085e8e510,0x0000000088980000)
 Metaspace       used 34700K, capacity 35390K, committed 35416K, reserved 1079296K
  class space    used 4767K, capacity 4988K, committed 4992K, reserved 1048576K
Event: 9,197 GC heap after
Heap after GC invocations=6 (full 1):
 PSYoungGen      total 132096K, used 5090K [0x00000000d7100000, 0x00000000e1e00000, 0x0000000100000000)
  eden space 126976K, 0% used [0x00000000d7100000,0x00000000d7100000,0x00000000ded00000)
  from space 5120K, 99% used [0x00000000ded00000,0x00000000df1f8900,0x00000000df200000)
  to   space 10752K, 0% used [0x00000000e1380000,0x00000000e1380000,0x00000000e1e00000)
 ParOldGen       total 56832K, used 13830K [0x0000000085200000, 0x0000000088980000, 0x00000000d7100000)
  object space 56832K, 24% used [0x0000000085200000,0x0000000085f81b20,0x0000000088980000)
 Metaspace       used 34700K, capacity 35390K, committed 35416K, reserved 1079296K
  class space    used 4767K, capacity 4988K, committed 4992K, reserved 1048576K
}
Event: 9,197 GC heap before
{Heap before GC invocations=7 (full 2):
 PSYoungGen      total 132096K, used 5090K [0x00000000d7100000, 0x00000000e1e00000, 0x0000000100000000)
  eden space 126976K, 0% used [0x00000000d7100000,0x00000000d7100000,0x00000000ded00000)
  from space 5120K, 99% used [0x00000000ded00000,0x00000000df1f8900,0x00000000df200000)
  to   space 10752K, 0% used [0x00000000e1380000,0x00000000e1380000,0x00000000e1e00000)
 ParOldGen       total 56832K, used 13830K [0x0000000085200000, 0x0000000088980000, 0x00000000d7100000)
  object space 56832K, 24% used [0x0000000085200000,0x0000000085f81b20,0x0000000088980000)
 Metaspace       used 34700K, capacity 35390K, committed 35416K, reserved 1079296K
  class space    used 4767K, capacity 4988K, committed 4992K, reserved 1048576K
Event: 9,242 GC heap after
Heap after GC invocations=7 (full 2):
 PSYoungGen      total 132096K, used 0K [0x00000000d7100000, 0x00000000e1e00000, 0x0000000100000000)
  eden space 126976K, 0% used [0x00000000d7100000,0x00000000d7100000,0x00000000ded00000)
  from space 5120K, 0% used [0x00000000ded00000,0x00000000ded00000,0x00000000df200000)
  to   space 10752K, 0% used [0x00000000e1380000,0x00000000e1380000,0x00000000e1e00000)
 ParOldGen       total 74752K, used 10648K [0x0000000085200000, 0x0000000089b00000, 0x00000000d7100000)
  object space 74752K, 14% used [0x0000000085200000,0x0000000085c66060,0x0000000089b00000)
 Metaspace       used 34700K, capacity 35390K, committed 35416K, reserved 1079296K
  class space    used 4767K, capacity 4988K, committed 4992K, reserved 1048576K
}

