# JRE version: Java(TM) SE Runtime Environment (8.0_131-b11) (build 1.8.0_131-b11)
# Java VM: Java HotSpot(TM) 64-Bit Server VM (25.131-b11 mixed mode linux-amd64 compressed oops)
Heap:
 PSYoungGen      total 132096K, used 41547K [0x00000000d7100000, 0x00000000e2780000, 0x0000000100000000)
  eden space 126976K, 32% used [0x00000000d7100000,0x00000000d9992d48,0x00000000ded00000)
  from space 5120K, 0% used [0x00000000ded00000,0x00000000ded00000,0x00000000df200000)
  to   space 11264K, 0% used [0x00000000e1c80000,0x00000000e1c80000,0x00000000e2780000)
 ParOldGen       total 71680K, used 10575K [0x0000000085200000, 0x0000000089800000, 0x00000000d7100000)
  object space 71680K, 14% used [0x0000000085200000,0x0000000085c53c90,0x0000000089800000)
 Metaspace       used 38619K, capacity 39892K, committed 40024K, reserved 1083392K
  class space    used 5371K, capacity 5653K, committed 5760K, reserved 1048576K
GC Heap History (10 events):
Event: 1,149 GC heap before
{Heap before GC invocations=3 (full 0):
 PSYoungGen      total 68608K, used 25379K [0x00000000d7100000, 0x00000000db900000, 0x0000000100000000)
  eden space 63488K, 31% used [0x00000000d7100000,0x00000000d84c8c70,0x00000000daf00000)
  from space 5120K, 99% used [0x00000000db400000,0x00000000db8fffe0,0x00000000db900000)
  to   space 5120K, 0% used [0x00000000daf00000,0x00000000daf00000,0x00000000db400000)
 ParOldGen       total 84992K, used 1039K [0x0000000085200000, 0x000000008a500000, 0x00000000d7100000)
  object space 84992K, 1% used [0x0000000085200000,0x0000000085303f68,0x000000008a500000)
 Metaspace       used 20733K, capacity 21086K, committed 21248K, reserved 1067008K
  class space    used 2613K, capacity 2736K, committed 2816K, reserved 1048576K
Event: 1,156 GC heap after
Heap after GC invocations=3 (full 0):
 PSYoungGen      total 68608K, used 5097K [0x00000000d7100000, 0x00000000df700000, 0x0000000100000000)
  eden space 63488K, 0% used [0x00000000d7100000,0x00000000d7100000,0x00000000daf00000)
  from space 5120K, 99% used [0x00000000daf00000,0x00000000db3fa7a0,0x00000000db400000)
  to   space 5120K, 0% used [0x00000000df200000,0x00000000df200000,0x00000000df700000)
 ParOldGen       total 84992K, used 3538K [0x0000000085200000, 0x000000008a500000, 0x00000000d7100000)
  object space 84992K, 4% used [0x0000000085200000,0x0000000085574b90,0x000000008a500000)
 Metaspace       used 20733K, capacity 21086K, committed 21248K, reserved 1067008K
  class space    used 2613K, capacity 2736K, committed 2816K, reserved 1048576K
}
Event: 1,156 GC heap before
{Heap before GC invocations=4 (full 1):
 PSYoungGen      total 68608K, used 5097K [0x00000000d7100000, 0x00000000df700000, 0x0000000100000000)
  eden space 63488K, 0% used [0x00000000d7100000,0x00000000d7100000,0x00000000daf00000)
  from space 5120K, 99% used [0x00000000daf00000,0x00000000db3fa7a0,0x00000000db400000)
  to   space 5120K, 0% used [0x00000000df200000,0x00000000df200000,0x00000000df700000)
 ParOldGen       total 84992K, used 3538K [0x0000000085200000, 0x000000008a500000, 0x00000000d7100000)
  object space 84992K, 4% used [0x0000000085200000,0x0000000085574b90,0x000000008a500000)
 Metaspace       used 20733K, capacity 21086K, committed 21248K, reserved 1067008K
  class space    used 2613K, capacity 2736K, committed 2816K, reserved 1048576K
Event: 1,179 GC heap after
Heap after GC invocations=4 (full 1):
 PSYoungGen      total 68608K, used 0K [0x00000000d7100000, 0x00000000df700000, 0x0000000100000000)
  eden space 63488K, 0% used [0x00000000d7100000,0x00000000d7100000,0x00000000daf00000)
  from space 5120K, 0% used [0x00000000daf00000,0x00000000daf00000,0x00000000db400000)
  to   space 5120K, 0% used [0x00000000df200000,0x00000000df200000,0x00000000df700000)
 ParOldGen       total 55808K, used 7351K [0x0000000085200000, 0x0000000088880000, 0x00000000d7100000)
  object space 55808K, 13% used [0x0000000085200000,0x000000008592df88,0x0000000088880000)
 Metaspace       used 20733K, capacity 21086K, committed 21248K, reserved 1067008K
  class space    used 2613K, capacity 2736K, committed 2816K, reserved 1048576K
}
Event: 7,946 GC heap before
{Heap before GC invocations=5 (full 1):
 PSYoungGen      total 68608K, used 63488K [0x00000000d7100000, 0x00000000df700000, 0x0000000100000000)
  eden space 63488K, 100% used [0x00000000d7100000,0x00000000daf00000,0x00000000daf00000)
  from space 5120K, 0% used [0x00000000daf00000,0x00000000daf00000,0x00000000db400000)
  to   space 5120K, 0% used [0x00000000df200000,0x00000000df200000,0x00000000df700000)
 ParOldGen       total 55808K, used 7351K [0x0000000085200000, 0x0000000088880000, 0x00000000d7100000)
  object space 55808K, 13% used [0x0000000085200000,0x000000008592df88,0x0000000088880000)
 Metaspace       used 33492K, capacity 34292K, committed 34560K, reserved 1079296K
  class space    used 4624K, capacity 4859K, committed 4864K, reserved 1048576K
Event: 7,957 GC heap after
Heap after GC invocations=5 (full 1):
 PSYoungGen      total 102400K, used 5106K [0x00000000d7100000, 0x00000000df700000, 0x0000000100000000)
  eden space 97280K, 0% used [0x00000000d7100000,0x00000000d7100000,0x00000000dd000000)
  from space 5120K, 99% used [0x00000000df200000,0x00000000df6fc910,0x00000000df700000)
  to   space 5120K, 0% used [0x00000000ded00000,0x00000000ded00000,0x00000000df200000)
 ParOldGen       total 55808K, used 12927K [0x0000000085200000, 0x0000000088880000, 0x00000000d7100000)
  object space 55808K, 23% used [0x0000000085200000,0x0000000085e9ff50,0x0000000088880000)
 Metaspace       used 33492K, capacity 34292K, committed 34560K, reserved 1079296K
  class space    used 4624K, capacity 4859K, committed 4864K, reserved 1048576K
}
Event: 8,041 GC heap before
{Heap before GC invocations=6 (full 1):
 PSYoungGen      total 102400K, used 12721K [0x00000000d7100000, 0x00000000df700000, 0x0000000100000000)
  eden space 97280K, 7% used [0x00000000d7100000,0x00000000d786fda0,0x00000000dd000000)
  from space 5120K, 99% used [0x00000000df200000,0x00000000df6fc910,0x00000000df700000)
  to   space 5120K, 0% used [0x00000000ded00000,0x00000000ded00000,0x00000000df200000)
 ParOldGen       total 55808K, used 12927K [0x0000000085200000, 0x0000000088880000, 0x00000000d7100000)
  object space 55808K, 23% used [0x0000000085200000,0x0000000085e9ff50,0x0000000088880000)
 Metaspace       used 34654K, capacity 35386K, committed 35416K, reserved 1079296K
  class space    used 4765K, capacity 4988K, committed 4992K, reserved 1048576K
Event: 8,051 GC heap after
Heap after GC invocations=6 (full 1):
 PSYoungGen      total 132096K, used 5106K [0x00000000d7100000, 0x00000000e2780000, 0x0000000100000000)
  eden space 126976K, 0% used [0x00000000d7100000,0x00000000d7100000,0x00000000ded00000)
  from space 5120K, 99% used [0x00000000ded00000,0x00000000df1fc8f8,0x00000000df200000)
  to   space 11264K, 0% used [0x00000000e1c80000,0x00000000e1c80000,0x00000000e2780000)
 ParOldGen       total 55808K, used 13835K [0x0000000085200000, 0x0000000088880000, 0x00000000d7100000)
  object space 55808K, 24% used [0x0000000085200000,0x0000000085f82cc8,0x0000000088880000)
 Metaspace       used 34654K, capacity 35386K, committed 35416K, reserved 1079296K
  class space    used 4765K, capacity 4988K, committed 4992K, reserved 1048576K
}
Event: 8,051 GC heap before
{Heap before GC invocations=7 (full 2):
 PSYoungGen      total 132096K, used 5106K [0x00000000d7100000, 0x00000000e2780000, 0x0000000100000000)
  eden space 126976K, 0% used [0x00000000d7100000,0x00000000d7100000,0x00000000ded00000)
  from space 5120K, 99% used [0x00000000ded00000,0x00000000df1fc8f8,0x00000000df200000)
  to   space 11264K, 0% used [0x00000000e1c80000,0x00000000e1c80000,0x00000000e2780000)
 ParOldGen       total 55808K, used 13835K [0x0000000085200000, 0x0000000088880000, 0x00000000d7100000)
  object space 55808K, 24% used [0x0000000085200000,0x0000000085f82cc8,0x0000000088880000)
 Metaspace       used 34654K, capacity 35386K, committed 35416K, reserved 1079296K
  class space    used 4765K, capacity 4988K, committed 4992K, reserved 1048576K
Event: 8,092 GC heap after
Heap after GC invocations=7 (full 2):
 PSYoungGen      total 132096K, used 0K [0x00000000d7100000, 0x00000000e2780000, 0x0000000100000000)
  eden space 126976K, 0% used [0x00000000d7100000,0x00000000d7100000,0x00000000ded00000)
  from space 5120K, 0% used [0x00000000ded00000,0x00000000ded00000,0x00000000df200000)
  to   space 11264K, 0% used [0x00000000e1c80000,0x00000000e1c80000,0x00000000e2780000)
 ParOldGen       total 71680K, used 10575K [0x0000000085200000, 0x0000000089800000, 0x00000000d7100000)
  object space 71680K, 14% used [0x0000000085200000,0x0000000085c53c90,0x0000000089800000)
 Metaspace       used 34654K, capacity 35386K, committed 35416K, reserved 1079296K
  class space    used 4765K, capacity 4988K, committed 4992K, reserved 1048576K
}

