# JRE version: Java(TM) SE Runtime Environment (8.0_131-b11) (build 1.8.0_131-b11)
# Java VM: Java HotSpot(TM) 64-Bit Server VM (25.131-b11 mixed mode linux-amd64 compressed oops)
Heap:
 PSYoungGen      total 132096K, used 34664K [0x00000000d7100000, 0x00000000e0500000, 0x0000000100000000)
  eden space 126976K, 27% used [0x00000000d7100000,0x00000000d92da068,0x00000000ded00000)
  from space 5120K, 0% used [0x00000000ded00000,0x00000000ded00000,0x00000000df200000)
  to   space 10752K, 0% used [0x00000000dfa80000,0x00000000dfa80000,0x00000000e0500000)
 ParOldGen       total 84480K, used 10490K [0x0000000085200000, 0x000000008a480000, 0x00000000d7100000)
  object space 84480K, 12% used [0x0000000085200000,0x0000000085c3eb08,0x000000008a480000)
 Metaspace       used 37208K, capacity 38146K, committed 38360K, reserved 1083392K
  class space    used 5094K, capacity 5336K, committed 5376K, reserved 1048576K
GC Heap History (10 events):
Event: 1,101 GC heap before
{Heap before GC invocations=3 (full 0):
 PSYoungGen      total 68608K, used 25888K [0x00000000d7100000, 0x00000000db900000, 0x0000000100000000)
  eden space 63488K, 33% used [0x00000000d7100000,0x00000000d85a3f70,0x00000000daf00000)
  from space 5120K, 92% used [0x00000000db400000,0x00000000db8a4130,0x00000000db900000)
  to   space 5120K, 0% used [0x00000000daf00000,0x00000000daf00000,0x00000000db400000)
 ParOldGen       total 84992K, used 507K [0x0000000085200000, 0x000000008a500000, 0x00000000d7100000)
  object space 84992K, 0% used [0x0000000085200000,0x000000008527ed38,0x000000008a500000)
 Metaspace       used 20733K, capacity 21084K, committed 21248K, reserved 1067008K
  class space    used 2593K, capacity 2735K, committed 2816K, reserved 1048576K
Event: 1,109 GC heap after
Heap after GC invocations=3 (full 0):
 PSYoungGen      total 68608K, used 5109K [0x00000000d7100000, 0x00000000df700000, 0x0000000100000000)
  eden space 63488K, 0% used [0x00000000d7100000,0x00000000d7100000,0x00000000daf00000)
  from space 5120K, 99% used [0x00000000daf00000,0x00000000db3fd470,0x00000000db400000)
  to   space 5120K, 0% used [0x00000000df200000,0x00000000df200000,0x00000000df700000)
 ParOldGen       total 84992K, used 2592K [0x0000000085200000, 0x000000008a500000, 0x00000000d7100000)
  object space 84992K, 3% used [0x0000000085200000,0x0000000085488368,0x000000008a500000)
 Metaspace       used 20733K, capacity 21084K, committed 21248K, reserved 1067008K
  class space    used 2593K, capacity 2735K, committed 2816K, reserved 1048576K
}
Event: 1,109 GC heap before
{Heap before GC invocations=4 (full 1):
 PSYoungGen      total 68608K, used 5109K [0x00000000d7100000, 0x00000000df700000, 0x0000000100000000)
  eden space 63488K, 0% used [0x00000000d7100000,0x00000000d7100000,0x00000000daf00000)
  from space 5120K, 99% used [0x00000000daf00000,0x00000000db3fd470,0x00000000db400000)
  to   space 5120K, 0% used [0x00000000df200000,0x00000000df200000,0x00000000df700000)
 ParOldGen       total 84992K, used 2592K [0x0000000085200000, 0x000000008a500000, 0x00000000d7100000)
  object space 84992K, 3% used [0x0000000085200000,0x0000000085488368,0x000000008a500000)
 Metaspace       used 20733K, capacity 21084K, committed 21248K, reserved 1067008K
  class space    used 2593K, capacity 2735K, committed 2816K, reserved 1048576K
Event: 1,148 GC heap after
Heap after GC invocations=4 (full 1):
 PSYoungGen      total 68608K, used 0K [0x00000000d7100000, 0x00000000df700000, 0x0000000100000000)
  eden space 63488K, 0% used [0x00000000d7100000,0x00000000d7100000,0x00000000daf00000)
  from space 5120K, 0% used [0x00000000daf00000,0x00000000daf00000,0x00000000db400000)
  to   space 5120K, 0% used [0x00000000df200000,0x00000000df200000,0x00000000df700000)
 ParOldGen       total 60416K, used 6997K [0x0000000085200000, 0x0000000088d00000, 0x00000000d7100000)
  object space 60416K, 11% used [0x0000000085200000,0x00000000858d55e0,0x0000000088d00000)
 Metaspace       used 20733K, capacity 21084K, committed 21248K, reserved 1067008K
  class space    used 2593K, capacity 2735K, committed 2816K, reserved 1048576K
}
Event: 11,681 GC heap before
{Heap before GC invocations=5 (full 1):
 PSYoungGen      total 68608K, used 63488K [0x00000000d7100000, 0x00000000df700000, 0x0000000100000000)
  eden space 63488K, 100% used [0x00000000d7100000,0x00000000daf00000,0x00000000daf00000)
  from space 5120K, 0% used [0x00000000daf00000,0x00000000daf00000,0x00000000db400000)
  to   space 5120K, 0% used [0x00000000df200000,0x00000000df200000,0x00000000df700000)
 ParOldGen       total 60416K, used 6997K [0x0000000085200000, 0x0000000088d00000, 0x00000000d7100000)
  object space 60416K, 11% used [0x0000000085200000,0x00000000858d55e0,0x0000000088d00000)
 Metaspace       used 33536K, capacity 34252K, committed 34560K, reserved 1079296K
  class space    used 4597K, capacity 4827K, committed 4864K, reserved 1048576K
Event: 11,692 GC heap after
Heap after GC invocations=5 (full 1):
 PSYoungGen      total 91136K, used 5104K [0x00000000d7100000, 0x00000000df700000, 0x0000000100000000)
  eden space 86016K, 0% used [0x00000000d7100000,0x00000000d7100000,0x00000000dc500000)
  from space 5120K, 99% used [0x00000000df200000,0x00000000df6fc048,0x00000000df700000)
  to   space 5120K, 0% used [0x00000000ded00000,0x00000000ded00000,0x00000000df200000)
 ParOldGen       total 60416K, used 12462K [0x0000000085200000, 0x0000000088d00000, 0x00000000d7100000)
  object space 60416K, 20% used [0x0000000085200000,0x0000000085e2bb40,0x0000000088d00000)
 Metaspace       used 33536K, capacity 34252K, committed 34560K, reserved 1079296K
  class space    used 4597K, capacity 4827K, committed 4864K, reserved 1048576K
}
Event: 11,773 GC heap before
{Heap before GC invocations=6 (full 1):
 PSYoungGen      total 91136K, used 11767K [0x00000000d7100000, 0x00000000df700000, 0x0000000100000000)
  eden space 86016K, 7% used [0x00000000d7100000,0x00000000d7781d00,0x00000000dc500000)
  from space 5120K, 99% used [0x00000000df200000,0x00000000df6fc048,0x00000000df700000)
  to   space 5120K, 0% used [0x00000000ded00000,0x00000000ded00000,0x00000000df200000)
 ParOldGen       total 60416K, used 12462K [0x0000000085200000, 0x0000000088d00000, 0x00000000d7100000)
  object space 60416K, 20% used [0x0000000085200000,0x0000000085e2bb40,0x0000000088d00000)
 Metaspace       used 34613K, capacity 35346K, committed 35416K, reserved 1079296K
  class space    used 4726K, capacity 4956K, committed 4992K, reserved 1048576K
Event: 11,781 GC heap after
Heap after GC invocations=6 (full 1):
 PSYoungGen      total 132096K, used 5088K [0x00000000d7100000, 0x00000000e0500000, 0x0000000100000000)
  eden space 126976K, 0% used [0x00000000d7100000,0x00000000d7100000,0x00000000ded00000)
  from space 5120K, 99% used [0x00000000ded00000,0x00000000df1f8068,0x00000000df200000)
  to   space 10752K, 0% used [0x00000000dfa80000,0x00000000dfa80000,0x00000000e0500000)
 ParOldGen       total 60416K, used 13316K [0x0000000085200000, 0x0000000088d00000, 0x00000000d7100000)
  object space 60416K, 22% used [0x0000000085200000,0x0000000085f011f8,0x0000000088d00000)
 Metaspace       used 34613K, capacity 35346K, committed 35416K, reserved 1079296K
  class space    used 4726K, capacity 4956K, committed 4992K, reserved 1048576K
}
Event: 11,781 GC heap before
{Heap before GC invocations=7 (full 2):
 PSYoungGen      total 132096K, used 5088K [0x00000000d7100000, 0x00000000e0500000, 0x0000000100000000)
  eden space 126976K, 0% used [0x00000000d7100000,0x00000000d7100000,0x00000000ded00000)
  from space 5120K, 99% used [0x00000000ded00000,0x00000000df1f8068,0x00000000df200000)
  to   space 10752K, 0% used [0x00000000dfa80000,0x00000000dfa80000,0x00000000e0500000)
 ParOldGen       total 60416K, used 13316K [0x0000000085200000, 0x0000000088d00000, 0x00000000d7100000)
  object space 60416K, 22% used [0x0000000085200000,0x0000000085f011f8,0x0000000088d00000)
 Metaspace       used 34613K, capacity 35346K, committed 35416K, reserved 1079296K
  class space    used 4726K, capacity 4956K, committed 4992K, reserved 1048576K
Event: 11,821 GC heap after
Heap after GC invocations=7 (full 2):
 PSYoungGen      total 132096K, used 0K [0x00000000d7100000, 0x00000000e0500000, 0x0000000100000000)
  eden space 126976K, 0% used [0x00000000d7100000,0x00000000d7100000,0x00000000ded00000)
  from space 5120K, 0% used [0x00000000ded00000,0x00000000ded00000,0x00000000df200000)
  to   space 10752K, 0% used [0x00000000dfa80000,0x00000000dfa80000,0x00000000e0500000)
 ParOldGen       total 84480K, used 10490K [0x0000000085200000, 0x000000008a480000, 0x00000000d7100000)
  object space 84480K, 12% used [0x0000000085200000,0x0000000085c3eb08,0x000000008a480000)
 Metaspace       used 34613K, capacity 35346K, committed 35416K, reserved 1079296K
  class space    used 4726K, capacity 4956K, committed 4992K, reserved 1048576K
}

