# JRE version: Java(TM) SE Runtime Environment (8.0_131-b11) (build 1.8.0_131-b11)
# Java VM: Java HotSpot(TM) 64-Bit Server VM (25.131-b11 mixed mode linux-amd64 compressed oops)
Heap:
 PSYoungGen      total 132096K, used 58790K [0x00000000d7100000, 0x00000000e2600000, 0x0000000100000000)
  eden space 126976K, 46% used [0x00000000d7100000,0x00000000daa69aa8,0x00000000ded00000)
  from space 5120K, 0% used [0x00000000ded00000,0x00000000ded00000,0x00000000df200000)
  to   space 13312K, 0% used [0x00000000e1900000,0x00000000e1900000,0x00000000e2600000)
 ParOldGen       total 73216K, used 9396K [0x0000000085200000, 0x0000000089980000, 0x00000000d7100000)
  object space 73216K, 12% used [0x0000000085200000,0x0000000085b2d268,0x0000000089980000)
 Metaspace       used 40107K, capacity 41664K, committed 41944K, reserved 1085440K
  class space    used 5530K, capacity 5851K, committed 5888K, reserved 1048576K
GC Heap History (10 events):
Event: 1,193 GC heap before
{Heap before GC invocations=3 (full 0):
 PSYoungGen      total 68608K, used 36104K [0x00000000d7100000, 0x00000000db900000, 0x0000000100000000)
  eden space 63488K, 48% used [0x00000000d7100000,0x00000000d8f43560,0x00000000daf00000)
  from space 5120K, 99% used [0x00000000db400000,0x00000000db8fec40,0x00000000db900000)
  to   space 5120K, 0% used [0x00000000daf00000,0x00000000daf00000,0x00000000db400000)
 ParOldGen       total 84992K, used 9470K [0x0000000085200000, 0x000000008a500000, 0x00000000d7100000)
  object space 84992K, 11% used [0x0000000085200000,0x0000000085b3fa58,0x000000008a500000)
 Metaspace       used 20771K, capacity 21138K, committed 21248K, reserved 1067008K
  class space    used 2712K, capacity 2808K, committed 2816K, reserved 1048576K
Event: 1,205 GC heap after
Heap after GC invocations=3 (full 0):
 PSYoungGen      total 68608K, used 5116K [0x00000000d7100000, 0x00000000df700000, 0x0000000100000000)
  eden space 63488K, 0% used [0x00000000d7100000,0x00000000d7100000,0x00000000daf00000)
  from space 5120K, 99% used [0x00000000daf00000,0x00000000db3ff360,0x00000000db400000)
  to   space 5120K, 0% used [0x00000000df200000,0x00000000df200000,0x00000000df700000)
 ParOldGen       total 84992K, used 12963K [0x0000000085200000, 0x000000008a500000, 0x00000000d7100000)
  object space 84992K, 15% used [0x0000000085200000,0x0000000085ea8d28,0x000000008a500000)
 Metaspace       used 20771K, capacity 21138K, committed 21248K, reserved 1067008K
  class space    used 2712K, capacity 2808K, committed 2816K, reserved 1048576K
}
Event: 1,205 GC heap before
{Heap before GC invocations=4 (full 1):
 PSYoungGen      total 68608K, used 5116K [0x00000000d7100000, 0x00000000df700000, 0x0000000100000000)
  eden space 63488K, 0% used [0x00000000d7100000,0x00000000d7100000,0x00000000daf00000)
  from space 5120K, 99% used [0x00000000daf00000,0x00000000db3ff360,0x00000000db400000)
  to   space 5120K, 0% used [0x00000000df200000,0x00000000df200000,0x00000000df700000)
 ParOldGen       total 84992K, used 12963K [0x0000000085200000, 0x000000008a500000, 0x00000000d7100000)
  object space 84992K, 15% used [0x0000000085200000,0x0000000085ea8d28,0x000000008a500000)
 Metaspace       used 20771K, capacity 21138K, committed 21248K, reserved 1067008K
  class space    used 2712K, capacity 2808K, committed 2816K, reserved 1048576K
Event: 1,234 GC heap after
Heap after GC invocations=4 (full 1):
 PSYoungGen      total 68608K, used 0K [0x00000000d7100000, 0x00000000df700000, 0x0000000100000000)
  eden space 63488K, 0% used [0x00000000d7100000,0x00000000d7100000,0x00000000daf00000)
  from space 5120K, 0% used [0x00000000daf00000,0x00000000daf00000,0x00000000db400000)
  to   space 5120K, 0% used [0x00000000df200000,0x00000000df200000,0x00000000df700000)
 ParOldGen       total 71168K, used 17447K [0x0000000085200000, 0x0000000089780000, 0x00000000d7100000)
  object space 71168K, 24% used [0x0000000085200000,0x0000000086309ff8,0x0000000089780000)
 Metaspace       used 20771K, capacity 21138K, committed 21248K, reserved 1067008K
  class space    used 2712K, capacity 2808K, committed 2816K, reserved 1048576K
}
Event: 4,943 GC heap before
{Heap before GC invocations=5 (full 1):
 PSYoungGen      total 68608K, used 63488K [0x00000000d7100000, 0x00000000df700000, 0x0000000100000000)
  eden space 63488K, 100% used [0x00000000d7100000,0x00000000daf00000,0x00000000daf00000)
  from space 5120K, 0% used [0x00000000daf00000,0x00000000daf00000,0x00000000db400000)
  to   space 5120K, 0% used [0x00000000df200000,0x00000000df200000,0x00000000df700000)
 ParOldGen       total 71168K, used 17447K [0x0000000085200000, 0x0000000089780000, 0x00000000d7100000)
  object space 71168K, 24% used [0x0000000085200000,0x0000000086309ff8,0x0000000089780000)
 Metaspace       used 33940K, capacity 34792K, committed 34944K, reserved 1079296K
  class space    used 4667K, capacity 4891K, committed 4992K, reserved 1048576K
Event: 4,951 GC heap after
Heap after GC invocations=5 (full 1):
 PSYoungGen      total 98304K, used 5100K [0x00000000d7100000, 0x00000000df700000, 0x0000000100000000)
  eden space 93184K, 0% used [0x00000000d7100000,0x00000000d7100000,0x00000000dcc00000)
  from space 5120K, 99% used [0x00000000df200000,0x00000000df6fb070,0x00000000df700000)
  to   space 5120K, 0% used [0x00000000ded00000,0x00000000ded00000,0x00000000df200000)
 ParOldGen       total 71168K, used 22214K [0x0000000085200000, 0x0000000089780000, 0x00000000d7100000)
  object space 71168K, 31% used [0x0000000085200000,0x00000000867b1928,0x0000000089780000)
 Metaspace       used 33940K, capacity 34792K, committed 34944K, reserved 1079296K
  class space    used 4667K, capacity 4891K, committed 4992K, reserved 1048576K
}
Event: 4,993 GC heap before
{Heap before GC invocations=6 (full 1):
 PSYoungGen      total 98304K, used 8983K [0x00000000d7100000, 0x00000000df700000, 0x0000000100000000)
  eden space 93184K, 4% used [0x00000000d7100000,0x00000000d74cac50,0x00000000dcc00000)
  from space 5120K, 99% used [0x00000000df200000,0x00000000df6fb070,0x00000000df700000)
  to   space 5120K, 0% used [0x00000000ded00000,0x00000000ded00000,0x00000000df200000)
 ParOldGen       total 71168K, used 22214K [0x0000000085200000, 0x0000000089780000, 0x00000000d7100000)
  object space 71168K, 31% used [0x0000000085200000,0x00000000867b1928,0x0000000089780000)
 Metaspace       used 34603K, capacity 35374K, committed 35416K, reserved 1079296K
  class space    used 4743K, capacity 4956K, committed 4992K, reserved 1048576K
Event: 5,002 GC heap after
Heap after GC invocations=6 (full 1):
 PSYoungGen      total 132096K, used 4117K [0x00000000d7100000, 0x00000000e2600000, 0x0000000100000000)
  eden space 126976K, 0% used [0x00000000d7100000,0x00000000d7100000,0x00000000ded00000)
  from space 5120K, 80% used [0x00000000ded00000,0x00000000df1054d0,0x00000000df200000)
  to   space 13312K, 0% used [0x00000000e1900000,0x00000000e1900000,0x00000000e2600000)
 ParOldGen       total 71168K, used 22214K [0x0000000085200000, 0x0000000089780000, 0x00000000d7100000)
  object space 71168K, 31% used [0x0000000085200000,0x00000000867b1928,0x0000000089780000)
 Metaspace       used 34603K, capacity 35374K, committed 35416K, reserved 1079296K
  class space    used 4743K, capacity 4956K, committed 4992K, reserved 1048576K
}
Event: 5,002 GC heap before
{Heap before GC invocations=7 (full 2):
 PSYoungGen      total 132096K, used 4117K [0x00000000d7100000, 0x00000000e2600000, 0x0000000100000000)
  eden space 126976K, 0% used [0x00000000d7100000,0x00000000d7100000,0x00000000ded00000)
  from space 5120K, 80% used [0x00000000ded00000,0x00000000df1054d0,0x00000000df200000)
  to   space 13312K, 0% used [0x00000000e1900000,0x00000000e1900000,0x00000000e2600000)
 ParOldGen       total 71168K, used 22214K [0x0000000085200000, 0x0000000089780000, 0x00000000d7100000)
  object space 71168K, 31% used [0x0000000085200000,0x00000000867b1928,0x0000000089780000)
 Metaspace       used 34603K, capacity 35374K, committed 35416K, reserved 1079296K
  class space    used 4743K, capacity 4956K, committed 4992K, reserved 1048576K
Event: 5,044 GC heap after
Heap after GC invocations=7 (full 2):
 PSYoungGen      total 132096K, used 0K [0x00000000d7100000, 0x00000000e2600000, 0x0000000100000000)
  eden space 126976K, 0% used [0x00000000d7100000,0x00000000d7100000,0x00000000ded00000)
  from space 5120K, 0% used [0x00000000ded00000,0x00000000ded00000,0x00000000df200000)
  to   space 13312K, 0% used [0x00000000e1900000,0x00000000e1900000,0x00000000e2600000)
 ParOldGen       total 73216K, used 9396K [0x0000000085200000, 0x0000000089980000, 0x00000000d7100000)
  object space 73216K, 12% used [0x0000000085200000,0x0000000085b2d268,0x0000000089980000)
 Metaspace       used 34603K, capacity 35374K, committed 35416K, reserved 1079296K
  class space    used 4743K, capacity 4956K, committed 4992K, reserved 1048576K
}

