# JRE version: Java(TM) SE Runtime Environment (8.0_131-b11) (build 1.8.0_131-b11)
# Java VM: Java HotSpot(TM) 64-Bit Server VM (25.131-b11 mixed mode linux-amd64 compressed oops)
Heap:
 PSYoungGen      total 132096K, used 34801K [0x00000000d7100000, 0x00000000e2200000, 0x0000000100000000)
  eden space 126976K, 27% used [0x00000000d7100000,0x00000000d92fc648,0x00000000ded00000)
  from space 5120K, 0% used [0x00000000ded00000,0x00000000ded00000,0x00000000df200000)
  to   space 10752K, 0% used [0x00000000e1780000,0x00000000e1780000,0x00000000e2200000)
 ParOldGen       total 73216K, used 10103K [0x0000000085200000, 0x0000000089980000, 0x00000000d7100000)
  object space 73216K, 13% used [0x0000000085200000,0x0000000085bdde58,0x0000000089980000)
 Metaspace       used 37081K, capacity 38050K, committed 38104K, reserved 1081344K
  class space    used 5078K, capacity 5326K, committed 5376K, reserved 1048576K
GC Heap History (10 events):
Event: 1,037 GC heap before
{Heap before GC invocations=3 (full 0):
 PSYoungGen      total 68608K, used 29268K [0x00000000d7100000, 0x00000000db900000, 0x0000000100000000)
  eden space 63488K, 38% used [0x00000000d7100000,0x00000000d88ee090,0x00000000daf00000)
  from space 5120K, 93% used [0x00000000db400000,0x00000000db8a6fd0,0x00000000db900000)
  to   space 5120K, 0% used [0x00000000daf00000,0x00000000daf00000,0x00000000db400000)
 ParOldGen       total 84992K, used 24K [0x0000000085200000, 0x000000008a500000, 0x00000000d7100000)
  object space 84992K, 0% used [0x0000000085200000,0x0000000085206000,0x000000008a500000)
 Metaspace       used 20659K, capacity 21012K, committed 21248K, reserved 1067008K
  class space    used 2594K, capacity 2694K, committed 2816K, reserved 1048576K
Event: 1,045 GC heap after
Heap after GC invocations=3 (full 0):
 PSYoungGen      total 68608K, used 5096K [0x00000000d7100000, 0x00000000df700000, 0x0000000100000000)
  eden space 63488K, 0% used [0x00000000d7100000,0x00000000d7100000,0x00000000daf00000)
  from space 5120K, 99% used [0x00000000daf00000,0x00000000db3fa378,0x00000000db400000)
  to   space 5120K, 0% used [0x00000000df200000,0x00000000df200000,0x00000000df700000)
 ParOldGen       total 84992K, used 2482K [0x0000000085200000, 0x000000008a500000, 0x00000000d7100000)
  object space 84992K, 2% used [0x0000000085200000,0x000000008546cb40,0x000000008a500000)
 Metaspace       used 20659K, capacity 21012K, committed 21248K, reserved 1067008K
  class space    used 2594K, capacity 2694K, committed 2816K, reserved 1048576K
}
Event: 1,045 GC heap before
{Heap before GC invocations=4 (full 1):
 PSYoungGen      total 68608K, used 5096K [0x00000000d7100000, 0x00000000df700000, 0x0000000100000000)
  eden space 63488K, 0% used [0x00000000d7100000,0x00000000d7100000,0x00000000daf00000)
  from space 5120K, 99% used [0x00000000daf00000,0x00000000db3fa378,0x00000000db400000)
  to   space 5120K, 0% used [0x00000000df200000,0x00000000df200000,0x00000000df700000)
 ParOldGen       total 84992K, used 2482K [0x0000000085200000, 0x000000008a500000, 0x00000000d7100000)
  object space 84992K, 2% used [0x0000000085200000,0x000000008546cb40,0x000000008a500000)
 Metaspace       used 20659K, capacity 21012K, committed 21248K, reserved 1067008K
  class space    used 2594K, capacity 2694K, committed 2816K, reserved 1048576K
Event: 1,067 GC heap after
Heap after GC invocations=4 (full 1):
 PSYoungGen      total 68608K, used 0K [0x00000000d7100000, 0x00000000df700000, 0x0000000100000000)
  eden space 63488K, 0% used [0x00000000d7100000,0x00000000d7100000,0x00000000daf00000)
  from space 5120K, 0% used [0x00000000daf00000,0x00000000daf00000,0x00000000db400000)
  to   space 5120K, 0% used [0x00000000df200000,0x00000000df200000,0x00000000df700000)
 ParOldGen       total 56832K, used 7305K [0x0000000085200000, 0x0000000088980000, 0x00000000d7100000)
  object space 56832K, 12% used [0x0000000085200000,0x0000000085922798,0x0000000088980000)
 Metaspace       used 20659K, capacity 21012K, committed 21248K, reserved 1067008K
  class space    used 2594K, capacity 2694K, committed 2816K, reserved 1048576K
}
Event: 6,644 GC heap before
{Heap before GC invocations=5 (full 1):
 PSYoungGen      total 68608K, used 63488K [0x00000000d7100000, 0x00000000df700000, 0x0000000100000000)
  eden space 63488K, 100% used [0x00000000d7100000,0x00000000daf00000,0x00000000daf00000)
  from space 5120K, 0% used [0x00000000daf00000,0x00000000daf00000,0x00000000db400000)
  to   space 5120K, 0% used [0x00000000df200000,0x00000000df200000,0x00000000df700000)
 ParOldGen       total 56832K, used 7305K [0x0000000085200000, 0x0000000088980000, 0x00000000d7100000)
  object space 56832K, 12% used [0x0000000085200000,0x0000000085922798,0x0000000088980000)
 Metaspace       used 34161K, capacity 34880K, committed 35200K, reserved 1079296K
  class space    used 4681K, capacity 4917K, committed 4992K, reserved 1048576K
Event: 6,653 GC heap after
Heap after GC invocations=5 (full 1):
 PSYoungGen      total 98816K, used 5090K [0x00000000d7100000, 0x00000000df700000, 0x0000000100000000)
  eden space 93696K, 0% used [0x00000000d7100000,0x00000000d7100000,0x00000000dcc80000)
  from space 5120K, 99% used [0x00000000df200000,0x00000000df6f88e8,0x00000000df700000)
  to   space 5120K, 0% used [0x00000000ded00000,0x00000000ded00000,0x00000000df200000)
 ParOldGen       total 56832K, used 12778K [0x0000000085200000, 0x0000000088980000, 0x00000000d7100000)
  object space 56832K, 22% used [0x0000000085200000,0x0000000085e7aab0,0x0000000088980000)
 Metaspace       used 34161K, capacity 34880K, committed 35200K, reserved 1079296K
  class space    used 4681K, capacity 4917K, committed 4992K, reserved 1048576K
}
Event: 6,692 GC heap before
{Heap before GC invocations=6 (full 1):
 PSYoungGen      total 98816K, used 8887K [0x00000000d7100000, 0x00000000df700000, 0x0000000100000000)
  eden space 93696K, 4% used [0x00000000d7100000,0x00000000d74b54b0,0x00000000dcc80000)
  from space 5120K, 99% used [0x00000000df200000,0x00000000df6f88e8,0x00000000df700000)
  to   space 5120K, 0% used [0x00000000ded00000,0x00000000ded00000,0x00000000df200000)
 ParOldGen       total 56832K, used 12778K [0x0000000085200000, 0x0000000088980000, 0x00000000d7100000)
  object space 56832K, 22% used [0x0000000085200000,0x0000000085e7aab0,0x0000000088980000)
 Metaspace       used 34687K, capacity 35372K, committed 35416K, reserved 1079296K
  class space    used 4727K, capacity 4951K, committed 4992K, reserved 1048576K
Event: 6,699 GC heap after
Heap after GC invocations=6 (full 1):
 PSYoungGen      total 132096K, used 5106K [0x00000000d7100000, 0x00000000e2200000, 0x0000000100000000)
  eden space 126976K, 0% used [0x00000000d7100000,0x00000000d7100000,0x00000000ded00000)
  from space 5120K, 99% used [0x00000000ded00000,0x00000000df1fc908,0x00000000df200000)
  to   space 10752K, 0% used [0x00000000e1780000,0x00000000e1780000,0x00000000e2200000)
 ParOldGen       total 56832K, used 13139K [0x0000000085200000, 0x0000000088980000, 0x00000000d7100000)
  object space 56832K, 23% used [0x0000000085200000,0x0000000085ed4e60,0x0000000088980000)
 Metaspace       used 34687K, capacity 35372K, committed 35416K, reserved 1079296K
  class space    used 4727K, capacity 4951K, committed 4992K, reserved 1048576K
}
Event: 6,699 GC heap before
{Heap before GC invocations=7 (full 2):
 PSYoungGen      total 132096K, used 5106K [0x00000000d7100000, 0x00000000e2200000, 0x0000000100000000)
  eden space 126976K, 0% used [0x00000000d7100000,0x00000000d7100000,0x00000000ded00000)
  from space 5120K, 99% used [0x00000000ded00000,0x00000000df1fc908,0x00000000df200000)
  to   space 10752K, 0% used [0x00000000e1780000,0x00000000e1780000,0x00000000e2200000)
 ParOldGen       total 56832K, used 13139K [0x0000000085200000, 0x0000000088980000, 0x00000000d7100000)
  object space 56832K, 23% used [0x0000000085200000,0x0000000085ed4e60,0x0000000088980000)
 Metaspace       used 34687K, capacity 35372K, committed 35416K, reserved 1079296K
  class space    used 4727K, capacity 4951K, committed 4992K, reserved 1048576K
Event: 6,737 GC heap after
Heap after GC invocations=7 (full 2):
 PSYoungGen      total 132096K, used 0K [0x00000000d7100000, 0x00000000e2200000, 0x0000000100000000)
  eden space 126976K, 0% used [0x00000000d7100000,0x00000000d7100000,0x00000000ded00000)
  from space 5120K, 0% used [0x00000000ded00000,0x00000000ded00000,0x00000000df200000)
  to   space 10752K, 0% used [0x00000000e1780000,0x00000000e1780000,0x00000000e2200000)
 ParOldGen       total 73216K, used 10103K [0x0000000085200000, 0x0000000089980000, 0x00000000d7100000)
  object space 73216K, 13% used [0x0000000085200000,0x0000000085bdde58,0x0000000089980000)
 Metaspace       used 34687K, capacity 35372K, committed 35416K, reserved 1079296K
  class space    used 4727K, capacity 4951K, committed 4992K, reserved 1048576K
}

