# JRE version: Java(TM) SE Runtime Environment (8.0_131-b11) (build 1.8.0_131-b11)
# Java VM: Java HotSpot(TM) 64-Bit Server VM (25.131-b11 mixed mode linux-amd64 compressed oops)
Heap:
 PSYoungGen      total 150528K, used 13480K [0x00000000d7100000, 0x00000000e4780000, 0x0000000100000000)
  eden space 137728K, 5% used [0x00000000d7100000,0x00000000d77d8178,0x00000000df780000)
  from space 12800K, 50% used [0x00000000e0580000,0x00000000e0bd1ef8,0x00000000e1200000)
  to   space 14336K, 0% used [0x00000000df780000,0x00000000df780000,0x00000000e0580000)
 ParOldGen       total 246272K, used 105595K [0x0000000085200000, 0x0000000094280000, 0x00000000d7100000)
  object space 246272K, 42% used [0x0000000085200000,0x000000008b91ee70,0x0000000094280000)
 Metaspace       used 38749K, capacity 39824K, committed 40104K, reserved 1083392K
  class space    used 5275K, capacity 5501K, committed 5552K, reserved 1048576K
GC Heap History (10 events):
Event: 4,926 GC heap before
{Heap before GC invocations=5 (full 1):
 PSYoungGen      total 68608K, used 63488K [0x00000000d7100000, 0x00000000df700000, 0x0000000100000000)
  eden space 63488K, 100% used [0x00000000d7100000,0x00000000daf00000,0x00000000daf00000)
  from space 5120K, 0% used [0x00000000daf00000,0x00000000daf00000,0x00000000db400000)
  to   space 5120K, 0% used [0x00000000df200000,0x00000000df200000,0x00000000df700000)
 ParOldGen       total 70144K, used 15722K [0x0000000085200000, 0x0000000089680000, 0x00000000d7100000)
  object space 70144K, 22% used [0x0000000085200000,0x000000008615abd0,0x0000000089680000)
 Metaspace       used 31564K, capacity 32186K, committed 32304K, reserved 1077248K
  class space    used 4197K, capacity 4370K, committed 4400K, reserved 1048576K
Event: 4,935 GC heap after
Heap after GC invocations=5 (full 1):
 PSYoungGen      total 98304K, used 5097K [0x00000000d7100000, 0x00000000df700000, 0x0000000100000000)
  eden space 93184K, 0% used [0x00000000d7100000,0x00000000d7100000,0x00000000dcc00000)
  from space 5120K, 99% used [0x00000000df200000,0x00000000df6fa7f0,0x00000000df700000)
  to   space 5120K, 0% used [0x00000000ded00000,0x00000000ded00000,0x00000000df200000)
 ParOldGen       total 70144K, used 19389K [0x0000000085200000, 0x0000000089680000, 0x00000000d7100000)
  object space 70144K, 27% used [0x0000000085200000,0x00000000864ef5b8,0x0000000089680000)
 Metaspace       used 31564K, capacity 32186K, committed 32304K, reserved 1077248K
  class space    used 4197K, capacity 4370K, committed 4400K, reserved 1048576K
}
Event: 5,172 GC heap before
{Heap before GC invocations=6 (full 1):
 PSYoungGen      total 98304K, used 18237K [0x00000000d7100000, 0x00000000df700000, 0x0000000100000000)
  eden space 93184K, 14% used [0x00000000d7100000,0x00000000d7dd4c58,0x00000000dcc00000)
  from space 5120K, 99% used [0x00000000df200000,0x00000000df6fa7f0,0x00000000df700000)
  to   space 5120K, 0% used [0x00000000ded00000,0x00000000ded00000,0x00000000df200000)
 ParOldGen       total 70144K, used 19389K [0x0000000085200000, 0x0000000089680000, 0x00000000d7100000)
  object space 70144K, 27% used [0x0000000085200000,0x00000000864ef5b8,0x0000000089680000)
 Metaspace       used 34607K, capacity 35410K, committed 35496K, reserved 1079296K
  class space    used 4725K, capacity 4962K, committed 5040K, reserved 1048576K
Event: 5,179 GC heap after
Heap after GC invocations=6 (full 1):
 PSYoungGen      total 132096K, used 5110K [0x00000000d7100000, 0x00000000e1200000, 0x0000000100000000)
  eden space 126976K, 0% used [0x00000000d7100000,0x00000000d7100000,0x00000000ded00000)
  from space 5120K, 99% used [0x00000000ded00000,0x00000000df1fda68,0x00000000df200000)
  to   space 12800K, 0% used [0x00000000e0580000,0x00000000e0580000,0x00000000e1200000)
 ParOldGen       total 70144K, used 19621K [0x0000000085200000, 0x0000000089680000, 0x00000000d7100000)
  object space 70144K, 27% used [0x0000000085200000,0x0000000086529518,0x0000000089680000)
 Metaspace       used 34607K, capacity 35410K, committed 35496K, reserved 1079296K
  class space    used 4725K, capacity 4962K, committed 5040K, reserved 1048576K
}
Event: 5,179 GC heap before
{Heap before GC invocations=7 (full 2):
 PSYoungGen      total 132096K, used 5110K [0x00000000d7100000, 0x00000000e1200000, 0x0000000100000000)
  eden space 126976K, 0% used [0x00000000d7100000,0x00000000d7100000,0x00000000ded00000)
  from space 5120K, 99% used [0x00000000ded00000,0x00000000df1fda68,0x00000000df200000)
  to   space 12800K, 0% used [0x00000000e0580000,0x00000000e0580000,0x00000000e1200000)
 ParOldGen       total 70144K, used 19621K [0x0000000085200000, 0x0000000089680000, 0x00000000d7100000)
  object space 70144K, 27% used [0x0000000085200000,0x0000000086529518,0x0000000089680000)
 Metaspace       used 34607K, capacity 35410K, committed 35496K, reserved 1079296K
  class space    used 4725K, capacity 4962K, committed 5040K, reserved 1048576K
Event: 5,220 GC heap after
Heap after GC invocations=7 (full 2):
 PSYoungGen      total 132096K, used 0K [0x00000000d7100000, 0x00000000e1200000, 0x0000000100000000)
  eden space 126976K, 0% used [0x00000000d7100000,0x00000000d7100000,0x00000000ded00000)
  from space 5120K, 0% used [0x00000000ded00000,0x00000000ded00000,0x00000000df200000)
  to   space 12800K, 0% used [0x00000000e0580000,0x00000000e0580000,0x00000000e1200000)
 ParOldGen       total 85504K, used 10614K [0x0000000085200000, 0x000000008a580000, 0x00000000d7100000)
  object space 85504K, 12% used [0x0000000085200000,0x0000000085c5db90,0x000000008a580000)
 Metaspace       used 34607K, capacity 35410K, committed 35496K, reserved 1079296K
  class space    used 4725K, capacity 4962K, committed 5040K, reserved 1048576K
}
Event: 45,213 GC heap before
{Heap before GC invocations=8 (full 2):
 PSYoungGen      total 132096K, used 126976K [0x00000000d7100000, 0x00000000e1200000, 0x0000000100000000)
  eden space 126976K, 100% used [0x00000000d7100000,0x00000000ded00000,0x00000000ded00000)
  from space 5120K, 0% used [0x00000000ded00000,0x00000000ded00000,0x00000000df200000)
  to   space 12800K, 0% used [0x00000000e0580000,0x00000000e0580000,0x00000000e1200000)
 ParOldGen       total 85504K, used 10614K [0x0000000085200000, 0x000000008a580000, 0x00000000d7100000)
  object space 85504K, 12% used [0x0000000085200000,0x0000000085c5db90,0x000000008a580000)
 Metaspace       used 38734K, capacity 39758K, committed 39848K, reserved 1083392K
  class space    used 5273K, capacity 5500K, committed 5552K, reserved 1048576K
Event: 45,249 GC heap after
Heap after GC invocations=8 (full 2):
 PSYoungGen      total 150528K, used 12708K [0x00000000d7100000, 0x00000000e4780000, 0x0000000100000000)
  eden space 137728K, 0% used [0x00000000d7100000,0x00000000d7100000,0x00000000df780000)
  from space 12800K, 99% used [0x00000000e0580000,0x00000000e11e9000,0x00000000e1200000)
  to   space 14336K, 0% used [0x00000000df780000,0x00000000df780000,0x00000000e0580000)
 ParOldGen       total 105984K, used 100623K [0x0000000085200000, 0x000000008b980000, 0x00000000d7100000)
  object space 105984K, 94% used [0x0000000085200000,0x000000008b443c20,0x000000008b980000)
 Metaspace       used 38734K, capacity 39758K, committed 39848K, reserved 1083392K
  class space    used 5273K, capacity 5500K, committed 5552K, reserved 1048576K
}
Event: 45,249 GC heap before
{Heap before GC invocations=9 (full 3):
 PSYoungGen      total 150528K, used 12708K [0x00000000d7100000, 0x00000000e4780000, 0x0000000100000000)
  eden space 137728K, 0% used [0x00000000d7100000,0x00000000d7100000,0x00000000df780000)
  from space 12800K, 99% used [0x00000000e0580000,0x00000000e11e9000,0x00000000e1200000)
  to   space 14336K, 0% used [0x00000000df780000,0x00000000df780000,0x00000000e0580000)
 ParOldGen       total 105984K, used 100623K [0x0000000085200000, 0x000000008b980000, 0x00000000d7100000)
  object space 105984K, 94% used [0x0000000085200000,0x000000008b443c20,0x000000008b980000)
 Metaspace       used 38734K, capacity 39758K, committed 39848K, reserved 1083392K
  class space    used 5273K, capacity 5500K, committed 5552K, reserved 1048576K
Event: 45,378 GC heap after
Heap after GC invocations=9 (full 3):
 PSYoungGen      total 150528K, used 6471K [0x00000000d7100000, 0x00000000e4780000, 0x0000000100000000)
  eden space 137728K, 0% used [0x00000000d7100000,0x00000000d7100000,0x00000000df780000)
  from space 12800K, 50% used [0x00000000e0580000,0x00000000e0bd1ef8,0x00000000e1200000)
  to   space 14336K, 0% used [0x00000000df780000,0x00000000df780000,0x00000000e0580000)
 ParOldGen       total 246272K, used 105595K [0x0000000085200000, 0x0000000094280000, 0x00000000d7100000)
  object space 246272K, 42% used [0x0000000085200000,0x000000008b91ee70,0x0000000094280000)
 Metaspace       used 38734K, capacity 39758K, committed 39848K, reserved 1083392K
  class space    used 5273K, capacity 5500K, committed 5552K, reserved 1048576K
}

