# JRE version: Java(TM) SE Runtime Environment (8.0_131-b11) (build 1.8.0_131-b11)
# Java VM: Java HotSpot(TM) 64-Bit Server VM (25.131-b11 mixed mode linux-amd64 compressed oops)
Heap:
 PSYoungGen      total 92672K, used 13230K [0x00000000d7100000, 0x00000000ea280000, 0x0000000100000000)
  eden space 79872K, 2% used [0x00000000d7100000,0x00000000d73113a8,0x00000000dbf00000)
  from space 12800K, 86% used [0x00000000dfe80000,0x00000000e095a588,0x00000000e0b00000)
  to   space 65024K, 0% used [0x00000000dbf00000,0x00000000dbf00000,0x00000000dfe80000)
 ParOldGen       total 253952K, used 101333K [0x0000000085200000, 0x0000000094a00000, 0x00000000d7100000)
  object space 253952K, 39% used [0x0000000085200000,0x000000008b4f5438,0x0000000094a00000)
 Metaspace       used 39497K, capacity 40682K, committed 40744K, reserved 1085440K
  class space    used 5415K, capacity 5658K, committed 5680K, reserved 1048576K
GC Heap History (10 events):
Event: 1,941 GC heap before
{Heap before GC invocations=5 (full 1):
 PSYoungGen      total 68608K, used 63488K [0x00000000d7100000, 0x00000000df700000, 0x0000000100000000)
  eden space 63488K, 100% used [0x00000000d7100000,0x00000000daf00000,0x00000000daf00000)
  from space 5120K, 0% used [0x00000000daf00000,0x00000000daf00000,0x00000000db400000)
  to   space 5120K, 0% used [0x00000000df200000,0x00000000df200000,0x00000000df700000)
 ParOldGen       total 71680K, used 16074K [0x0000000085200000, 0x0000000089800000, 0x00000000d7100000)
  object space 71680K, 22% used [0x0000000085200000,0x00000000861b2870,0x0000000089800000)
 Metaspace       used 31100K, capacity 31772K, committed 32048K, reserved 1077248K
  class space    used 4157K, capacity 4361K, committed 4400K, reserved 1048576K
Event: 1,955 GC heap after
Heap after GC invocations=5 (full 1):
 PSYoungGen      total 98816K, used 5093K [0x00000000d7100000, 0x00000000df700000, 0x0000000100000000)
  eden space 93696K, 0% used [0x00000000d7100000,0x00000000d7100000,0x00000000dcc80000)
  from space 5120K, 99% used [0x00000000df200000,0x00000000df6f9520,0x00000000df700000)
  to   space 5120K, 0% used [0x00000000ded00000,0x00000000ded00000,0x00000000df200000)
 ParOldGen       total 71680K, used 19830K [0x0000000085200000, 0x0000000089800000, 0x00000000d7100000)
  object space 71680K, 27% used [0x0000000085200000,0x000000008655d828,0x0000000089800000)
 Metaspace       used 31100K, capacity 31772K, committed 32048K, reserved 1077248K
  class space    used 4157K, capacity 4361K, committed 4400K, reserved 1048576K
}
Event: 5,047 GC heap before
{Heap before GC invocations=6 (full 1):
 PSYoungGen      total 98816K, used 20490K [0x00000000d7100000, 0x00000000df700000, 0x0000000100000000)
  eden space 93696K, 16% used [0x00000000d7100000,0x00000000d8009410,0x00000000dcc80000)
  from space 5120K, 99% used [0x00000000df200000,0x00000000df6f9520,0x00000000df700000)
  to   space 5120K, 0% used [0x00000000ded00000,0x00000000ded00000,0x00000000df200000)
 ParOldGen       total 71680K, used 19830K [0x0000000085200000, 0x0000000089800000, 0x00000000d7100000)
  object space 71680K, 27% used [0x0000000085200000,0x000000008655d828,0x0000000089800000)
 Metaspace       used 34533K, capacity 35358K, committed 35496K, reserved 1079296K
  class space    used 4723K, capacity 4962K, committed 5040K, reserved 1048576K
Event: 5,054 GC heap after
Heap after GC invocations=6 (full 1):
 PSYoungGen      total 132096K, used 5104K [0x00000000d7100000, 0x00000000e0b00000, 0x0000000100000000)
  eden space 126976K, 0% used [0x00000000d7100000,0x00000000d7100000,0x00000000ded00000)
  from space 5120K, 99% used [0x00000000ded00000,0x00000000df1fc250,0x00000000df200000)
  to   space 12800K, 0% used [0x00000000dfe80000,0x00000000dfe80000,0x00000000e0b00000)
 ParOldGen       total 71680K, used 20114K [0x0000000085200000, 0x0000000089800000, 0x00000000d7100000)
  object space 71680K, 28% used [0x0000000085200000,0x00000000865a49f0,0x0000000089800000)
 Metaspace       used 34533K, capacity 35358K, committed 35496K, reserved 1079296K
  class space    used 4723K, capacity 4962K, committed 5040K, reserved 1048576K
}
Event: 5,054 GC heap before
{Heap before GC invocations=7 (full 2):
 PSYoungGen      total 132096K, used 5104K [0x00000000d7100000, 0x00000000e0b00000, 0x0000000100000000)
  eden space 126976K, 0% used [0x00000000d7100000,0x00000000d7100000,0x00000000ded00000)
  from space 5120K, 99% used [0x00000000ded00000,0x00000000df1fc250,0x00000000df200000)
  to   space 12800K, 0% used [0x00000000dfe80000,0x00000000dfe80000,0x00000000e0b00000)
 ParOldGen       total 71680K, used 20114K [0x0000000085200000, 0x0000000089800000, 0x00000000d7100000)
  object space 71680K, 28% used [0x0000000085200000,0x00000000865a49f0,0x0000000089800000)
 Metaspace       used 34533K, capacity 35358K, committed 35496K, reserved 1079296K
  class space    used 4723K, capacity 4962K, committed 5040K, reserved 1048576K
Event: 5,097 GC heap after
Heap after GC invocations=7 (full 2):
 PSYoungGen      total 132096K, used 0K [0x00000000d7100000, 0x00000000e0b00000, 0x0000000100000000)
  eden space 126976K, 0% used [0x00000000d7100000,0x00000000d7100000,0x00000000ded00000)
  from space 5120K, 0% used [0x00000000ded00000,0x00000000ded00000,0x00000000df200000)
  to   space 12800K, 0% used [0x00000000dfe80000,0x00000000dfe80000,0x00000000e0b00000)
 ParOldGen       total 91136K, used 10578K [0x0000000085200000, 0x000000008ab00000, 0x00000000d7100000)
  object space 91136K, 11% used [0x0000000085200000,0x0000000085c54860,0x000000008ab00000)
 Metaspace       used 34533K, capacity 35358K, committed 35496K, reserved 1079296K
  class space    used 4723K, capacity 4962K, committed 5040K, reserved 1048576K
}
Event: 14,271 GC heap before
{Heap before GC invocations=8 (full 2):
 PSYoungGen      total 132096K, used 126976K [0x00000000d7100000, 0x00000000e0b00000, 0x0000000100000000)
  eden space 126976K, 100% used [0x00000000d7100000,0x00000000ded00000,0x00000000ded00000)
  from space 5120K, 0% used [0x00000000ded00000,0x00000000ded00000,0x00000000df200000)
  to   space 12800K, 0% used [0x00000000dfe80000,0x00000000dfe80000,0x00000000e0b00000)
 ParOldGen       total 91136K, used 10578K [0x0000000085200000, 0x000000008ab00000, 0x00000000d7100000)
  object space 91136K, 11% used [0x0000000085200000,0x0000000085c54860,0x000000008ab00000)
 Metaspace       used 39486K, capacity 40680K, committed 40744K, reserved 1085440K
  class space    used 5413K, capacity 5657K, committed 5680K, reserved 1048576K
Event: 14,311 GC heap after
Heap after GC invocations=8 (full 2):
 PSYoungGen      total 92672K, used 12777K [0x00000000d7100000, 0x00000000ea280000, 0x0000000100000000)
  eden space 79872K, 0% used [0x00000000d7100000,0x00000000d7100000,0x00000000dbf00000)
  from space 12800K, 99% used [0x00000000dfe80000,0x00000000e0afa4e8,0x00000000e0b00000)
  to   space 65024K, 0% used [0x00000000dbf00000,0x00000000dbf00000,0x00000000dfe80000)
 ParOldGen       total 101376K, used 100825K [0x0000000085200000, 0x000000008b500000, 0x00000000d7100000)
  object space 101376K, 99% used [0x0000000085200000,0x000000008b476680,0x000000008b500000)
 Metaspace       used 39486K, capacity 40680K, committed 40744K, reserved 1085440K
  class space    used 5413K, capacity 5657K, committed 5680K, reserved 1048576K
}
Event: 14,311 GC heap before
{Heap before GC invocations=9 (full 3):
 PSYoungGen      total 92672K, used 12777K [0x00000000d7100000, 0x00000000ea280000, 0x0000000100000000)
  eden space 79872K, 0% used [0x00000000d7100000,0x00000000d7100000,0x00000000dbf00000)
  from space 12800K, 99% used [0x00000000dfe80000,0x00000000e0afa4e8,0x00000000e0b00000)
  to   space 65024K, 0% used [0x00000000dbf00000,0x00000000dbf00000,0x00000000dfe80000)
 ParOldGen       total 101376K, used 100825K [0x0000000085200000, 0x000000008b500000, 0x00000000d7100000)
  object space 101376K, 99% used [0x0000000085200000,0x000000008b476680,0x000000008b500000)
 Metaspace       used 39486K, capacity 40680K, committed 40744K, reserved 1085440K
  class space    used 5413K, capacity 5657K, committed 5680K, reserved 1048576K
Event: 14,420 GC heap after
Heap after GC invocations=9 (full 3):
 PSYoungGen      total 92672K, used 11113K [0x00000000d7100000, 0x00000000ea280000, 0x0000000100000000)
  eden space 79872K, 0% used [0x00000000d7100000,0x00000000d7100000,0x00000000dbf00000)
  from space 12800K, 86% used [0x00000000dfe80000,0x00000000e095a588,0x00000000e0b00000)
  to   space 65024K, 0% used [0x00000000dbf00000,0x00000000dbf00000,0x00000000dfe80000)
 ParOldGen       total 253952K, used 101333K [0x0000000085200000, 0x0000000094a00000, 0x00000000d7100000)
  object space 253952K, 39% used [0x0000000085200000,0x000000008b4f5438,0x0000000094a00000)
 Metaspace       used 39486K, capacity 40680K, committed 40744K, reserved 1085440K
  class space    used 5413K, capacity 5657K, committed 5680K, reserved 1048576K
}

