# JRE version: Java(TM) SE Runtime Environment (8.0_131-b11) (build 1.8.0_131-b11)
# Java VM: Java HotSpot(TM) 64-Bit Server VM (25.131-b11 mixed mode linux-amd64 compressed oops)
Heap:
 PSYoungGen      total 132096K, used 66297K [0x00000000d7100000, 0x00000000e3400000, 0x0000000100000000)
  eden space 126976K, 52% used [0x00000000d7100000,0x00000000db1be610,0x00000000ded00000)
  from space 5120K, 0% used [0x00000000ded00000,0x00000000ded00000,0x00000000df200000)
  to   space 11264K, 0% used [0x00000000e2900000,0x00000000e2900000,0x00000000e3400000)
 ParOldGen       total 67072K, used 9254K [0x0000000085200000, 0x0000000089380000, 0x00000000d7100000)
  object space 67072K, 13% used [0x0000000085200000,0x0000000085b09a78,0x0000000089380000)
 Metaspace       used 40775K, capacity 42340K, committed 42584K, reserved 1085440K
  class space    used 5613K, capacity 5925K, committed 5976K, reserved 1048576K
GC Heap History (10 events):
Event: 1,128 GC heap before
{Heap before GC invocations=3 (full 0):
 PSYoungGen      total 68608K, used 24175K [0x00000000d7100000, 0x00000000db900000, 0x0000000100000000)
  eden space 63488K, 30% used [0x00000000d7100000,0x00000000d83a0be0,0x00000000daf00000)
  from space 5120K, 99% used [0x00000000db400000,0x00000000db8fb068,0x00000000db900000)
  to   space 5120K, 0% used [0x00000000daf00000,0x00000000daf00000,0x00000000db400000)
 ParOldGen       total 84992K, used 1688K [0x0000000085200000, 0x000000008a500000, 0x00000000d7100000)
  object space 84992K, 1% used [0x0000000085200000,0x00000000853a6018,0x000000008a500000)
 Metaspace       used 20649K, capacity 21068K, committed 21248K, reserved 1067008K
  class space    used 2616K, capacity 2743K, committed 2816K, reserved 1048576K
Event: 1,139 GC heap after
Heap after GC invocations=3 (full 0):
 PSYoungGen      total 68608K, used 5110K [0x00000000d7100000, 0x00000000df700000, 0x0000000100000000)
  eden space 63488K, 0% used [0x00000000d7100000,0x00000000d7100000,0x00000000daf00000)
  from space 5120K, 99% used [0x00000000daf00000,0x00000000db3fda30,0x00000000db400000)
  to   space 5120K, 0% used [0x00000000df200000,0x00000000df200000,0x00000000df700000)
 ParOldGen       total 84992K, used 4419K [0x0000000085200000, 0x000000008a500000, 0x00000000d7100000)
  object space 84992K, 5% used [0x0000000085200000,0x0000000085650f28,0x000000008a500000)
 Metaspace       used 20649K, capacity 21068K, committed 21248K, reserved 1067008K
  class space    used 2616K, capacity 2743K, committed 2816K, reserved 1048576K
}
Event: 1,139 GC heap before
{Heap before GC invocations=4 (full 1):
 PSYoungGen      total 68608K, used 5110K [0x00000000d7100000, 0x00000000df700000, 0x0000000100000000)
  eden space 63488K, 0% used [0x00000000d7100000,0x00000000d7100000,0x00000000daf00000)
  from space 5120K, 99% used [0x00000000daf00000,0x00000000db3fda30,0x00000000db400000)
  to   space 5120K, 0% used [0x00000000df200000,0x00000000df200000,0x00000000df700000)
 ParOldGen       total 84992K, used 4419K [0x0000000085200000, 0x000000008a500000, 0x00000000d7100000)
  object space 84992K, 5% used [0x0000000085200000,0x0000000085650f28,0x000000008a500000)
 Metaspace       used 20649K, capacity 21068K, committed 21248K, reserved 1067008K
  class space    used 2616K, capacity 2743K, committed 2816K, reserved 1048576K
Event: 1,166 GC heap after
Heap after GC invocations=4 (full 1):
 PSYoungGen      total 68608K, used 0K [0x00000000d7100000, 0x00000000df700000, 0x0000000100000000)
  eden space 63488K, 0% used [0x00000000d7100000,0x00000000d7100000,0x00000000daf00000)
  from space 5120K, 0% used [0x00000000daf00000,0x00000000daf00000,0x00000000db400000)
  to   space 5120K, 0% used [0x00000000df200000,0x00000000df200000,0x00000000df700000)
 ParOldGen       total 53248K, used 7620K [0x0000000085200000, 0x0000000088600000, 0x00000000d7100000)
  object space 53248K, 14% used [0x0000000085200000,0x00000000859710a8,0x0000000088600000)
 Metaspace       used 20649K, capacity 21068K, committed 21248K, reserved 1067008K
  class space    used 2616K, capacity 2743K, committed 2816K, reserved 1048576K
}
Event: 4,909 GC heap before
{Heap before GC invocations=5 (full 1):
 PSYoungGen      total 68608K, used 63488K [0x00000000d7100000, 0x00000000df700000, 0x0000000100000000)
  eden space 63488K, 100% used [0x00000000d7100000,0x00000000daf00000,0x00000000daf00000)
  from space 5120K, 0% used [0x00000000daf00000,0x00000000daf00000,0x00000000db400000)
  to   space 5120K, 0% used [0x00000000df200000,0x00000000df200000,0x00000000df700000)
 ParOldGen       total 53248K, used 7620K [0x0000000085200000, 0x0000000088600000, 0x00000000d7100000)
  object space 53248K, 14% used [0x0000000085200000,0x00000000859710a8,0x0000000088600000)
 Metaspace       used 33978K, capacity 34700K, committed 34816K, reserved 1079296K
  class space    used 4646K, capacity 4843K, committed 4864K, reserved 1048576K
Event: 4,918 GC heap after
Heap after GC invocations=5 (full 1):
 PSYoungGen      total 108544K, used 5088K [0x00000000d7100000, 0x00000000df700000, 0x0000000100000000)
  eden space 103424K, 0% used [0x00000000d7100000,0x00000000d7100000,0x00000000dd600000)
  from space 5120K, 99% used [0x00000000df200000,0x00000000df6f8268,0x00000000df700000)
  to   space 5120K, 0% used [0x00000000ded00000,0x00000000ded00000,0x00000000df200000)
 ParOldGen       total 53248K, used 12637K [0x0000000085200000, 0x0000000088600000, 0x00000000d7100000)
  object space 53248K, 23% used [0x0000000085200000,0x0000000085e57538,0x0000000088600000)
 Metaspace       used 33978K, capacity 34700K, committed 34816K, reserved 1079296K
  class space    used 4646K, capacity 4843K, committed 4864K, reserved 1048576K
}
Event: 4,965 GC heap before
{Heap before GC invocations=6 (full 1):
 PSYoungGen      total 108544K, used 8996K [0x00000000d7100000, 0x00000000df700000, 0x0000000100000000)
  eden space 103424K, 3% used [0x00000000d7100000,0x00000000d74d0f20,0x00000000dd600000)
  from space 5120K, 99% used [0x00000000df200000,0x00000000df6f8268,0x00000000df700000)
  to   space 5120K, 0% used [0x00000000ded00000,0x00000000ded00000,0x00000000df200000)
 ParOldGen       total 53248K, used 12637K [0x0000000085200000, 0x0000000088600000, 0x00000000d7100000)
  object space 53248K, 23% used [0x0000000085200000,0x0000000085e57538,0x0000000088600000)
 Metaspace       used 34554K, capacity 35276K, committed 35416K, reserved 1079296K
  class space    used 4714K, capacity 4907K, committed 4952K, reserved 1048576K
Event: 4,971 GC heap after
Heap after GC invocations=6 (full 1):
 PSYoungGen      total 132096K, used 4232K [0x00000000d7100000, 0x00000000e3400000, 0x0000000100000000)
  eden space 126976K, 0% used [0x00000000d7100000,0x00000000d7100000,0x00000000ded00000)
  from space 5120K, 82% used [0x00000000ded00000,0x00000000df1222e8,0x00000000df200000)
  to   space 11264K, 0% used [0x00000000e2900000,0x00000000e2900000,0x00000000e3400000)
 ParOldGen       total 53248K, used 12637K [0x0000000085200000, 0x0000000088600000, 0x00000000d7100000)
  object space 53248K, 23% used [0x0000000085200000,0x0000000085e57538,0x0000000088600000)
 Metaspace       used 34554K, capacity 35276K, committed 35416K, reserved 1079296K
  class space    used 4714K, capacity 4907K, committed 4952K, reserved 1048576K
}
Event: 4,971 GC heap before
{Heap before GC invocations=7 (full 2):
 PSYoungGen      total 132096K, used 4232K [0x00000000d7100000, 0x00000000e3400000, 0x0000000100000000)
  eden space 126976K, 0% used [0x00000000d7100000,0x00000000d7100000,0x00000000ded00000)
  from space 5120K, 82% used [0x00000000ded00000,0x00000000df1222e8,0x00000000df200000)
  to   space 11264K, 0% used [0x00000000e2900000,0x00000000e2900000,0x00000000e3400000)
 ParOldGen       total 53248K, used 12637K [0x0000000085200000, 0x0000000088600000, 0x00000000d7100000)
  object space 53248K, 23% used [0x0000000085200000,0x0000000085e57538,0x0000000088600000)
 Metaspace       used 34554K, capacity 35276K, committed 35416K, reserved 1079296K
  class space    used 4714K, capacity 4907K, committed 4952K, reserved 1048576K
Event: 5,017 GC heap after
Heap after GC invocations=7 (full 2):
 PSYoungGen      total 132096K, used 0K [0x00000000d7100000, 0x00000000e3400000, 0x0000000100000000)
  eden space 126976K, 0% used [0x00000000d7100000,0x00000000d7100000,0x00000000ded00000)
  from space 5120K, 0% used [0x00000000ded00000,0x00000000ded00000,0x00000000df200000)
  to   space 11264K, 0% used [0x00000000e2900000,0x00000000e2900000,0x00000000e3400000)
 ParOldGen       total 67072K, used 9254K [0x0000000085200000, 0x0000000089380000, 0x00000000d7100000)
  object space 67072K, 13% used [0x0000000085200000,0x0000000085b09a78,0x0000000089380000)
 Metaspace       used 34554K, capacity 35276K, committed 35416K, reserved 1079296K
  class space    used 4714K, capacity 4907K, committed 4952K, reserved 1048576K
}

