# JRE version: Java(TM) SE Runtime Environment (8.0_131-b11) (build 1.8.0_131-b11)
# Java VM: Java HotSpot(TM) 64-Bit Server VM (25.131-b11 mixed mode linux-amd64 compressed oops)
Heap:
 PSYoungGen      total 132096K, used 54992K [0x00000000d7100000, 0x00000000e3980000, 0x0000000100000000)
  eden space 126976K, 43% used [0x00000000d7100000,0x00000000da6b41d8,0x00000000ded00000)
  from space 5120K, 0% used [0x00000000ded00000,0x00000000ded00000,0x00000000df200000)
  to   space 11264K, 0% used [0x00000000e2e80000,0x00000000e2e80000,0x00000000e3980000)
 ParOldGen       total 65024K, used 9315K [0x0000000085200000, 0x0000000089180000, 0x00000000d7100000)
  object space 65024K, 14% used [0x0000000085200000,0x0000000085b18ff0,0x0000000089180000)
 Metaspace       used 39620K, capacity 41072K, committed 41176K, reserved 1085440K
  class space    used 5484K, capacity 5761K, committed 5848K, reserved 1048576K
GC Heap History (10 events):
Event: 1,145 GC heap before
{Heap before GC invocations=3 (full 0):
 PSYoungGen      total 68608K, used 25296K [0x00000000d7100000, 0x00000000db900000, 0x0000000100000000)
  eden space 63488K, 31% used [0x00000000d7100000,0x00000000d84b5268,0x00000000daf00000)
  from space 5120K, 99% used [0x00000000db400000,0x00000000db8fedd0,0x00000000db900000)
  to   space 5120K, 0% used [0x00000000daf00000,0x00000000daf00000,0x00000000db400000)
 ParOldGen       total 84992K, used 1626K [0x0000000085200000, 0x000000008a500000, 0x00000000d7100000)
  object space 84992K, 1% used [0x0000000085200000,0x00000000853968c8,0x000000008a500000)
 Metaspace       used 20662K, capacity 21064K, committed 21248K, reserved 1067008K
  class space    used 2616K, capacity 2743K, committed 2816K, reserved 1048576K
Event: 1,156 GC heap after
Heap after GC invocations=3 (full 0):
 PSYoungGen      total 68608K, used 5110K [0x00000000d7100000, 0x00000000df700000, 0x0000000100000000)
  eden space 63488K, 0% used [0x00000000d7100000,0x00000000d7100000,0x00000000daf00000)
  from space 5120K, 99% used [0x00000000daf00000,0x00000000db3fda50,0x00000000db400000)
  to   space 5120K, 0% used [0x00000000df200000,0x00000000df200000,0x00000000df700000)
 ParOldGen       total 84992K, used 4427K [0x0000000085200000, 0x000000008a500000, 0x00000000d7100000)
  object space 84992K, 5% used [0x0000000085200000,0x0000000085652c88,0x000000008a500000)
 Metaspace       used 20662K, capacity 21064K, committed 21248K, reserved 1067008K
  class space    used 2616K, capacity 2743K, committed 2816K, reserved 1048576K
}
Event: 1,156 GC heap before
{Heap before GC invocations=4 (full 1):
 PSYoungGen      total 68608K, used 5110K [0x00000000d7100000, 0x00000000df700000, 0x0000000100000000)
  eden space 63488K, 0% used [0x00000000d7100000,0x00000000d7100000,0x00000000daf00000)
  from space 5120K, 99% used [0x00000000daf00000,0x00000000db3fda50,0x00000000db400000)
  to   space 5120K, 0% used [0x00000000df200000,0x00000000df200000,0x00000000df700000)
 ParOldGen       total 84992K, used 4427K [0x0000000085200000, 0x000000008a500000, 0x00000000d7100000)
  object space 84992K, 5% used [0x0000000085200000,0x0000000085652c88,0x000000008a500000)
 Metaspace       used 20662K, capacity 21064K, committed 21248K, reserved 1067008K
  class space    used 2616K, capacity 2743K, committed 2816K, reserved 1048576K
Event: 1,185 GC heap after
Heap after GC invocations=4 (full 1):
 PSYoungGen      total 68608K, used 0K [0x00000000d7100000, 0x00000000df700000, 0x0000000100000000)
  eden space 63488K, 0% used [0x00000000d7100000,0x00000000d7100000,0x00000000daf00000)
  from space 5120K, 0% used [0x00000000daf00000,0x00000000daf00000,0x00000000db400000)
  to   space 5120K, 0% used [0x00000000df200000,0x00000000df200000,0x00000000df700000)
 ParOldGen       total 52736K, used 7683K [0x0000000085200000, 0x0000000088580000, 0x00000000d7100000)
  object space 52736K, 14% used [0x0000000085200000,0x0000000085980c90,0x0000000088580000)
 Metaspace       used 20662K, capacity 21064K, committed 21248K, reserved 1067008K
  class space    used 2616K, capacity 2743K, committed 2816K, reserved 1048576K
}
Event: 5,070 GC heap before
{Heap before GC invocations=5 (full 1):
 PSYoungGen      total 68608K, used 63488K [0x00000000d7100000, 0x00000000df700000, 0x0000000100000000)
  eden space 63488K, 100% used [0x00000000d7100000,0x00000000daf00000,0x00000000daf00000)
  from space 5120K, 0% used [0x00000000daf00000,0x00000000daf00000,0x00000000db400000)
  to   space 5120K, 0% used [0x00000000df200000,0x00000000df200000,0x00000000df700000)
 ParOldGen       total 52736K, used 7683K [0x0000000085200000, 0x0000000088580000, 0x00000000d7100000)
  object space 52736K, 14% used [0x0000000085200000,0x0000000085980c90,0x0000000088580000)
 Metaspace       used 34032K, capacity 34816K, committed 35072K, reserved 1079296K
  class space    used 4644K, capacity 4841K, committed 4864K, reserved 1048576K
Event: 5,079 GC heap after
Heap after GC invocations=5 (full 1):
 PSYoungGen      total 109056K, used 5119K [0x00000000d7100000, 0x00000000df700000, 0x0000000100000000)
  eden space 103936K, 0% used [0x00000000d7100000,0x00000000d7100000,0x00000000dd680000)
  from space 5120K, 99% used [0x00000000df200000,0x00000000df6ffe88,0x00000000df700000)
  to   space 5120K, 0% used [0x00000000ded00000,0x00000000ded00000,0x00000000df200000)
 ParOldGen       total 52736K, used 12827K [0x0000000085200000, 0x0000000088580000, 0x00000000d7100000)
  object space 52736K, 24% used [0x0000000085200000,0x0000000085e86fa8,0x0000000088580000)
 Metaspace       used 34032K, capacity 34816K, committed 35072K, reserved 1079296K
  class space    used 4644K, capacity 4841K, committed 4864K, reserved 1048576K
}
Event: 5,110 GC heap before
{Heap before GC invocations=6 (full 1):
 PSYoungGen      total 109056K, used 9062K [0x00000000d7100000, 0x00000000df700000, 0x0000000100000000)
  eden space 103936K, 3% used [0x00000000d7100000,0x00000000d74d9b80,0x00000000dd680000)
  from space 5120K, 99% used [0x00000000df200000,0x00000000df6ffe88,0x00000000df700000)
  to   space 5120K, 0% used [0x00000000ded00000,0x00000000ded00000,0x00000000df200000)
 ParOldGen       total 52736K, used 12827K [0x0000000085200000, 0x0000000088580000, 0x00000000d7100000)
  object space 52736K, 24% used [0x0000000085200000,0x0000000085e86fa8,0x0000000088580000)
 Metaspace       used 34523K, capacity 35264K, committed 35416K, reserved 1079296K
  class space    used 4705K, capacity 4905K, committed 4952K, reserved 1048576K
Event: 5,117 GC heap after
Heap after GC invocations=6 (full 1):
 PSYoungGen      total 132096K, used 4153K [0x00000000d7100000, 0x00000000e3980000, 0x0000000100000000)
  eden space 126976K, 0% used [0x00000000d7100000,0x00000000d7100000,0x00000000ded00000)
  from space 5120K, 81% used [0x00000000ded00000,0x00000000df10e688,0x00000000df200000)
  to   space 11264K, 0% used [0x00000000e2e80000,0x00000000e2e80000,0x00000000e3980000)
 ParOldGen       total 52736K, used 12835K [0x0000000085200000, 0x0000000088580000, 0x00000000d7100000)
  object space 52736K, 24% used [0x0000000085200000,0x0000000085e88fa8,0x0000000088580000)
 Metaspace       used 34523K, capacity 35264K, committed 35416K, reserved 1079296K
  class space    used 4705K, capacity 4905K, committed 4952K, reserved 1048576K
}
Event: 5,117 GC heap before
{Heap before GC invocations=7 (full 2):
 PSYoungGen      total 132096K, used 4153K [0x00000000d7100000, 0x00000000e3980000, 0x0000000100000000)
  eden space 126976K, 0% used [0x00000000d7100000,0x00000000d7100000,0x00000000ded00000)
  from space 5120K, 81% used [0x00000000ded00000,0x00000000df10e688,0x00000000df200000)
  to   space 11264K, 0% used [0x00000000e2e80000,0x00000000e2e80000,0x00000000e3980000)
 ParOldGen       total 52736K, used 12835K [0x0000000085200000, 0x0000000088580000, 0x00000000d7100000)
  object space 52736K, 24% used [0x0000000085200000,0x0000000085e88fa8,0x0000000088580000)
 Metaspace       used 34523K, capacity 35264K, committed 35416K, reserved 1079296K
  class space    used 4705K, capacity 4905K, committed 4952K, reserved 1048576K
Event: 5,156 GC heap after
Heap after GC invocations=7 (full 2):
 PSYoungGen      total 132096K, used 0K [0x00000000d7100000, 0x00000000e3980000, 0x0000000100000000)
  eden space 126976K, 0% used [0x00000000d7100000,0x00000000d7100000,0x00000000ded00000)
  from space 5120K, 0% used [0x00000000ded00000,0x00000000ded00000,0x00000000df200000)
  to   space 11264K, 0% used [0x00000000e2e80000,0x00000000e2e80000,0x00000000e3980000)
 ParOldGen       total 65024K, used 9315K [0x0000000085200000, 0x0000000089180000, 0x00000000d7100000)
  object space 65024K, 14% used [0x0000000085200000,0x0000000085b18ff0,0x0000000089180000)
 Metaspace       used 34523K, capacity 35264K, committed 35416K, reserved 1079296K
  class space    used 4705K, capacity 4905K, committed 4952K, reserved 1048576K
}

