# JRE version: Java(TM) SE Runtime Environment (8.0_131-b11) (build 1.8.0_131-b11)
# Java VM: Java HotSpot(TM) 64-Bit Server VM (25.131-b11 mixed mode linux-amd64 compressed oops)
Heap:
 PSYoungGen      total 132096K, used 68162K [0x00000000d7100000, 0x00000000e3b80000, 0x0000000100000000)
  eden space 126976K, 53% used [0x00000000d7100000,0x00000000db390b78,0x00000000ded00000)
  from space 5120K, 0% used [0x00000000ded00000,0x00000000ded00000,0x00000000df200000)
  to   space 11264K, 0% used [0x00000000e3080000,0x00000000e3080000,0x00000000e3b80000)
 ParOldGen       total 64512K, used 9209K [0x0000000085200000, 0x0000000089100000, 0x00000000d7100000)
  object space 64512K, 14% used [0x0000000085200000,0x0000000085afe4d8,0x0000000089100000)
 Metaspace       used 40726K, capacity 42246K, committed 42328K, reserved 1085440K
  class space    used 5608K, capacity 5914K, committed 5976K, reserved 1048576K
GC Heap History (10 events):
Event: 1,046 GC heap before
{Heap before GC invocations=3 (full 0):
 PSYoungGen      total 68608K, used 25237K [0x00000000d7100000, 0x00000000db900000, 0x0000000100000000)
  eden space 63488K, 31% used [0x00000000d7100000,0x00000000d84a6d88,0x00000000daf00000)
  from space 5120K, 99% used [0x00000000db400000,0x00000000db8fe938,0x00000000db900000)
  to   space 5120K, 0% used [0x00000000daf00000,0x00000000daf00000,0x00000000db400000)
 ParOldGen       total 84992K, used 1419K [0x0000000085200000, 0x000000008a500000, 0x00000000d7100000)
  object space 84992K, 1% used [0x0000000085200000,0x0000000085362e80,0x000000008a500000)
 Metaspace       used 20650K, capacity 21068K, committed 21248K, reserved 1067008K
  class space    used 2616K, capacity 2743K, committed 2816K, reserved 1048576K
Event: 1,055 GC heap after
Heap after GC invocations=3 (full 0):
 PSYoungGen      total 68608K, used 5095K [0x00000000d7100000, 0x00000000df700000, 0x0000000100000000)
  eden space 63488K, 0% used [0x00000000d7100000,0x00000000d7100000,0x00000000daf00000)
  from space 5120K, 99% used [0x00000000daf00000,0x00000000db3f9f90,0x00000000db400000)
  to   space 5120K, 0% used [0x00000000df200000,0x00000000df200000,0x00000000df700000)
 ParOldGen       total 84992K, used 4140K [0x0000000085200000, 0x000000008a500000, 0x00000000d7100000)
  object space 84992K, 4% used [0x0000000085200000,0x000000008560b2c8,0x000000008a500000)
 Metaspace       used 20650K, capacity 21068K, committed 21248K, reserved 1067008K
  class space    used 2616K, capacity 2743K, committed 2816K, reserved 1048576K
}
Event: 1,055 GC heap before
{Heap before GC invocations=4 (full 1):
 PSYoungGen      total 68608K, used 5095K [0x00000000d7100000, 0x00000000df700000, 0x0000000100000000)
  eden space 63488K, 0% used [0x00000000d7100000,0x00000000d7100000,0x00000000daf00000)
  from space 5120K, 99% used [0x00000000daf00000,0x00000000db3f9f90,0x00000000db400000)
  to   space 5120K, 0% used [0x00000000df200000,0x00000000df200000,0x00000000df700000)
 ParOldGen       total 84992K, used 4140K [0x0000000085200000, 0x000000008a500000, 0x00000000d7100000)
  object space 84992K, 4% used [0x0000000085200000,0x000000008560b2c8,0x000000008a500000)
 Metaspace       used 20650K, capacity 21068K, committed 21248K, reserved 1067008K
  class space    used 2616K, capacity 2743K, committed 2816K, reserved 1048576K
Event: 1,078 GC heap after
Heap after GC invocations=4 (full 1):
 PSYoungGen      total 68608K, used 0K [0x00000000d7100000, 0x00000000df700000, 0x0000000100000000)
  eden space 63488K, 0% used [0x00000000d7100000,0x00000000d7100000,0x00000000daf00000)
  from space 5120K, 0% used [0x00000000daf00000,0x00000000daf00000,0x00000000db400000)
  to   space 5120K, 0% used [0x00000000df200000,0x00000000df200000,0x00000000df700000)
 ParOldGen       total 52224K, used 7686K [0x0000000085200000, 0x0000000088500000, 0x00000000d7100000)
  object space 52224K, 14% used [0x0000000085200000,0x00000000859819c0,0x0000000088500000)
 Metaspace       used 20650K, capacity 21068K, committed 21248K, reserved 1067008K
  class space    used 2616K, capacity 2743K, committed 2816K, reserved 1048576K
}
Event: 4,838 GC heap before
{Heap before GC invocations=5 (full 1):
 PSYoungGen      total 68608K, used 63488K [0x00000000d7100000, 0x00000000df700000, 0x0000000100000000)
  eden space 63488K, 100% used [0x00000000d7100000,0x00000000daf00000,0x00000000daf00000)
  from space 5120K, 0% used [0x00000000daf00000,0x00000000daf00000,0x00000000db400000)
  to   space 5120K, 0% used [0x00000000df200000,0x00000000df200000,0x00000000df700000)
 ParOldGen       total 52224K, used 7686K [0x0000000085200000, 0x0000000088500000, 0x00000000d7100000)
  object space 52224K, 14% used [0x0000000085200000,0x00000000859819c0,0x0000000088500000)
 Metaspace       used 34071K, capacity 34828K, committed 35072K, reserved 1079296K
  class space    used 4652K, capacity 4843K, committed 4864K, reserved 1048576K
Event: 4,849 GC heap after
Heap after GC invocations=5 (full 1):
 PSYoungGen      total 110592K, used 5119K [0x00000000d7100000, 0x00000000df700000, 0x0000000100000000)
  eden space 105472K, 0% used [0x00000000d7100000,0x00000000d7100000,0x00000000dd800000)
  from space 5120K, 99% used [0x00000000df200000,0x00000000df6ffe68,0x00000000df700000)
  to   space 5120K, 0% used [0x00000000ded00000,0x00000000ded00000,0x00000000df200000)
 ParOldGen       total 52224K, used 12828K [0x0000000085200000, 0x0000000088500000, 0x00000000d7100000)
  object space 52224K, 24% used [0x0000000085200000,0x0000000085e870a0,0x0000000088500000)
 Metaspace       used 34071K, capacity 34828K, committed 35072K, reserved 1079296K
  class space    used 4652K, capacity 4843K, committed 4864K, reserved 1048576K
}
Event: 4,893 GC heap before
{Heap before GC invocations=6 (full 1):
 PSYoungGen      total 110592K, used 9104K [0x00000000d7100000, 0x00000000df700000, 0x0000000100000000)
  eden space 105472K, 3% used [0x00000000d7100000,0x00000000d74e4510,0x00000000dd800000)
  from space 5120K, 99% used [0x00000000df200000,0x00000000df6ffe68,0x00000000df700000)
  to   space 5120K, 0% used [0x00000000ded00000,0x00000000ded00000,0x00000000df200000)
 ParOldGen       total 52224K, used 12828K [0x0000000085200000, 0x0000000088500000, 0x00000000d7100000)
  object space 52224K, 24% used [0x0000000085200000,0x0000000085e870a0,0x0000000088500000)
 Metaspace       used 34562K, capacity 35276K, committed 35416K, reserved 1079296K
  class space    used 4713K, capacity 4907K, committed 4952K, reserved 1048576K
Event: 4,900 GC heap after
Heap after GC invocations=6 (full 1):
 PSYoungGen      total 132096K, used 4103K [0x00000000d7100000, 0x00000000e3b80000, 0x0000000100000000)
  eden space 126976K, 0% used [0x00000000d7100000,0x00000000d7100000,0x00000000ded00000)
  from space 5120K, 80% used [0x00000000ded00000,0x00000000df101c08,0x00000000df200000)
  to   space 11264K, 0% used [0x00000000e3080000,0x00000000e3080000,0x00000000e3b80000)
 ParOldGen       total 52224K, used 12836K [0x0000000085200000, 0x0000000088500000, 0x00000000d7100000)
  object space 52224K, 24% used [0x0000000085200000,0x0000000085e890a0,0x0000000088500000)
 Metaspace       used 34562K, capacity 35276K, committed 35416K, reserved 1079296K
  class space    used 4713K, capacity 4907K, committed 4952K, reserved 1048576K
}
Event: 4,900 GC heap before
{Heap before GC invocations=7 (full 2):
 PSYoungGen      total 132096K, used 4103K [0x00000000d7100000, 0x00000000e3b80000, 0x0000000100000000)
  eden space 126976K, 0% used [0x00000000d7100000,0x00000000d7100000,0x00000000ded00000)
  from space 5120K, 80% used [0x00000000ded00000,0x00000000df101c08,0x00000000df200000)
  to   space 11264K, 0% used [0x00000000e3080000,0x00000000e3080000,0x00000000e3b80000)
 ParOldGen       total 52224K, used 12836K [0x0000000085200000, 0x0000000088500000, 0x00000000d7100000)
  object space 52224K, 24% used [0x0000000085200000,0x0000000085e890a0,0x0000000088500000)
 Metaspace       used 34562K, capacity 35276K, committed 35416K, reserved 1079296K
  class space    used 4713K, capacity 4907K, committed 4952K, reserved 1048576K
Event: 4,941 GC heap after
Heap after GC invocations=7 (full 2):
 PSYoungGen      total 132096K, used 0K [0x00000000d7100000, 0x00000000e3b80000, 0x0000000100000000)
  eden space 126976K, 0% used [0x00000000d7100000,0x00000000d7100000,0x00000000ded00000)
  from space 5120K, 0% used [0x00000000ded00000,0x00000000ded00000,0x00000000df200000)
  to   space 11264K, 0% used [0x00000000e3080000,0x00000000e3080000,0x00000000e3b80000)
 ParOldGen       total 64512K, used 9209K [0x0000000085200000, 0x0000000089100000, 0x00000000d7100000)
  object space 64512K, 14% used [0x0000000085200000,0x0000000085afe4d8,0x0000000089100000)
 Metaspace       used 34562K, capacity 35276K, committed 35416K, reserved 1079296K
  class space    used 4713K, capacity 4907K, committed 4952K, reserved 1048576K
}

