# JRE version: Java(TM) SE Runtime Environment (8.0_131-b11) (build 1.8.0_131-b11)
# Java VM: Java HotSpot(TM) 64-Bit Server VM (25.131-b11 mixed mode linux-amd64 compressed oops)
Heap:
 PSYoungGen      total 132096K, used 31891K [0x00000000d7100000, 0x00000000e2600000, 0x0000000100000000)
  eden space 126976K, 25% used [0x00000000d7100000,0x00000000d9024fe8,0x00000000ded00000)
  from space 5120K, 0% used [0x00000000ded00000,0x00000000ded00000,0x00000000df200000)
  to   space 11264K, 0% used [0x00000000e1b00000,0x00000000e1b00000,0x00000000e2600000)
 ParOldGen       total 71680K, used 10039K [0x0000000085200000, 0x0000000089800000, 0x00000000d7100000)
  object space 71680K, 14% used [0x0000000085200000,0x0000000085bcded8,0x0000000089800000)
 Metaspace       used 36872K, capacity 37786K, committed 37848K, reserved 1081344K
  class space    used 5077K, capacity 5324K, committed 5376K, reserved 1048576K
GC Heap History (10 events):
Event: 1,095 GC heap before
{Heap before GC invocations=3 (full 0):
 PSYoungGen      total 68608K, used 28309K [0x00000000d7100000, 0x00000000db900000, 0x0000000100000000)
  eden space 63488K, 37% used [0x00000000d7100000,0x00000000d87f51d0,0x00000000daf00000)
  from space 5120K, 93% used [0x00000000db400000,0x00000000db8b0558,0x00000000db900000)
  to   space 5120K, 0% used [0x00000000daf00000,0x00000000daf00000,0x00000000db400000)
 ParOldGen       total 84992K, used 88K [0x0000000085200000, 0x000000008a500000, 0x00000000d7100000)
  object space 84992K, 0% used [0x0000000085200000,0x0000000085216010,0x000000008a500000)
 Metaspace       used 20634K, capacity 21012K, committed 21248K, reserved 1067008K
  class space    used 2583K, capacity 2694K, committed 2816K, reserved 1048576K
Event: 1,103 GC heap after
Heap after GC invocations=3 (full 0):
 PSYoungGen      total 68608K, used 5096K [0x00000000d7100000, 0x00000000df700000, 0x0000000100000000)
  eden space 63488K, 0% used [0x00000000d7100000,0x00000000d7100000,0x00000000daf00000)
  from space 5120K, 99% used [0x00000000daf00000,0x00000000db3fa378,0x00000000db400000)
  to   space 5120K, 0% used [0x00000000df200000,0x00000000df200000,0x00000000df700000)
 ParOldGen       total 84992K, used 2367K [0x0000000085200000, 0x000000008a500000, 0x00000000d7100000)
  object space 84992K, 2% used [0x0000000085200000,0x000000008544fe20,0x000000008a500000)
 Metaspace       used 20634K, capacity 21012K, committed 21248K, reserved 1067008K
  class space    used 2583K, capacity 2694K, committed 2816K, reserved 1048576K
}
Event: 1,103 GC heap before
{Heap before GC invocations=4 (full 1):
 PSYoungGen      total 68608K, used 5096K [0x00000000d7100000, 0x00000000df700000, 0x0000000100000000)
  eden space 63488K, 0% used [0x00000000d7100000,0x00000000d7100000,0x00000000daf00000)
  from space 5120K, 99% used [0x00000000daf00000,0x00000000db3fa378,0x00000000db400000)
  to   space 5120K, 0% used [0x00000000df200000,0x00000000df200000,0x00000000df700000)
 ParOldGen       total 84992K, used 2367K [0x0000000085200000, 0x000000008a500000, 0x00000000d7100000)
  object space 84992K, 2% used [0x0000000085200000,0x000000008544fe20,0x000000008a500000)
 Metaspace       used 20634K, capacity 21012K, committed 21248K, reserved 1067008K
  class space    used 2583K, capacity 2694K, committed 2816K, reserved 1048576K
Event: 1,129 GC heap after
Heap after GC invocations=4 (full 1):
 PSYoungGen      total 68608K, used 0K [0x00000000d7100000, 0x00000000df700000, 0x0000000100000000)
  eden space 63488K, 0% used [0x00000000d7100000,0x00000000d7100000,0x00000000daf00000)
  from space 5120K, 0% used [0x00000000daf00000,0x00000000daf00000,0x00000000db400000)
  to   space 5120K, 0% used [0x00000000df200000,0x00000000df200000,0x00000000df700000)
 ParOldGen       total 57856K, used 7202K [0x0000000085200000, 0x0000000088a80000, 0x00000000d7100000)
  object space 57856K, 12% used [0x0000000085200000,0x00000000859088b8,0x0000000088a80000)
 Metaspace       used 20634K, capacity 21012K, committed 21248K, reserved 1067008K
  class space    used 2583K, capacity 2694K, committed 2816K, reserved 1048576K
}
Event: 7,580 GC heap before
{Heap before GC invocations=5 (full 1):
 PSYoungGen      total 68608K, used 63488K [0x00000000d7100000, 0x00000000df700000, 0x0000000100000000)
  eden space 63488K, 100% used [0x00000000d7100000,0x00000000daf00000,0x00000000daf00000)
  from space 5120K, 0% used [0x00000000daf00000,0x00000000daf00000,0x00000000db400000)
  to   space 5120K, 0% used [0x00000000df200000,0x00000000df200000,0x00000000df700000)
 ParOldGen       total 57856K, used 7202K [0x0000000085200000, 0x0000000088a80000, 0x00000000d7100000)
  object space 57856K, 12% used [0x0000000085200000,0x00000000859088b8,0x0000000088a80000)
 Metaspace       used 34415K, capacity 35144K, committed 35416K, reserved 1079296K
  class space    used 4705K, capacity 4917K, committed 4992K, reserved 1048576K
Event: 7,592 GC heap after
Heap after GC invocations=5 (full 1):
 PSYoungGen      total 96256K, used 5090K [0x00000000d7100000, 0x00000000df700000, 0x0000000100000000)
  eden space 91136K, 0% used [0x00000000d7100000,0x00000000d7100000,0x00000000dca00000)
  from space 5120K, 99% used [0x00000000df200000,0x00000000df6f8930,0x00000000df700000)
  to   space 5120K, 0% used [0x00000000ded00000,0x00000000ded00000,0x00000000df200000)
 ParOldGen       total 57856K, used 12972K [0x0000000085200000, 0x0000000088a80000, 0x00000000d7100000)
  object space 57856K, 22% used [0x0000000085200000,0x0000000085eab148,0x0000000088a80000)
 Metaspace       used 34415K, capacity 35144K, committed 35416K, reserved 1079296K
  class space    used 4705K, capacity 4917K, committed 4992K, reserved 1048576K
}
Event: 7,605 GC heap before
{Heap before GC invocations=6 (full 1):
 PSYoungGen      total 96256K, used 7149K [0x00000000d7100000, 0x00000000df700000, 0x0000000100000000)
  eden space 91136K, 2% used [0x00000000d7100000,0x00000000d7302ce8,0x00000000dca00000)
  from space 5120K, 99% used [0x00000000df200000,0x00000000df6f8930,0x00000000df700000)
  to   space 5120K, 0% used [0x00000000ded00000,0x00000000ded00000,0x00000000df200000)
 ParOldGen       total 57856K, used 12972K [0x0000000085200000, 0x0000000088a80000, 0x00000000d7100000)
  object space 57856K, 22% used [0x0000000085200000,0x0000000085eab148,0x0000000088a80000)
 Metaspace       used 34581K, capacity 35284K, committed 35416K, reserved 1079296K
  class space    used 4717K, capacity 4919K, committed 4992K, reserved 1048576K
Event: 7,611 GC heap after
Heap after GC invocations=6 (full 1):
 PSYoungGen      total 132096K, used 5111K [0x00000000d7100000, 0x00000000e2600000, 0x0000000100000000)
  eden space 126976K, 0% used [0x00000000d7100000,0x00000000d7100000,0x00000000ded00000)
  from space 5120K, 99% used [0x00000000ded00000,0x00000000df1fdf68,0x00000000df200000)
  to   space 11264K, 0% used [0x00000000e1b00000,0x00000000e1b00000,0x00000000e2600000)
 ParOldGen       total 57856K, used 13107K [0x0000000085200000, 0x0000000088a80000, 0x00000000d7100000)
  object space 57856K, 22% used [0x0000000085200000,0x0000000085eccc58,0x0000000088a80000)
 Metaspace       used 34581K, capacity 35284K, committed 35416K, reserved 1079296K
  class space    used 4717K, capacity 4919K, committed 4992K, reserved 1048576K
}
Event: 7,611 GC heap before
{Heap before GC invocations=7 (full 2):
 PSYoungGen      total 132096K, used 5111K [0x00000000d7100000, 0x00000000e2600000, 0x0000000100000000)
  eden space 126976K, 0% used [0x00000000d7100000,0x00000000d7100000,0x00000000ded00000)
  from space 5120K, 99% used [0x00000000ded00000,0x00000000df1fdf68,0x00000000df200000)
  to   space 11264K, 0% used [0x00000000e1b00000,0x00000000e1b00000,0x00000000e2600000)
 ParOldGen       total 57856K, used 13107K [0x0000000085200000, 0x0000000088a80000, 0x00000000d7100000)
  object space 57856K, 22% used [0x0000000085200000,0x0000000085eccc58,0x0000000088a80000)
 Metaspace       used 34581K, capacity 35284K, committed 35416K, reserved 1079296K
  class space    used 4717K, capacity 4919K, committed 4992K, reserved 1048576K
Event: 7,651 GC heap after
Heap after GC invocations=7 (full 2):
 PSYoungGen      total 132096K, used 0K [0x00000000d7100000, 0x00000000e2600000, 0x0000000100000000)
  eden space 126976K, 0% used [0x00000000d7100000,0x00000000d7100000,0x00000000ded00000)
  from space 5120K, 0% used [0x00000000ded00000,0x00000000ded00000,0x00000000df200000)
  to   space 11264K, 0% used [0x00000000e1b00000,0x00000000e1b00000,0x00000000e2600000)
 ParOldGen       total 71680K, used 10039K [0x0000000085200000, 0x0000000089800000, 0x00000000d7100000)
  object space 71680K, 14% used [0x0000000085200000,0x0000000085bcded8,0x0000000089800000)
 Metaspace       used 34581K, capacity 35284K, committed 35416K, reserved 1079296K
  class space    used 4717K, capacity 4919K, committed 4992K, reserved 1048576K
}

