# JRE version: Java(TM) SE Runtime Environment (8.0_131-b11) (build 1.8.0_131-b11)
# Java VM: Java HotSpot(TM) 64-Bit Server VM (25.131-b11 mixed mode linux-amd64 compressed oops)
Heap:
 PSYoungGen      total 132096K, used 96524K [0x00000000d7100000, 0x00000000e3580000, 0x0000000100000000)
  eden space 126976K, 76% used [0x00000000d7100000,0x00000000dcf43328,0x00000000ded00000)
  from space 5120K, 0% used [0x00000000ded00000,0x00000000ded00000,0x00000000df200000)
  to   space 11264K, 0% used [0x00000000e2a80000,0x00000000e2a80000,0x00000000e3580000)
 ParOldGen       total 67072K, used 9048K [0x0000000085200000, 0x0000000089380000, 0x00000000d7100000)
  object space 67072K, 13% used [0x0000000085200000,0x0000000085ad6018,0x0000000089380000)
 Metaspace       used 40644K, capacity 42240K, committed 42328K, reserved 1085440K
  class space    used 5606K, capacity 5915K, committed 5976K, reserved 1048576K
GC Heap History (10 events):
Event: 1,129 GC heap before
{Heap before GC invocations=3 (full 0):
 PSYoungGen      total 68608K, used 25275K [0x00000000d7100000, 0x00000000db900000, 0x0000000100000000)
  eden space 63488K, 31% used [0x00000000d7100000,0x00000000d84b0500,0x00000000daf00000)
  from space 5120K, 99% used [0x00000000db400000,0x00000000db8fe918,0x00000000db900000)
  to   space 5120K, 0% used [0x00000000daf00000,0x00000000daf00000,0x00000000db400000)
 ParOldGen       total 84992K, used 1414K [0x0000000085200000, 0x000000008a500000, 0x00000000d7100000)
  object space 84992K, 1% used [0x0000000085200000,0x0000000085361a40,0x000000008a500000)
 Metaspace       used 20650K, capacity 21068K, committed 21248K, reserved 1067008K
  class space    used 2616K, capacity 2743K, committed 2816K, reserved 1048576K
Event: 1,137 GC heap after
Heap after GC invocations=3 (full 0):
 PSYoungGen      total 68608K, used 5094K [0x00000000d7100000, 0x00000000df700000, 0x0000000100000000)
  eden space 63488K, 0% used [0x00000000d7100000,0x00000000d7100000,0x00000000daf00000)
  from space 5120K, 99% used [0x00000000daf00000,0x00000000db3f9a40,0x00000000db400000)
  to   space 5120K, 0% used [0x00000000df200000,0x00000000df200000,0x00000000df700000)
 ParOldGen       total 84992K, used 4142K [0x0000000085200000, 0x000000008a500000, 0x00000000d7100000)
  object space 84992K, 4% used [0x0000000085200000,0x000000008560b9a0,0x000000008a500000)
 Metaspace       used 20650K, capacity 21068K, committed 21248K, reserved 1067008K
  class space    used 2616K, capacity 2743K, committed 2816K, reserved 1048576K
}
Event: 1,137 GC heap before
{Heap before GC invocations=4 (full 1):
 PSYoungGen      total 68608K, used 5094K [0x00000000d7100000, 0x00000000df700000, 0x0000000100000000)
  eden space 63488K, 0% used [0x00000000d7100000,0x00000000d7100000,0x00000000daf00000)
  from space 5120K, 99% used [0x00000000daf00000,0x00000000db3f9a40,0x00000000db400000)
  to   space 5120K, 0% used [0x00000000df200000,0x00000000df200000,0x00000000df700000)
 ParOldGen       total 84992K, used 4142K [0x0000000085200000, 0x000000008a500000, 0x00000000d7100000)
  object space 84992K, 4% used [0x0000000085200000,0x000000008560b9a0,0x000000008a500000)
 Metaspace       used 20650K, capacity 21068K, committed 21248K, reserved 1067008K
  class space    used 2616K, capacity 2743K, committed 2816K, reserved 1048576K
Event: 1,161 GC heap after
Heap after GC invocations=4 (full 1):
 PSYoungGen      total 68608K, used 0K [0x00000000d7100000, 0x00000000df700000, 0x0000000100000000)
  eden space 63488K, 0% used [0x00000000d7100000,0x00000000d7100000,0x00000000daf00000)
  from space 5120K, 0% used [0x00000000daf00000,0x00000000daf00000,0x00000000db400000)
  to   space 5120K, 0% used [0x00000000df200000,0x00000000df200000,0x00000000df700000)
 ParOldGen       total 53760K, used 7684K [0x0000000085200000, 0x0000000088680000, 0x00000000d7100000)
  object space 53760K, 14% used [0x0000000085200000,0x00000000859811f8,0x0000000088680000)
 Metaspace       used 20650K, capacity 21068K, committed 21248K, reserved 1067008K
  class space    used 2616K, capacity 2743K, committed 2816K, reserved 1048576K
}
Event: 4,913 GC heap before
{Heap before GC invocations=5 (full 1):
 PSYoungGen      total 68608K, used 63488K [0x00000000d7100000, 0x00000000df700000, 0x0000000100000000)
  eden space 63488K, 100% used [0x00000000d7100000,0x00000000daf00000,0x00000000daf00000)
  from space 5120K, 0% used [0x00000000daf00000,0x00000000daf00000,0x00000000db400000)
  to   space 5120K, 0% used [0x00000000df200000,0x00000000df200000,0x00000000df700000)
 ParOldGen       total 53760K, used 7684K [0x0000000085200000, 0x0000000088680000, 0x00000000d7100000)
  object space 53760K, 14% used [0x0000000085200000,0x00000000859811f8,0x0000000088680000)
 Metaspace       used 34095K, capacity 34896K, committed 35072K, reserved 1079296K
  class space    used 4651K, capacity 4843K, committed 4864K, reserved 1048576K
Event: 4,921 GC heap after
Heap after GC invocations=5 (full 1):
 PSYoungGen      total 107008K, used 5110K [0x00000000d7100000, 0x00000000df700000, 0x0000000100000000)
  eden space 101888K, 0% used [0x00000000d7100000,0x00000000d7100000,0x00000000dd480000)
  from space 5120K, 99% used [0x00000000df200000,0x00000000df6fdba8,0x00000000df700000)
  to   space 5120K, 0% used [0x00000000ded00000,0x00000000ded00000,0x00000000df200000)
 ParOldGen       total 53760K, used 12807K [0x0000000085200000, 0x0000000088680000, 0x00000000d7100000)
  object space 53760K, 23% used [0x0000000085200000,0x0000000085e81e60,0x0000000088680000)
 Metaspace       used 34095K, capacity 34896K, committed 35072K, reserved 1079296K
  class space    used 4651K, capacity 4843K, committed 4864K, reserved 1048576K
}
Event: 4,958 GC heap before
{Heap before GC invocations=6 (full 1):
 PSYoungGen      total 107008K, used 8951K [0x00000000d7100000, 0x00000000df700000, 0x0000000100000000)
  eden space 101888K, 3% used [0x00000000d7100000,0x00000000d74c0240,0x00000000dd480000)
  from space 5120K, 99% used [0x00000000df200000,0x00000000df6fdba8,0x00000000df700000)
  to   space 5120K, 0% used [0x00000000ded00000,0x00000000ded00000,0x00000000df200000)
 ParOldGen       total 53760K, used 12807K [0x0000000085200000, 0x0000000088680000, 0x00000000d7100000)
  object space 53760K, 23% used [0x0000000085200000,0x0000000085e81e60,0x0000000088680000)
 Metaspace       used 34531K, capacity 35280K, committed 35416K, reserved 1079296K
  class space    used 4707K, capacity 4907K, committed 4952K, reserved 1048576K
Event: 4,964 GC heap after
Heap after GC invocations=6 (full 1):
 PSYoungGen      total 132096K, used 4038K [0x00000000d7100000, 0x00000000e3580000, 0x0000000100000000)
  eden space 126976K, 0% used [0x00000000d7100000,0x00000000d7100000,0x00000000ded00000)
  from space 5120K, 78% used [0x00000000ded00000,0x00000000df0f18f8,0x00000000df200000)
  to   space 11264K, 0% used [0x00000000e2a80000,0x00000000e2a80000,0x00000000e3580000)
 ParOldGen       total 53760K, used 12815K [0x0000000085200000, 0x0000000088680000, 0x00000000d7100000)
  object space 53760K, 23% used [0x0000000085200000,0x0000000085e83e60,0x0000000088680000)
 Metaspace       used 34531K, capacity 35280K, committed 35416K, reserved 1079296K
  class space    used 4707K, capacity 4907K, committed 4952K, reserved 1048576K
}
Event: 4,964 GC heap before
{Heap before GC invocations=7 (full 2):
 PSYoungGen      total 132096K, used 4038K [0x00000000d7100000, 0x00000000e3580000, 0x0000000100000000)
  eden space 126976K, 0% used [0x00000000d7100000,0x00000000d7100000,0x00000000ded00000)
  from space 5120K, 78% used [0x00000000ded00000,0x00000000df0f18f8,0x00000000df200000)
  to   space 11264K, 0% used [0x00000000e2a80000,0x00000000e2a80000,0x00000000e3580000)
 ParOldGen       total 53760K, used 12815K [0x0000000085200000, 0x0000000088680000, 0x00000000d7100000)
  object space 53760K, 23% used [0x0000000085200000,0x0000000085e83e60,0x0000000088680000)
 Metaspace       used 34531K, capacity 35280K, committed 35416K, reserved 1079296K
  class space    used 4707K, capacity 4907K, committed 4952K, reserved 1048576K
Event: 5,011 GC heap after
Heap after GC invocations=7 (full 2):
 PSYoungGen      total 132096K, used 0K [0x00000000d7100000, 0x00000000e3580000, 0x0000000100000000)
  eden space 126976K, 0% used [0x00000000d7100000,0x00000000d7100000,0x00000000ded00000)
  from space 5120K, 0% used [0x00000000ded00000,0x00000000ded00000,0x00000000df200000)
  to   space 11264K, 0% used [0x00000000e2a80000,0x00000000e2a80000,0x00000000e3580000)
 ParOldGen       total 67072K, used 9048K [0x0000000085200000, 0x0000000089380000, 0x00000000d7100000)
  object space 67072K, 13% used [0x0000000085200000,0x0000000085ad6018,0x0000000089380000)
 Metaspace       used 34531K, capacity 35280K, committed 35416K, reserved 1079296K
  class space    used 4707K, capacity 4907K, committed 4952K, reserved 1048576K
}

