# JRE version: Java(TM) SE Runtime Environment (8.0_131-b11) (build 1.8.0_131-b11)
# Java VM: Java HotSpot(TM) 64-Bit Server VM (25.131-b11 mixed mode linux-amd64 compressed oops)
Heap:
 PSYoungGen      total 132096K, used 69710K [0x00000000d7100000, 0x00000000e3b00000, 0x0000000100000000)
  eden space 126976K, 54% used [0x00000000d7100000,0x00000000db513b98,0x00000000ded00000)
  from space 5120K, 0% used [0x00000000ded00000,0x00000000ded00000,0x00000000df200000)
  to   space 11264K, 0% used [0x00000000e3000000,0x00000000e3000000,0x00000000e3b00000)
 ParOldGen       total 64512K, used 9183K [0x0000000085200000, 0x0000000089100000, 0x00000000d7100000)
  object space 64512K, 14% used [0x0000000085200000,0x0000000085af7ea0,0x0000000089100000)
 Metaspace       used 40755K, capacity 42294K, committed 42584K, reserved 1085440K
  class space    used 5605K, capacity 5922K, committed 6016K, reserved 1048576K
GC Heap History (10 events):
Event: 1,161 GC heap before
{Heap before GC invocations=3 (full 0):
 PSYoungGen      total 68608K, used 25314K [0x00000000d7100000, 0x00000000db900000, 0x0000000100000000)
  eden space 63488K, 31% used [0x00000000d7100000,0x00000000d84bef88,0x00000000daf00000)
  from space 5120K, 99% used [0x00000000db400000,0x00000000db8f9a28,0x00000000db900000)
  to   space 5120K, 0% used [0x00000000daf00000,0x00000000daf00000,0x00000000db400000)
 ParOldGen       total 84992K, used 1538K [0x0000000085200000, 0x000000008a500000, 0x00000000d7100000)
  object space 84992K, 1% used [0x0000000085200000,0x0000000085380ae0,0x000000008a500000)
 Metaspace       used 20654K, capacity 21068K, committed 21248K, reserved 1067008K
  class space    used 2616K, capacity 2743K, committed 2816K, reserved 1048576K
Event: 1,171 GC heap after
Heap after GC invocations=3 (full 0):
 PSYoungGen      total 68608K, used 5110K [0x00000000d7100000, 0x00000000df700000, 0x0000000100000000)
  eden space 63488K, 0% used [0x00000000d7100000,0x00000000d7100000,0x00000000daf00000)
  from space 5120K, 99% used [0x00000000daf00000,0x00000000db3fda10,0x00000000db400000)
  to   space 5120K, 0% used [0x00000000df200000,0x00000000df200000,0x00000000df700000)
 ParOldGen       total 84992K, used 4235K [0x0000000085200000, 0x000000008a500000, 0x00000000d7100000)
  object space 84992K, 4% used [0x0000000085200000,0x0000000085622c80,0x000000008a500000)
 Metaspace       used 20654K, capacity 21068K, committed 21248K, reserved 1067008K
  class space    used 2616K, capacity 2743K, committed 2816K, reserved 1048576K
}
Event: 1,171 GC heap before
{Heap before GC invocations=4 (full 1):
 PSYoungGen      total 68608K, used 5110K [0x00000000d7100000, 0x00000000df700000, 0x0000000100000000)
  eden space 63488K, 0% used [0x00000000d7100000,0x00000000d7100000,0x00000000daf00000)
  from space 5120K, 99% used [0x00000000daf00000,0x00000000db3fda10,0x00000000db400000)
  to   space 5120K, 0% used [0x00000000df200000,0x00000000df200000,0x00000000df700000)
 ParOldGen       total 84992K, used 4235K [0x0000000085200000, 0x000000008a500000, 0x00000000d7100000)
  object space 84992K, 4% used [0x0000000085200000,0x0000000085622c80,0x000000008a500000)
 Metaspace       used 20654K, capacity 21068K, committed 21248K, reserved 1067008K
  class space    used 2616K, capacity 2743K, committed 2816K, reserved 1048576K
Event: 1,196 GC heap after
Heap after GC invocations=4 (full 1):
 PSYoungGen      total 68608K, used 0K [0x00000000d7100000, 0x00000000df700000, 0x0000000100000000)
  eden space 63488K, 0% used [0x00000000d7100000,0x00000000d7100000,0x00000000daf00000)
  from space 5120K, 0% used [0x00000000daf00000,0x00000000daf00000,0x00000000db400000)
  to   space 5120K, 0% used [0x00000000df200000,0x00000000df200000,0x00000000df700000)
 ParOldGen       total 53248K, used 7686K [0x0000000085200000, 0x0000000088600000, 0x00000000d7100000)
  object space 53248K, 14% used [0x0000000085200000,0x0000000085981a50,0x0000000088600000)
 Metaspace       used 20654K, capacity 21068K, committed 21248K, reserved 1067008K
  class space    used 2616K, capacity 2743K, committed 2816K, reserved 1048576K
}
Event: 4,988 GC heap before
{Heap before GC invocations=5 (full 1):
 PSYoungGen      total 68608K, used 63488K [0x00000000d7100000, 0x00000000df700000, 0x0000000100000000)
  eden space 63488K, 100% used [0x00000000d7100000,0x00000000daf00000,0x00000000daf00000)
  from space 5120K, 0% used [0x00000000daf00000,0x00000000daf00000,0x00000000db400000)
  to   space 5120K, 0% used [0x00000000df200000,0x00000000df200000,0x00000000df700000)
 ParOldGen       total 53248K, used 7686K [0x0000000085200000, 0x0000000088600000, 0x00000000d7100000)
  object space 53248K, 14% used [0x0000000085200000,0x0000000085981a50,0x0000000088600000)
 Metaspace       used 34015K, capacity 34704K, committed 34816K, reserved 1079296K
  class space    used 4648K, capacity 4843K, committed 4864K, reserved 1048576K
Event: 4,998 GC heap after
Heap after GC invocations=5 (full 1):
 PSYoungGen      total 108544K, used 5111K [0x00000000d7100000, 0x00000000df700000, 0x0000000100000000)
  eden space 103424K, 0% used [0x00000000d7100000,0x00000000d7100000,0x00000000dd600000)
  from space 5120K, 99% used [0x00000000df200000,0x00000000df6fdf70,0x00000000df700000)
  to   space 5120K, 0% used [0x00000000ded00000,0x00000000ded00000,0x00000000df200000)
 ParOldGen       total 53248K, used 12783K [0x0000000085200000, 0x0000000088600000, 0x00000000d7100000)
  object space 53248K, 24% used [0x0000000085200000,0x0000000085e7bf80,0x0000000088600000)
 Metaspace       used 34015K, capacity 34704K, committed 34816K, reserved 1079296K
  class space    used 4648K, capacity 4843K, committed 4864K, reserved 1048576K
}
Event: 5,038 GC heap before
{Heap before GC invocations=6 (full 1):
 PSYoungGen      total 108544K, used 8997K [0x00000000d7100000, 0x00000000df700000, 0x0000000100000000)
  eden space 103424K, 3% used [0x00000000d7100000,0x00000000d74cb7c8,0x00000000dd600000)
  from space 5120K, 99% used [0x00000000df200000,0x00000000df6fdf70,0x00000000df700000)
  to   space 5120K, 0% used [0x00000000ded00000,0x00000000ded00000,0x00000000df200000)
 ParOldGen       total 53248K, used 12783K [0x0000000085200000, 0x0000000088600000, 0x00000000d7100000)
  object space 53248K, 24% used [0x0000000085200000,0x0000000085e7bf80,0x0000000088600000)
 Metaspace       used 34606K, capacity 35280K, committed 35416K, reserved 1079296K
  class space    used 4710K, capacity 4907K, committed 4992K, reserved 1048576K
Event: 5,048 GC heap after
Heap after GC invocations=6 (full 1):
 PSYoungGen      total 132096K, used 4162K [0x00000000d7100000, 0x00000000e3b00000, 0x0000000100000000)
  eden space 126976K, 0% used [0x00000000d7100000,0x00000000d7100000,0x00000000ded00000)
  from space 5120K, 81% used [0x00000000ded00000,0x00000000df110a78,0x00000000df200000)
  to   space 11264K, 0% used [0x00000000e3000000,0x00000000e3000000,0x00000000e3b00000)
 ParOldGen       total 53248K, used 12791K [0x0000000085200000, 0x0000000088600000, 0x00000000d7100000)
  object space 53248K, 24% used [0x0000000085200000,0x0000000085e7df80,0x0000000088600000)
 Metaspace       used 34606K, capacity 35280K, committed 35416K, reserved 1079296K
  class space    used 4710K, capacity 4907K, committed 4992K, reserved 1048576K
}
Event: 5,048 GC heap before
{Heap before GC invocations=7 (full 2):
 PSYoungGen      total 132096K, used 4162K [0x00000000d7100000, 0x00000000e3b00000, 0x0000000100000000)
  eden space 126976K, 0% used [0x00000000d7100000,0x00000000d7100000,0x00000000ded00000)
  from space 5120K, 81% used [0x00000000ded00000,0x00000000df110a78,0x00000000df200000)
  to   space 11264K, 0% used [0x00000000e3000000,0x00000000e3000000,0x00000000e3b00000)
 ParOldGen       total 53248K, used 12791K [0x0000000085200000, 0x0000000088600000, 0x00000000d7100000)
  object space 53248K, 24% used [0x0000000085200000,0x0000000085e7df80,0x0000000088600000)
 Metaspace       used 34606K, capacity 35280K, committed 35416K, reserved 1079296K
  class space    used 4710K, capacity 4907K, committed 4992K, reserved 1048576K
Event: 5,083 GC heap after
Heap after GC invocations=7 (full 2):
 PSYoungGen      total 132096K, used 0K [0x00000000d7100000, 0x00000000e3b00000, 0x0000000100000000)
  eden space 126976K, 0% used [0x00000000d7100000,0x00000000d7100000,0x00000000ded00000)
  from space 5120K, 0% used [0x00000000ded00000,0x00000000ded00000,0x00000000df200000)
  to   space 11264K, 0% used [0x00000000e3000000,0x00000000e3000000,0x00000000e3b00000)
 ParOldGen       total 64512K, used 9183K [0x0000000085200000, 0x0000000089100000, 0x00000000d7100000)
  object space 64512K, 14% used [0x0000000085200000,0x0000000085af7ea0,0x0000000089100000)
 Metaspace       used 34606K, capacity 35280K, committed 35416K, reserved 1079296K
  class space    used 4710K, capacity 4907K, committed 4992K, reserved 1048576K
}

