# JRE version: Java(TM) SE Runtime Environment (8.0_131-b11) (build 1.8.0_131-b11)
# Java VM: Java HotSpot(TM) 64-Bit Server VM (25.131-b11 mixed mode linux-amd64 compressed oops)
Heap:
 PSYoungGen      total 132096K, used 54836K [0x00000000d7100000, 0x00000000e2780000, 0x0000000100000000)
  eden space 126976K, 43% used [0x00000000d7100000,0x00000000da68d308,0x00000000ded00000)
  from space 5120K, 0% used [0x00000000ded00000,0x00000000ded00000,0x00000000df200000)
  to   space 11264K, 0% used [0x00000000e1c80000,0x00000000e1c80000,0x00000000e2780000)
 ParOldGen       total 71680K, used 9180K [0x0000000085200000, 0x0000000089800000, 0x00000000d7100000)
  object space 71680K, 12% used [0x0000000085200000,0x0000000085af71f0,0x0000000089800000)
 Metaspace       used 39546K, capacity 41002K, committed 41048K, reserved 1085440K
  class space    used 5487K, capacity 5760K, committed 5760K, reserved 1048576K
GC Heap History (10 events):
Event: 1,132 GC heap before
{Heap before GC invocations=3 (full 0):
 PSYoungGen      total 68608K, used 25335K [0x00000000d7100000, 0x00000000db900000, 0x0000000100000000)
  eden space 63488K, 31% used [0x00000000d7100000,0x00000000d84c3210,0x00000000daf00000)
  from space 5120K, 99% used [0x00000000db400000,0x00000000db8facf0,0x00000000db900000)
  to   space 5120K, 0% used [0x00000000daf00000,0x00000000daf00000,0x00000000db400000)
 ParOldGen       total 84992K, used 1412K [0x0000000085200000, 0x000000008a500000, 0x00000000d7100000)
  object space 84992K, 1% used [0x0000000085200000,0x00000000853611e0,0x000000008a500000)
 Metaspace       used 20649K, capacity 21068K, committed 21248K, reserved 1067008K
  class space    used 2616K, capacity 2743K, committed 2816K, reserved 1048576K
Event: 1,143 GC heap after
Heap after GC invocations=3 (full 0):
 PSYoungGen      total 68608K, used 5110K [0x00000000d7100000, 0x00000000df700000, 0x0000000100000000)
  eden space 63488K, 0% used [0x00000000d7100000,0x00000000d7100000,0x00000000daf00000)
  from space 5120K, 99% used [0x00000000daf00000,0x00000000db3fda30,0x00000000db400000)
  to   space 5120K, 0% used [0x00000000df200000,0x00000000df200000,0x00000000df700000)
 ParOldGen       total 84992K, used 4101K [0x0000000085200000, 0x000000008a500000, 0x00000000d7100000)
  object space 84992K, 4% used [0x0000000085200000,0x0000000085601628,0x000000008a500000)
 Metaspace       used 20649K, capacity 21068K, committed 21248K, reserved 1067008K
  class space    used 2616K, capacity 2743K, committed 2816K, reserved 1048576K
}
Event: 1,143 GC heap before
{Heap before GC invocations=4 (full 1):
 PSYoungGen      total 68608K, used 5110K [0x00000000d7100000, 0x00000000df700000, 0x0000000100000000)
  eden space 63488K, 0% used [0x00000000d7100000,0x00000000d7100000,0x00000000daf00000)
  from space 5120K, 99% used [0x00000000daf00000,0x00000000db3fda30,0x00000000db400000)
  to   space 5120K, 0% used [0x00000000df200000,0x00000000df200000,0x00000000df700000)
 ParOldGen       total 84992K, used 4101K [0x0000000085200000, 0x000000008a500000, 0x00000000d7100000)
  object space 84992K, 4% used [0x0000000085200000,0x0000000085601628,0x000000008a500000)
 Metaspace       used 20649K, capacity 21068K, committed 21248K, reserved 1067008K
  class space    used 2616K, capacity 2743K, committed 2816K, reserved 1048576K
Event: 1,175 GC heap after
Heap after GC invocations=4 (full 1):
 PSYoungGen      total 68608K, used 0K [0x00000000d7100000, 0x00000000df700000, 0x0000000100000000)
  eden space 63488K, 0% used [0x00000000d7100000,0x00000000d7100000,0x00000000daf00000)
  from space 5120K, 0% used [0x00000000daf00000,0x00000000daf00000,0x00000000db400000)
  to   space 5120K, 0% used [0x00000000df200000,0x00000000df200000,0x00000000df700000)
 ParOldGen       total 55808K, used 7684K [0x0000000085200000, 0x0000000088880000, 0x00000000d7100000)
  object space 55808K, 13% used [0x0000000085200000,0x0000000085981218,0x0000000088880000)
 Metaspace       used 20649K, capacity 21068K, committed 21248K, reserved 1067008K
  class space    used 2616K, capacity 2743K, committed 2816K, reserved 1048576K
}
Event: 4,945 GC heap before
{Heap before GC invocations=5 (full 1):
 PSYoungGen      total 68608K, used 63488K [0x00000000d7100000, 0x00000000df700000, 0x0000000100000000)
  eden space 63488K, 100% used [0x00000000d7100000,0x00000000daf00000,0x00000000daf00000)
  from space 5120K, 0% used [0x00000000daf00000,0x00000000daf00000,0x00000000db400000)
  to   space 5120K, 0% used [0x00000000df200000,0x00000000df200000,0x00000000df700000)
 ParOldGen       total 55808K, used 7684K [0x0000000085200000, 0x0000000088880000, 0x00000000d7100000)
  object space 55808K, 13% used [0x0000000085200000,0x0000000085981218,0x0000000088880000)
 Metaspace       used 34019K, capacity 34768K, committed 35072K, reserved 1079296K
  class space    used 4654K, capacity 4843K, committed 4864K, reserved 1048576K
Event: 4,955 GC heap after
Heap after GC invocations=5 (full 1):
 PSYoungGen      total 103424K, used 5119K [0x00000000d7100000, 0x00000000df700000, 0x0000000100000000)
  eden space 98304K, 0% used [0x00000000d7100000,0x00000000d7100000,0x00000000dd100000)
  from space 5120K, 99% used [0x00000000df200000,0x00000000df6ffd00,0x00000000df700000)
  to   space 5120K, 0% used [0x00000000ded00000,0x00000000ded00000,0x00000000df200000)
 ParOldGen       total 55808K, used 12850K [0x0000000085200000, 0x0000000088880000, 0x00000000d7100000)
  object space 55808K, 23% used [0x0000000085200000,0x0000000085e8c8d8,0x0000000088880000)
 Metaspace       used 34019K, capacity 34768K, committed 35072K, reserved 1079296K
  class space    used 4654K, capacity 4843K, committed 4864K, reserved 1048576K
}
Event: 4,992 GC heap before
{Heap before GC invocations=6 (full 1):
 PSYoungGen      total 103424K, used 8878K [0x00000000d7100000, 0x00000000df700000, 0x0000000100000000)
  eden space 98304K, 3% used [0x00000000d7100000,0x00000000d74abb10,0x00000000dd100000)
  from space 5120K, 99% used [0x00000000df200000,0x00000000df6ffd00,0x00000000df700000)
  to   space 5120K, 0% used [0x00000000ded00000,0x00000000ded00000,0x00000000df200000)
 ParOldGen       total 55808K, used 12850K [0x0000000085200000, 0x0000000088880000, 0x00000000d7100000)
  object space 55808K, 23% used [0x0000000085200000,0x0000000085e8c8d8,0x0000000088880000)
 Metaspace       used 34593K, capacity 35280K, committed 35416K, reserved 1079296K
  class space    used 4719K, capacity 4907K, committed 4992K, reserved 1048576K
Event: 4,997 GC heap after
Heap after GC invocations=6 (full 1):
 PSYoungGen      total 132096K, used 4179K [0x00000000d7100000, 0x00000000e2780000, 0x0000000100000000)
  eden space 126976K, 0% used [0x00000000d7100000,0x00000000d7100000,0x00000000ded00000)
  from space 5120K, 81% used [0x00000000ded00000,0x00000000df114c30,0x00000000df200000)
  to   space 11264K, 0% used [0x00000000e1c80000,0x00000000e1c80000,0x00000000e2780000)
 ParOldGen       total 55808K, used 12858K [0x0000000085200000, 0x0000000088880000, 0x00000000d7100000)
  object space 55808K, 23% used [0x0000000085200000,0x0000000085e8e8d8,0x0000000088880000)
 Metaspace       used 34593K, capacity 35280K, committed 35416K, reserved 1079296K
  class space    used 4719K, capacity 4907K, committed 4992K, reserved 1048576K
}
Event: 4,997 GC heap before
{Heap before GC invocations=7 (full 2):
 PSYoungGen      total 132096K, used 4179K [0x00000000d7100000, 0x00000000e2780000, 0x0000000100000000)
  eden space 126976K, 0% used [0x00000000d7100000,0x00000000d7100000,0x00000000ded00000)
  from space 5120K, 81% used [0x00000000ded00000,0x00000000df114c30,0x00000000df200000)
  to   space 11264K, 0% used [0x00000000e1c80000,0x00000000e1c80000,0x00000000e2780000)
 ParOldGen       total 55808K, used 12858K [0x0000000085200000, 0x0000000088880000, 0x00000000d7100000)
  object space 55808K, 23% used [0x0000000085200000,0x0000000085e8e8d8,0x0000000088880000)
 Metaspace       used 34593K, capacity 35280K, committed 35416K, reserved 1079296K
  class space    used 4719K, capacity 4907K, committed 4992K, reserved 1048576K
Event: 5,044 GC heap after
Heap after GC invocations=7 (full 2):
 PSYoungGen      total 132096K, used 0K [0x00000000d7100000, 0x00000000e2780000, 0x0000000100000000)
  eden space 126976K, 0% used [0x00000000d7100000,0x00000000d7100000,0x00000000ded00000)
  from space 5120K, 0% used [0x00000000ded00000,0x00000000ded00000,0x00000000df200000)
  to   space 11264K, 0% used [0x00000000e1c80000,0x00000000e1c80000,0x00000000e2780000)
 ParOldGen       total 71680K, used 9180K [0x0000000085200000, 0x0000000089800000, 0x00000000d7100000)
  object space 71680K, 12% used [0x0000000085200000,0x0000000085af71f0,0x0000000089800000)
 Metaspace       used 34593K, capacity 35280K, committed 35416K, reserved 1079296K
  class space    used 4719K, capacity 4907K, committed 4992K, reserved 1048576K
}

