# JRE version: Java(TM) SE Runtime Environment (8.0_131-b11) (build 1.8.0_131-b11)
# Java VM: Java HotSpot(TM) 64-Bit Server VM (25.131-b11 mixed mode linux-amd64 compressed oops)
Heap:
 PSYoungGen      total 132096K, used 70578K [0x00000000d7100000, 0x00000000e2e00000, 0x0000000100000000)
  eden space 126976K, 55% used [0x00000000d7100000,0x00000000db5ec8b0,0x00000000ded00000)
  from space 5120K, 0% used [0x00000000ded00000,0x00000000ded00000,0x00000000df200000)
  to   space 11264K, 0% used [0x00000000e2300000,0x00000000e2300000,0x00000000e2e00000)
 ParOldGen       total 68608K, used 9093K [0x0000000085200000, 0x0000000089500000, 0x00000000d7100000)
  object space 68608K, 13% used [0x0000000085200000,0x0000000085ae1480,0x0000000089500000)
 Metaspace       used 40609K, capacity 42184K, committed 42328K, reserved 1085440K
  class space    used 5606K, capacity 5893K, committed 5976K, reserved 1048576K
GC Heap History (10 events):
Event: 1,064 GC heap before
{Heap before GC invocations=3 (full 0):
 PSYoungGen      total 68608K, used 25299K [0x00000000d7100000, 0x00000000db900000, 0x0000000100000000)
  eden space 63488K, 31% used [0x00000000d7100000,0x00000000d84ba3e8,0x00000000daf00000)
  from space 5120K, 99% used [0x00000000db400000,0x00000000db8faa48,0x00000000db900000)
  to   space 5120K, 0% used [0x00000000daf00000,0x00000000daf00000,0x00000000db400000)
 ParOldGen       total 84992K, used 1557K [0x0000000085200000, 0x000000008a500000, 0x00000000d7100000)
  object space 84992K, 1% used [0x0000000085200000,0x0000000085385728,0x000000008a500000)
 Metaspace       used 20658K, capacity 21068K, committed 21248K, reserved 1067008K
  class space    used 2616K, capacity 2743K, committed 2816K, reserved 1048576K
Event: 1,076 GC heap after
Heap after GC invocations=3 (full 0):
 PSYoungGen      total 68608K, used 5094K [0x00000000d7100000, 0x00000000df700000, 0x0000000100000000)
  eden space 63488K, 0% used [0x00000000d7100000,0x00000000d7100000,0x00000000daf00000)
  from space 5120K, 99% used [0x00000000daf00000,0x00000000db3f9a20,0x00000000db400000)
  to   space 5120K, 0% used [0x00000000df200000,0x00000000df200000,0x00000000df700000)
 ParOldGen       total 84992K, used 4322K [0x0000000085200000, 0x000000008a500000, 0x00000000d7100000)
  object space 84992K, 5% used [0x0000000085200000,0x0000000085638b70,0x000000008a500000)
 Metaspace       used 20658K, capacity 21068K, committed 21248K, reserved 1067008K
  class space    used 2616K, capacity 2743K, committed 2816K, reserved 1048576K
}
Event: 1,076 GC heap before
{Heap before GC invocations=4 (full 1):
 PSYoungGen      total 68608K, used 5094K [0x00000000d7100000, 0x00000000df700000, 0x0000000100000000)
  eden space 63488K, 0% used [0x00000000d7100000,0x00000000d7100000,0x00000000daf00000)
  from space 5120K, 99% used [0x00000000daf00000,0x00000000db3f9a20,0x00000000db400000)
  to   space 5120K, 0% used [0x00000000df200000,0x00000000df200000,0x00000000df700000)
 ParOldGen       total 84992K, used 4322K [0x0000000085200000, 0x000000008a500000, 0x00000000d7100000)
  object space 84992K, 5% used [0x0000000085200000,0x0000000085638b70,0x000000008a500000)
 Metaspace       used 20658K, capacity 21068K, committed 21248K, reserved 1067008K
  class space    used 2616K, capacity 2743K, committed 2816K, reserved 1048576K
Event: 1,104 GC heap after
Heap after GC invocations=4 (full 1):
 PSYoungGen      total 68608K, used 0K [0x00000000d7100000, 0x00000000df700000, 0x0000000100000000)
  eden space 63488K, 0% used [0x00000000d7100000,0x00000000d7100000,0x00000000daf00000)
  from space 5120K, 0% used [0x00000000daf00000,0x00000000daf00000,0x00000000db400000)
  to   space 5120K, 0% used [0x00000000df200000,0x00000000df200000,0x00000000df700000)
 ParOldGen       total 54784K, used 7685K [0x0000000085200000, 0x0000000088780000, 0x00000000d7100000)
  object space 54784K, 14% used [0x0000000085200000,0x00000000859815f0,0x0000000088780000)
 Metaspace       used 20658K, capacity 21068K, committed 21248K, reserved 1067008K
  class space    used 2616K, capacity 2743K, committed 2816K, reserved 1048576K
}
Event: 4,841 GC heap before
{Heap before GC invocations=5 (full 1):
 PSYoungGen      total 68608K, used 63488K [0x00000000d7100000, 0x00000000df700000, 0x0000000100000000)
  eden space 63488K, 100% used [0x00000000d7100000,0x00000000daf00000,0x00000000daf00000)
  from space 5120K, 0% used [0x00000000daf00000,0x00000000daf00000,0x00000000db400000)
  to   space 5120K, 0% used [0x00000000df200000,0x00000000df200000,0x00000000df700000)
 ParOldGen       total 54784K, used 7685K [0x0000000085200000, 0x0000000088780000, 0x00000000d7100000)
  object space 54784K, 14% used [0x0000000085200000,0x00000000859815f0,0x0000000088780000)
 Metaspace       used 34004K, capacity 34764K, committed 35072K, reserved 1079296K
  class space    used 4646K, capacity 4843K, committed 4864K, reserved 1048576K
Event: 4,850 GC heap after
Heap after GC invocations=5 (full 1):
 PSYoungGen      total 105472K, used 5105K [0x00000000d7100000, 0x00000000df700000, 0x0000000100000000)
  eden space 100352K, 0% used [0x00000000d7100000,0x00000000d7100000,0x00000000dd300000)
  from space 5120K, 99% used [0x00000000df200000,0x00000000df6fc7f8,0x00000000df700000)
  to   space 5120K, 0% used [0x00000000ded00000,0x00000000ded00000,0x00000000df200000)
 ParOldGen       total 54784K, used 12615K [0x0000000085200000, 0x0000000088780000, 0x00000000d7100000)
  object space 54784K, 23% used [0x0000000085200000,0x0000000085e51db0,0x0000000088780000)
 Metaspace       used 34004K, capacity 34764K, committed 35072K, reserved 1079296K
  class space    used 4646K, capacity 4843K, committed 4864K, reserved 1048576K
}
Event: 4,888 GC heap before
{Heap before GC invocations=6 (full 1):
 PSYoungGen      total 105472K, used 8895K [0x00000000d7100000, 0x00000000df700000, 0x0000000100000000)
  eden space 100352K, 3% used [0x00000000d7100000,0x00000000d74b37b0,0x00000000dd300000)
  from space 5120K, 99% used [0x00000000df200000,0x00000000df6fc7f8,0x00000000df700000)
  to   space 5120K, 0% used [0x00000000ded00000,0x00000000ded00000,0x00000000df200000)
 ParOldGen       total 54784K, used 12615K [0x0000000085200000, 0x0000000088780000, 0x00000000d7100000)
  object space 54784K, 23% used [0x0000000085200000,0x0000000085e51db0,0x0000000088780000)
 Metaspace       used 34528K, capacity 35276K, committed 35416K, reserved 1079296K
  class space    used 4709K, capacity 4907K, committed 4952K, reserved 1048576K
Event: 4,894 GC heap after
Heap after GC invocations=6 (full 1):
 PSYoungGen      total 132096K, used 4132K [0x00000000d7100000, 0x00000000e2e00000, 0x0000000100000000)
  eden space 126976K, 0% used [0x00000000d7100000,0x00000000d7100000,0x00000000ded00000)
  from space 5120K, 80% used [0x00000000ded00000,0x00000000df1093c0,0x00000000df200000)
  to   space 11264K, 0% used [0x00000000e2300000,0x00000000e2300000,0x00000000e2e00000)
 ParOldGen       total 54784K, used 12623K [0x0000000085200000, 0x0000000088780000, 0x00000000d7100000)
  object space 54784K, 23% used [0x0000000085200000,0x0000000085e53db0,0x0000000088780000)
 Metaspace       used 34528K, capacity 35276K, committed 35416K, reserved 1079296K
  class space    used 4709K, capacity 4907K, committed 4952K, reserved 1048576K
}
Event: 4,894 GC heap before
{Heap before GC invocations=7 (full 2):
 PSYoungGen      total 132096K, used 4132K [0x00000000d7100000, 0x00000000e2e00000, 0x0000000100000000)
  eden space 126976K, 0% used [0x00000000d7100000,0x00000000d7100000,0x00000000ded00000)
  from space 5120K, 80% used [0x00000000ded00000,0x00000000df1093c0,0x00000000df200000)
  to   space 11264K, 0% used [0x00000000e2300000,0x00000000e2300000,0x00000000e2e00000)
 ParOldGen       total 54784K, used 12623K [0x0000000085200000, 0x0000000088780000, 0x00000000d7100000)
  object space 54784K, 23% used [0x0000000085200000,0x0000000085e53db0,0x0000000088780000)
 Metaspace       used 34528K, capacity 35276K, committed 35416K, reserved 1079296K
  class space    used 4709K, capacity 4907K, committed 4952K, reserved 1048576K
Event: 4,936 GC heap after
Heap after GC invocations=7 (full 2):
 PSYoungGen      total 132096K, used 0K [0x00000000d7100000, 0x00000000e2e00000, 0x0000000100000000)
  eden space 126976K, 0% used [0x00000000d7100000,0x00000000d7100000,0x00000000ded00000)
  from space 5120K, 0% used [0x00000000ded00000,0x00000000ded00000,0x00000000df200000)
  to   space 11264K, 0% used [0x00000000e2300000,0x00000000e2300000,0x00000000e2e00000)
 ParOldGen       total 68608K, used 9093K [0x0000000085200000, 0x0000000089500000, 0x00000000d7100000)
  object space 68608K, 13% used [0x0000000085200000,0x0000000085ae1480,0x0000000089500000)
 Metaspace       used 34528K, capacity 35276K, committed 35416K, reserved 1079296K
  class space    used 4709K, capacity 4907K, committed 4952K, reserved 1048576K
}

