# JRE version: Java(TM) SE Runtime Environment (8.0_131-b11) (build 1.8.0_131-b11)
# Java VM: Java HotSpot(TM) 64-Bit Server VM (25.131-b11 mixed mode linux-amd64 compressed oops)
Heap:
 PSYoungGen      total 132096K, used 69957K [0x00000000d7100000, 0x00000000e4280000, 0x0000000100000000)
  eden space 126976K, 55% used [0x00000000d7100000,0x00000000db551410,0x00000000ded00000)
  from space 5120K, 0% used [0x00000000ded00000,0x00000000ded00000,0x00000000df200000)
  to   space 11776K, 0% used [0x00000000e3700000,0x00000000e3700000,0x00000000e4280000)
 ParOldGen       total 62464K, used 9102K [0x0000000085200000, 0x0000000088f00000, 0x00000000d7100000)
  object space 62464K, 14% used [0x0000000085200000,0x0000000085ae3b60,0x0000000088f00000)
 Metaspace       used 40115K, capacity 41610K, committed 41816K, reserved 1085440K
  class space    used 5570K, capacity 5856K, committed 5976K, reserved 1048576K
GC Heap History (10 events):
Event: 1,072 GC heap before
{Heap before GC invocations=3 (full 0):
 PSYoungGen      total 68608K, used 25262K [0x00000000d7100000, 0x00000000db900000, 0x0000000100000000)
  eden space 63488K, 31% used [0x00000000d7100000,0x00000000d84ad070,0x00000000daf00000)
  from space 5120K, 99% used [0x00000000db400000,0x00000000db8fea48,0x00000000db900000)
  to   space 5120K, 0% used [0x00000000daf00000,0x00000000daf00000,0x00000000db400000)
 ParOldGen       total 84992K, used 1593K [0x0000000085200000, 0x000000008a500000, 0x00000000d7100000)
  object space 84992K, 1% used [0x0000000085200000,0x000000008538e420,0x000000008a500000)
 Metaspace       used 20646K, capacity 21068K, committed 21248K, reserved 1067008K
  class space    used 2616K, capacity 2743K, committed 2816K, reserved 1048576K
Event: 1,082 GC heap after
Heap after GC invocations=3 (full 0):
 PSYoungGen      total 68608K, used 5110K [0x00000000d7100000, 0x00000000df700000, 0x0000000100000000)
  eden space 63488K, 0% used [0x00000000d7100000,0x00000000d7100000,0x00000000daf00000)
  from space 5120K, 99% used [0x00000000daf00000,0x00000000db3fda30,0x00000000db400000)
  to   space 5120K, 0% used [0x00000000df200000,0x00000000df200000,0x00000000df700000)
 ParOldGen       total 84992K, used 4412K [0x0000000085200000, 0x000000008a500000, 0x00000000d7100000)
  object space 84992K, 5% used [0x0000000085200000,0x000000008564f0e8,0x000000008a500000)
 Metaspace       used 20646K, capacity 21068K, committed 21248K, reserved 1067008K
  class space    used 2616K, capacity 2743K, committed 2816K, reserved 1048576K
}
Event: 1,082 GC heap before
{Heap before GC invocations=4 (full 1):
 PSYoungGen      total 68608K, used 5110K [0x00000000d7100000, 0x00000000df700000, 0x0000000100000000)
  eden space 63488K, 0% used [0x00000000d7100000,0x00000000d7100000,0x00000000daf00000)
  from space 5120K, 99% used [0x00000000daf00000,0x00000000db3fda30,0x00000000db400000)
  to   space 5120K, 0% used [0x00000000df200000,0x00000000df200000,0x00000000df700000)
 ParOldGen       total 84992K, used 4412K [0x0000000085200000, 0x000000008a500000, 0x00000000d7100000)
  object space 84992K, 5% used [0x0000000085200000,0x000000008564f0e8,0x000000008a500000)
 Metaspace       used 20646K, capacity 21068K, committed 21248K, reserved 1067008K
  class space    used 2616K, capacity 2743K, committed 2816K, reserved 1048576K
Event: 1,106 GC heap after
Heap after GC invocations=4 (full 1):
 PSYoungGen      total 68608K, used 0K [0x00000000d7100000, 0x00000000df700000, 0x0000000100000000)
  eden space 63488K, 0% used [0x00000000d7100000,0x00000000d7100000,0x00000000daf00000)
  from space 5120K, 0% used [0x00000000daf00000,0x00000000daf00000,0x00000000db400000)
  to   space 5120K, 0% used [0x00000000df200000,0x00000000df200000,0x00000000df700000)
 ParOldGen       total 51712K, used 7685K [0x0000000085200000, 0x0000000088480000, 0x00000000d7100000)
  object space 51712K, 14% used [0x0000000085200000,0x0000000085981490,0x0000000088480000)
 Metaspace       used 20646K, capacity 21068K, committed 21248K, reserved 1067008K
  class space    used 2616K, capacity 2743K, committed 2816K, reserved 1048576K
}
Event: 4,860 GC heap before
{Heap before GC invocations=5 (full 1):
 PSYoungGen      total 68608K, used 63488K [0x00000000d7100000, 0x00000000df700000, 0x0000000100000000)
  eden space 63488K, 100% used [0x00000000d7100000,0x00000000daf00000,0x00000000daf00000)
  from space 5120K, 0% used [0x00000000daf00000,0x00000000daf00000,0x00000000db400000)
  to   space 5120K, 0% used [0x00000000df200000,0x00000000df200000,0x00000000df700000)
 ParOldGen       total 51712K, used 7685K [0x0000000085200000, 0x0000000088480000, 0x00000000d7100000)
  object space 51712K, 14% used [0x0000000085200000,0x0000000085981490,0x0000000088480000)
 Metaspace       used 34104K, capacity 34896K, committed 35072K, reserved 1079296K
  class space    used 4654K, capacity 4843K, committed 4864K, reserved 1048576K
Event: 4,869 GC heap after
Heap after GC invocations=5 (full 1):
 PSYoungGen      total 111616K, used 5113K [0x00000000d7100000, 0x00000000df700000, 0x0000000100000000)
  eden space 106496K, 0% used [0x00000000d7100000,0x00000000d7100000,0x00000000dd900000)
  from space 5120K, 99% used [0x00000000df200000,0x00000000df6fe718,0x00000000df700000)
  to   space 5120K, 0% used [0x00000000ded00000,0x00000000ded00000,0x00000000df200000)
 ParOldGen       total 51712K, used 12791K [0x0000000085200000, 0x0000000088480000, 0x00000000d7100000)
  object space 51712K, 24% used [0x0000000085200000,0x0000000085e7dd68,0x0000000088480000)
 Metaspace       used 34104K, capacity 34896K, committed 35072K, reserved 1079296K
  class space    used 4654K, capacity 4843K, committed 4864K, reserved 1048576K
}
Event: 4,898 GC heap before
{Heap before GC invocations=6 (full 1):
 PSYoungGen      total 111616K, used 9158K [0x00000000d7100000, 0x00000000df700000, 0x0000000100000000)
  eden space 106496K, 3% used [0x00000000d7100000,0x00000000d74f3128,0x00000000dd900000)
  from space 5120K, 99% used [0x00000000df200000,0x00000000df6fe718,0x00000000df700000)
  to   space 5120K, 0% used [0x00000000ded00000,0x00000000ded00000,0x00000000df200000)
 ParOldGen       total 51712K, used 12791K [0x0000000085200000, 0x0000000088480000, 0x00000000d7100000)
  object space 51712K, 24% used [0x0000000085200000,0x0000000085e7dd68,0x0000000088480000)
 Metaspace       used 34529K, capacity 35280K, committed 35416K, reserved 1079296K
  class space    used 4708K, capacity 4907K, committed 4952K, reserved 1048576K
Event: 4,905 GC heap after
Heap after GC invocations=6 (full 1):
 PSYoungGen      total 132096K, used 3964K [0x00000000d7100000, 0x00000000e4280000, 0x0000000100000000)
  eden space 126976K, 0% used [0x00000000d7100000,0x00000000d7100000,0x00000000ded00000)
  from space 5120K, 77% used [0x00000000ded00000,0x00000000df0df310,0x00000000df200000)
  to   space 11776K, 0% used [0x00000000e3700000,0x00000000e3700000,0x00000000e4280000)
 ParOldGen       total 51712K, used 12791K [0x0000000085200000, 0x0000000088480000, 0x00000000d7100000)
  object space 51712K, 24% used [0x0000000085200000,0x0000000085e7dd68,0x0000000088480000)
 Metaspace       used 34529K, capacity 35280K, committed 35416K, reserved 1079296K
  class space    used 4708K, capacity 4907K, committed 4952K, reserved 1048576K
}
Event: 4,905 GC heap before
{Heap before GC invocations=7 (full 2):
 PSYoungGen      total 132096K, used 3964K [0x00000000d7100000, 0x00000000e4280000, 0x0000000100000000)
  eden space 126976K, 0% used [0x00000000d7100000,0x00000000d7100000,0x00000000ded00000)
  from space 5120K, 77% used [0x00000000ded00000,0x00000000df0df310,0x00000000df200000)
  to   space 11776K, 0% used [0x00000000e3700000,0x00000000e3700000,0x00000000e4280000)
 ParOldGen       total 51712K, used 12791K [0x0000000085200000, 0x0000000088480000, 0x00000000d7100000)
  object space 51712K, 24% used [0x0000000085200000,0x0000000085e7dd68,0x0000000088480000)
 Metaspace       used 34529K, capacity 35280K, committed 35416K, reserved 1079296K
  class space    used 4708K, capacity 4907K, committed 4952K, reserved 1048576K
Event: 4,946 GC heap after
Heap after GC invocations=7 (full 2):
 PSYoungGen      total 132096K, used 0K [0x00000000d7100000, 0x00000000e4280000, 0x0000000100000000)
  eden space 126976K, 0% used [0x00000000d7100000,0x00000000d7100000,0x00000000ded00000)
  from space 5120K, 0% used [0x00000000ded00000,0x00000000ded00000,0x00000000df200000)
  to   space 11776K, 0% used [0x00000000e3700000,0x00000000e3700000,0x00000000e4280000)
 ParOldGen       total 62464K, used 9102K [0x0000000085200000, 0x0000000088f00000, 0x00000000d7100000)
  object space 62464K, 14% used [0x0000000085200000,0x0000000085ae3b60,0x0000000088f00000)
 Metaspace       used 34529K, capacity 35280K, committed 35416K, reserved 1079296K
  class space    used 4708K, capacity 4907K, committed 4952K, reserved 1048576K
}

